2024-05-25 15:00:33.295 | INFO     | __main__:<module>:67 - start training
2024-05-25 15:00:33.295 | INFO     | __main__:<module>:68 - seed: 2023
2024-05-25 15:00:34.445 | INFO     | __main__:<module>:93 - epoch: 0, loss: 0.7993640899658203, metrics: top1: 0 top5: 0 top10: 0 top50: 0 top100: 0 top500: 0
2024-05-25 15:00:34.480 | INFO     | __main__:<module>:93 - epoch: 0, loss: 0.79702228307724, metrics: top1: 0 top5: 0 top10: 0 top50: 0 top100: 0 top500: 0
2024-05-25 15:00:34.497 | INFO     | __main__:<module>:93 - epoch: 0, loss: 0.8038091063499451, metrics: top1: 0 top5: 0 top10: 0 top50: 0 top100: 0 top500: 0
2024-05-25 15:00:34.514 | INFO     | __main__:<module>:93 - epoch: 0, loss: 0.7944923639297485, metrics: top1: 0 top5: 0 top10: 0 top50: 0 top100: 0 top500: 0
2024-05-25 15:00:34.530 | INFO     | __main__:<module>:93 - epoch: 0, loss: 0.7965179681777954, metrics: top1: 0 top5: 0 top10: 0 top50: 0 top100: 0 top500: 0
2024-05-25 15:00:34.548 | INFO     | __main__:<module>:93 - epoch: 0, loss: 0.793774425983429, metrics: top1: 0 top5: 0 top10: 0 top50: 0 top100: 0 top500: 0
2024-05-25 15:00:34.575 | INFO     | __main__:<module>:93 - epoch: 0, loss: 0.7834016680717468, metrics: top1: 0 top5: 0 top10: 0 top50: 0 top100: 0 top500: 0
2024-05-25 15:00:34.594 | INFO     | __main__:<module>:93 - epoch: 0, loss: 0.7764729857444763, metrics: top1: 0 top5: 0 top10: 0 top50: 0 top100: 0 top500: 0
2024-05-25 15:00:34.611 | INFO     | __main__:<module>:93 - epoch: 0, loss: 0.784188449382782, metrics: top1: 0 top5: 0 top10: 0 top50: 0 top100: 0 top500: 0
2024-05-25 15:00:34.642 | INFO     | __main__:<module>:93 - epoch: 0, loss: 0.7704991698265076, metrics: top1: 0 top5: 0 top10: 0 top50: 0 top100: 0 top500: 0
2024-05-25 15:00:34.664 | INFO     | __main__:<module>:93 - epoch: 0, loss: 0.7602638006210327, metrics: top1: 0 top5: 0 top10: 0 top50: 0 top100: 0 top500: 0
2024-05-25 15:00:34.682 | INFO     | __main__:<module>:93 - epoch: 0, loss: 0.7511557340621948, metrics: top1: 0 top5: 0 top10: 0 top50: 0 top100: 0 top500: 0
2024-05-25 15:00:34.699 | INFO     | __main__:<module>:93 - epoch: 0, loss: 0.7394838333129883, metrics: top1: 0 top5: 0 top10: 0 top50: 0 top100: 0 top500: 0
2024-05-25 15:00:34.718 | INFO     | __main__:<module>:93 - epoch: 0, loss: 0.7213321924209595, metrics: top1: 0 top5: 0 top10: 0 top50: 0 top100: 0 top500: 0
2024-05-25 15:00:34.736 | INFO     | __main__:<module>:93 - epoch: 0, loss: 0.7003120183944702, metrics: top1: 0 top5: 0 top10: 0 top50: 0 top100: 0 top500: 0
2024-05-25 15:00:34.753 | INFO     | __main__:<module>:93 - epoch: 0, loss: 0.680342972278595, metrics: top1: 0 top5: 0 top10: 0 top50: 0 top100: 0 top500: 0
2024-05-25 15:00:34.770 | INFO     | __main__:<module>:93 - epoch: 0, loss: 0.6716533899307251, metrics: top1: 0 top5: 0 top10: 0 top50: 0 top100: 0 top500: 0
2024-05-25 15:00:34.796 | INFO     | __main__:<module>:93 - epoch: 0, loss: 0.6318570971488953, metrics: top1: 0 top5: 0 top10: 0 top50: 0 top100: 0 top500: 0
2024-05-25 15:00:34.816 | INFO     | __main__:<module>:93 - epoch: 0, loss: 0.5900198817253113, metrics: top1: 0 top5: 0 top10: 0 top50: 0 top100: 0 top500: 0
2024-05-25 15:00:34.847 | INFO     | __main__:<module>:93 - epoch: 0, loss: 0.595146656036377, metrics: top1: 0 top5: 0 top10: 0 top50: 0 top100: 0 top500: 0
2024-05-25 15:00:34.866 | INFO     | __main__:<module>:93 - epoch: 0, loss: 0.5435109734535217, metrics: top1: 0 top5: 0 top10: 0 top50: 0 top100: 0 top500: 0
2024-05-25 15:00:34.883 | INFO     | __main__:<module>:93 - epoch: 0, loss: 0.5187360644340515, metrics: top1: 0 top5: 0 top10: 0 top50: 0 top100: 0 top500: 0
2024-05-25 15:00:34.901 | INFO     | __main__:<module>:93 - epoch: 0, loss: 0.49413400888442993, metrics: top1: 0 top5: 0 top10: 0 top50: 0 top100: 0 top500: 0
2024-05-25 15:00:34.971 | INFO     | __main__:<module>:93 - epoch: 0, loss: 0.5121155977249146, metrics: top1: 0 top5: 0 top10: 0 top50: 0 top100: 0 top500: 0
2024-05-25 15:00:36.599 | INFO     | __main__:<module>:93 - epoch: 1, loss: 0.5833717584609985, metrics: top1: 0.44 top5: 0.397 top10: 0.357 top50: 0.337 top100: 0.351 top500: 0.547
2024-05-25 15:00:36.628 | INFO     | __main__:<module>:93 - epoch: 1, loss: 0.5176699757575989, metrics: top1: 0.44 top5: 0.397 top10: 0.357 top50: 0.337 top100: 0.351 top500: 0.547
2024-05-25 15:00:36.659 | INFO     | __main__:<module>:93 - epoch: 1, loss: 0.5143334865570068, metrics: top1: 0.44 top5: 0.397 top10: 0.357 top50: 0.337 top100: 0.351 top500: 0.547
2024-05-25 15:00:36.681 | INFO     | __main__:<module>:93 - epoch: 1, loss: 0.5542010068893433, metrics: top1: 0.44 top5: 0.397 top10: 0.357 top50: 0.337 top100: 0.351 top500: 0.547
2024-05-25 15:00:36.697 | INFO     | __main__:<module>:93 - epoch: 1, loss: 0.5017077326774597, metrics: top1: 0.44 top5: 0.397 top10: 0.357 top50: 0.337 top100: 0.351 top500: 0.547
2024-05-25 15:00:36.713 | INFO     | __main__:<module>:93 - epoch: 1, loss: 0.4952335059642792, metrics: top1: 0.44 top5: 0.397 top10: 0.357 top50: 0.337 top100: 0.351 top500: 0.547
2024-05-25 15:00:36.730 | INFO     | __main__:<module>:93 - epoch: 1, loss: 0.5115612149238586, metrics: top1: 0.44 top5: 0.397 top10: 0.357 top50: 0.337 top100: 0.351 top500: 0.547
2024-05-25 15:00:36.747 | INFO     | __main__:<module>:93 - epoch: 1, loss: 0.4478308856487274, metrics: top1: 0.44 top5: 0.397 top10: 0.357 top50: 0.337 top100: 0.351 top500: 0.547
2024-05-25 15:00:36.764 | INFO     | __main__:<module>:93 - epoch: 1, loss: 0.5132758021354675, metrics: top1: 0.44 top5: 0.397 top10: 0.357 top50: 0.337 top100: 0.351 top500: 0.547
2024-05-25 15:00:36.781 | INFO     | __main__:<module>:93 - epoch: 1, loss: 0.4919183850288391, metrics: top1: 0.44 top5: 0.397 top10: 0.357 top50: 0.337 top100: 0.351 top500: 0.547
2024-05-25 15:00:36.798 | INFO     | __main__:<module>:93 - epoch: 1, loss: 0.5078772306442261, metrics: top1: 0.44 top5: 0.397 top10: 0.357 top50: 0.337 top100: 0.351 top500: 0.547
2024-05-25 15:00:36.814 | INFO     | __main__:<module>:93 - epoch: 1, loss: 0.49288204312324524, metrics: top1: 0.44 top5: 0.397 top10: 0.357 top50: 0.337 top100: 0.351 top500: 0.547
2024-05-25 15:00:36.831 | INFO     | __main__:<module>:93 - epoch: 1, loss: 0.48084592819213867, metrics: top1: 0.44 top5: 0.397 top10: 0.357 top50: 0.337 top100: 0.351 top500: 0.547
2024-05-25 15:00:36.853 | INFO     | __main__:<module>:93 - epoch: 1, loss: 0.488320529460907, metrics: top1: 0.44 top5: 0.397 top10: 0.357 top50: 0.337 top100: 0.351 top500: 0.547
2024-05-25 15:00:36.870 | INFO     | __main__:<module>:93 - epoch: 1, loss: 0.5475119948387146, metrics: top1: 0.44 top5: 0.397 top10: 0.357 top50: 0.337 top100: 0.351 top500: 0.547
2024-05-25 15:00:36.887 | INFO     | __main__:<module>:93 - epoch: 1, loss: 0.5023210048675537, metrics: top1: 0.44 top5: 0.397 top10: 0.357 top50: 0.337 top100: 0.351 top500: 0.547
2024-05-25 15:00:36.915 | INFO     | __main__:<module>:93 - epoch: 1, loss: 0.46898454427719116, metrics: top1: 0.44 top5: 0.397 top10: 0.357 top50: 0.337 top100: 0.351 top500: 0.547
2024-05-25 15:00:36.940 | INFO     | __main__:<module>:93 - epoch: 1, loss: 0.4600987434387207, metrics: top1: 0.44 top5: 0.397 top10: 0.357 top50: 0.337 top100: 0.351 top500: 0.547
2024-05-25 15:00:36.965 | INFO     | __main__:<module>:93 - epoch: 1, loss: 0.4296073615550995, metrics: top1: 0.44 top5: 0.397 top10: 0.357 top50: 0.337 top100: 0.351 top500: 0.547
2024-05-25 15:00:36.982 | INFO     | __main__:<module>:93 - epoch: 1, loss: 0.49368464946746826, metrics: top1: 0.44 top5: 0.397 top10: 0.357 top50: 0.337 top100: 0.351 top500: 0.547
2024-05-25 15:00:37.012 | INFO     | __main__:<module>:93 - epoch: 1, loss: 0.42209434509277344, metrics: top1: 0.44 top5: 0.397 top10: 0.357 top50: 0.337 top100: 0.351 top500: 0.547
2024-05-25 15:00:37.029 | INFO     | __main__:<module>:93 - epoch: 1, loss: 0.45544376969337463, metrics: top1: 0.44 top5: 0.397 top10: 0.357 top50: 0.337 top100: 0.351 top500: 0.547
2024-05-25 15:00:37.058 | INFO     | __main__:<module>:93 - epoch: 1, loss: 0.4949389398097992, metrics: top1: 0.44 top5: 0.397 top10: 0.357 top50: 0.337 top100: 0.351 top500: 0.547
2024-05-25 15:00:37.069 | INFO     | __main__:<module>:93 - epoch: 1, loss: 0.45376724004745483, metrics: top1: 0.44 top5: 0.397 top10: 0.357 top50: 0.337 top100: 0.351 top500: 0.547
2024-05-25 15:00:37.252 | INFO     | __main__:<module>:93 - epoch: 2, loss: 0.4359701871871948, metrics: top1: 0.44 top5: 0.397 top10: 0.357 top50: 0.337 top100: 0.351 top500: 0.547
2024-05-25 15:00:37.272 | INFO     | __main__:<module>:93 - epoch: 2, loss: 0.4084876775741577, metrics: top1: 0.44 top5: 0.397 top10: 0.357 top50: 0.337 top100: 0.351 top500: 0.547
2024-05-25 15:00:37.301 | INFO     | __main__:<module>:93 - epoch: 2, loss: 0.4426124095916748, metrics: top1: 0.44 top5: 0.397 top10: 0.357 top50: 0.337 top100: 0.351 top500: 0.547
2024-05-25 15:00:37.319 | INFO     | __main__:<module>:93 - epoch: 2, loss: 0.4627736806869507, metrics: top1: 0.44 top5: 0.397 top10: 0.357 top50: 0.337 top100: 0.351 top500: 0.547
2024-05-25 15:00:37.352 | INFO     | __main__:<module>:93 - epoch: 2, loss: 0.4552709460258484, metrics: top1: 0.44 top5: 0.397 top10: 0.357 top50: 0.337 top100: 0.351 top500: 0.547
2024-05-25 15:00:37.375 | INFO     | __main__:<module>:93 - epoch: 2, loss: 0.42470476031303406, metrics: top1: 0.44 top5: 0.397 top10: 0.357 top50: 0.337 top100: 0.351 top500: 0.547
2024-05-25 15:00:37.397 | INFO     | __main__:<module>:93 - epoch: 2, loss: 0.39783424139022827, metrics: top1: 0.44 top5: 0.397 top10: 0.357 top50: 0.337 top100: 0.351 top500: 0.547
2024-05-25 15:00:37.415 | INFO     | __main__:<module>:93 - epoch: 2, loss: 0.409824013710022, metrics: top1: 0.44 top5: 0.397 top10: 0.357 top50: 0.337 top100: 0.351 top500: 0.547
2024-05-25 15:00:37.432 | INFO     | __main__:<module>:93 - epoch: 2, loss: 0.4270213544368744, metrics: top1: 0.44 top5: 0.397 top10: 0.357 top50: 0.337 top100: 0.351 top500: 0.547
2024-05-25 15:00:37.449 | INFO     | __main__:<module>:93 - epoch: 2, loss: 0.3748742938041687, metrics: top1: 0.44 top5: 0.397 top10: 0.357 top50: 0.337 top100: 0.351 top500: 0.547
2024-05-25 15:00:37.467 | INFO     | __main__:<module>:93 - epoch: 2, loss: 0.4321974515914917, metrics: top1: 0.44 top5: 0.397 top10: 0.357 top50: 0.337 top100: 0.351 top500: 0.547
2024-05-25 15:00:37.485 | INFO     | __main__:<module>:93 - epoch: 2, loss: 0.40601637959480286, metrics: top1: 0.44 top5: 0.397 top10: 0.357 top50: 0.337 top100: 0.351 top500: 0.547
2024-05-25 15:00:37.502 | INFO     | __main__:<module>:93 - epoch: 2, loss: 0.3931468725204468, metrics: top1: 0.44 top5: 0.397 top10: 0.357 top50: 0.337 top100: 0.351 top500: 0.547
2024-05-25 15:00:37.529 | INFO     | __main__:<module>:93 - epoch: 2, loss: 0.33825409412384033, metrics: top1: 0.44 top5: 0.397 top10: 0.357 top50: 0.337 top100: 0.351 top500: 0.547
2024-05-25 15:00:37.547 | INFO     | __main__:<module>:93 - epoch: 2, loss: 0.39617016911506653, metrics: top1: 0.44 top5: 0.397 top10: 0.357 top50: 0.337 top100: 0.351 top500: 0.547
2024-05-25 15:00:37.582 | INFO     | __main__:<module>:93 - epoch: 2, loss: 0.3307737112045288, metrics: top1: 0.44 top5: 0.397 top10: 0.357 top50: 0.337 top100: 0.351 top500: 0.547
2024-05-25 15:00:37.612 | INFO     | __main__:<module>:93 - epoch: 2, loss: 0.3554953634738922, metrics: top1: 0.44 top5: 0.397 top10: 0.357 top50: 0.337 top100: 0.351 top500: 0.547
2024-05-25 15:00:37.631 | INFO     | __main__:<module>:93 - epoch: 2, loss: 0.32567745447158813, metrics: top1: 0.44 top5: 0.397 top10: 0.357 top50: 0.337 top100: 0.351 top500: 0.547
2024-05-25 15:00:37.650 | INFO     | __main__:<module>:93 - epoch: 2, loss: 0.30982786417007446, metrics: top1: 0.44 top5: 0.397 top10: 0.357 top50: 0.337 top100: 0.351 top500: 0.547
2024-05-25 15:00:37.665 | INFO     | __main__:<module>:93 - epoch: 2, loss: 0.29447853565216064, metrics: top1: 0.44 top5: 0.397 top10: 0.357 top50: 0.337 top100: 0.351 top500: 0.547
2024-05-25 15:00:37.682 | INFO     | __main__:<module>:93 - epoch: 2, loss: 0.29386988282203674, metrics: top1: 0.44 top5: 0.397 top10: 0.357 top50: 0.337 top100: 0.351 top500: 0.547
2024-05-25 15:00:37.699 | INFO     | __main__:<module>:93 - epoch: 2, loss: 0.2950063943862915, metrics: top1: 0.44 top5: 0.397 top10: 0.357 top50: 0.337 top100: 0.351 top500: 0.547
2024-05-25 15:00:37.716 | INFO     | __main__:<module>:93 - epoch: 2, loss: 0.30108657479286194, metrics: top1: 0.44 top5: 0.397 top10: 0.357 top50: 0.337 top100: 0.351 top500: 0.547
2024-05-25 15:00:37.727 | INFO     | __main__:<module>:93 - epoch: 2, loss: 0.23776283860206604, metrics: top1: 0.44 top5: 0.397 top10: 0.357 top50: 0.337 top100: 0.351 top500: 0.547
2024-05-25 15:00:37.916 | INFO     | __main__:<module>:93 - epoch: 3, loss: 0.2666402757167816, metrics: top1: 0.44 top5: 0.397 top10: 0.357 top50: 0.337 top100: 0.351 top500: 0.547
2024-05-25 15:00:37.941 | INFO     | __main__:<module>:93 - epoch: 3, loss: 0.25324952602386475, metrics: top1: 0.44 top5: 0.397 top10: 0.357 top50: 0.337 top100: 0.351 top500: 0.547
2024-05-25 15:00:37.987 | INFO     | __main__:<module>:93 - epoch: 3, loss: 0.2497284859418869, metrics: top1: 0.44 top5: 0.397 top10: 0.357 top50: 0.337 top100: 0.351 top500: 0.547
2024-05-25 15:00:38.009 | INFO     | __main__:<module>:93 - epoch: 3, loss: 0.2681388556957245, metrics: top1: 0.44 top5: 0.397 top10: 0.357 top50: 0.337 top100: 0.351 top500: 0.547
2024-05-25 15:00:38.025 | INFO     | __main__:<module>:93 - epoch: 3, loss: 0.28101682662963867, metrics: top1: 0.44 top5: 0.397 top10: 0.357 top50: 0.337 top100: 0.351 top500: 0.547
2024-05-25 15:00:38.041 | INFO     | __main__:<module>:93 - epoch: 3, loss: 0.25952690839767456, metrics: top1: 0.44 top5: 0.397 top10: 0.357 top50: 0.337 top100: 0.351 top500: 0.547
2024-05-25 15:00:38.058 | INFO     | __main__:<module>:93 - epoch: 3, loss: 0.20627588033676147, metrics: top1: 0.44 top5: 0.397 top10: 0.357 top50: 0.337 top100: 0.351 top500: 0.547
2024-05-25 15:00:38.075 | INFO     | __main__:<module>:93 - epoch: 3, loss: 0.2434028536081314, metrics: top1: 0.44 top5: 0.397 top10: 0.357 top50: 0.337 top100: 0.351 top500: 0.547
2024-05-25 15:00:38.099 | INFO     | __main__:<module>:93 - epoch: 3, loss: 0.27802854776382446, metrics: top1: 0.44 top5: 0.397 top10: 0.357 top50: 0.337 top100: 0.351 top500: 0.547
2024-05-25 15:00:38.118 | INFO     | __main__:<module>:93 - epoch: 3, loss: 0.22164446115493774, metrics: top1: 0.44 top5: 0.397 top10: 0.357 top50: 0.337 top100: 0.351 top500: 0.547
2024-05-25 15:00:38.135 | INFO     | __main__:<module>:93 - epoch: 3, loss: 0.21504774689674377, metrics: top1: 0.44 top5: 0.397 top10: 0.357 top50: 0.337 top100: 0.351 top500: 0.547
2024-05-25 15:00:38.153 | INFO     | __main__:<module>:93 - epoch: 3, loss: 0.19048599898815155, metrics: top1: 0.44 top5: 0.397 top10: 0.357 top50: 0.337 top100: 0.351 top500: 0.547
2024-05-25 15:00:38.170 | INFO     | __main__:<module>:93 - epoch: 3, loss: 0.2187776267528534, metrics: top1: 0.44 top5: 0.397 top10: 0.357 top50: 0.337 top100: 0.351 top500: 0.547
2024-05-25 15:00:38.188 | INFO     | __main__:<module>:93 - epoch: 3, loss: 0.2492990642786026, metrics: top1: 0.44 top5: 0.397 top10: 0.357 top50: 0.337 top100: 0.351 top500: 0.547
2024-05-25 15:00:38.204 | INFO     | __main__:<module>:93 - epoch: 3, loss: 0.20222657918930054, metrics: top1: 0.44 top5: 0.397 top10: 0.357 top50: 0.337 top100: 0.351 top500: 0.547
2024-05-25 15:00:38.222 | INFO     | __main__:<module>:93 - epoch: 3, loss: 0.24988971650600433, metrics: top1: 0.44 top5: 0.397 top10: 0.357 top50: 0.337 top100: 0.351 top500: 0.547
2024-05-25 15:00:38.239 | INFO     | __main__:<module>:93 - epoch: 3, loss: 0.20325487852096558, metrics: top1: 0.44 top5: 0.397 top10: 0.357 top50: 0.337 top100: 0.351 top500: 0.547
2024-05-25 15:00:38.255 | INFO     | __main__:<module>:93 - epoch: 3, loss: 0.22188276052474976, metrics: top1: 0.44 top5: 0.397 top10: 0.357 top50: 0.337 top100: 0.351 top500: 0.547
2024-05-25 15:00:38.271 | INFO     | __main__:<module>:93 - epoch: 3, loss: 0.1986328512430191, metrics: top1: 0.44 top5: 0.397 top10: 0.357 top50: 0.337 top100: 0.351 top500: 0.547
2024-05-25 15:00:38.288 | INFO     | __main__:<module>:93 - epoch: 3, loss: 0.18987014889717102, metrics: top1: 0.44 top5: 0.397 top10: 0.357 top50: 0.337 top100: 0.351 top500: 0.547
2024-05-25 15:00:38.306 | INFO     | __main__:<module>:93 - epoch: 3, loss: 0.2095915973186493, metrics: top1: 0.44 top5: 0.397 top10: 0.357 top50: 0.337 top100: 0.351 top500: 0.547
2024-05-25 15:00:38.322 | INFO     | __main__:<module>:93 - epoch: 3, loss: 0.18045032024383545, metrics: top1: 0.44 top5: 0.397 top10: 0.357 top50: 0.337 top100: 0.351 top500: 0.547
2024-05-25 15:00:38.353 | INFO     | __main__:<module>:93 - epoch: 3, loss: 0.18134625256061554, metrics: top1: 0.44 top5: 0.397 top10: 0.357 top50: 0.337 top100: 0.351 top500: 0.547
2024-05-25 15:00:38.363 | INFO     | __main__:<module>:93 - epoch: 3, loss: 0.18167608976364136, metrics: top1: 0.44 top5: 0.397 top10: 0.357 top50: 0.337 top100: 0.351 top500: 0.547
2024-05-25 15:00:38.545 | INFO     | __main__:<module>:93 - epoch: 4, loss: 0.22542881965637207, metrics: top1: 0.44 top5: 0.397 top10: 0.357 top50: 0.337 top100: 0.351 top500: 0.547
2024-05-25 15:00:38.565 | INFO     | __main__:<module>:93 - epoch: 4, loss: 0.16948851943016052, metrics: top1: 0.44 top5: 0.397 top10: 0.357 top50: 0.337 top100: 0.351 top500: 0.547
2024-05-25 15:00:38.583 | INFO     | __main__:<module>:93 - epoch: 4, loss: 0.2068500816822052, metrics: top1: 0.44 top5: 0.397 top10: 0.357 top50: 0.337 top100: 0.351 top500: 0.547
2024-05-25 15:00:38.611 | INFO     | __main__:<module>:93 - epoch: 4, loss: 0.18117579817771912, metrics: top1: 0.44 top5: 0.397 top10: 0.357 top50: 0.337 top100: 0.351 top500: 0.547
2024-05-25 15:00:38.641 | INFO     | __main__:<module>:93 - epoch: 4, loss: 0.22367015480995178, metrics: top1: 0.44 top5: 0.397 top10: 0.357 top50: 0.337 top100: 0.351 top500: 0.547
2024-05-25 15:00:38.659 | INFO     | __main__:<module>:93 - epoch: 4, loss: 0.17921864986419678, metrics: top1: 0.44 top5: 0.397 top10: 0.357 top50: 0.337 top100: 0.351 top500: 0.547
2024-05-25 15:00:38.675 | INFO     | __main__:<module>:93 - epoch: 4, loss: 0.16465336084365845, metrics: top1: 0.44 top5: 0.397 top10: 0.357 top50: 0.337 top100: 0.351 top500: 0.547
2024-05-25 15:00:38.693 | INFO     | __main__:<module>:93 - epoch: 4, loss: 0.19346022605895996, metrics: top1: 0.44 top5: 0.397 top10: 0.357 top50: 0.337 top100: 0.351 top500: 0.547
2024-05-25 15:00:38.710 | INFO     | __main__:<module>:93 - epoch: 4, loss: 0.2085568904876709, metrics: top1: 0.44 top5: 0.397 top10: 0.357 top50: 0.337 top100: 0.351 top500: 0.547
2024-05-25 15:00:38.741 | INFO     | __main__:<module>:93 - epoch: 4, loss: 0.16233021020889282, metrics: top1: 0.44 top5: 0.397 top10: 0.357 top50: 0.337 top100: 0.351 top500: 0.547
2024-05-25 15:00:38.760 | INFO     | __main__:<module>:93 - epoch: 4, loss: 0.17756952345371246, metrics: top1: 0.44 top5: 0.397 top10: 0.357 top50: 0.337 top100: 0.351 top500: 0.547
2024-05-25 15:00:38.777 | INFO     | __main__:<module>:93 - epoch: 4, loss: 0.15770474076271057, metrics: top1: 0.44 top5: 0.397 top10: 0.357 top50: 0.337 top100: 0.351 top500: 0.547
2024-05-25 15:00:38.794 | INFO     | __main__:<module>:93 - epoch: 4, loss: 0.16089797019958496, metrics: top1: 0.44 top5: 0.397 top10: 0.357 top50: 0.337 top100: 0.351 top500: 0.547
2024-05-25 15:00:38.810 | INFO     | __main__:<module>:93 - epoch: 4, loss: 0.18690024316310883, metrics: top1: 0.44 top5: 0.397 top10: 0.357 top50: 0.337 top100: 0.351 top500: 0.547
2024-05-25 15:00:38.835 | INFO     | __main__:<module>:93 - epoch: 4, loss: 0.14862602949142456, metrics: top1: 0.44 top5: 0.397 top10: 0.357 top50: 0.337 top100: 0.351 top500: 0.547
2024-05-25 15:00:38.859 | INFO     | __main__:<module>:93 - epoch: 4, loss: 0.17574341595172882, metrics: top1: 0.44 top5: 0.397 top10: 0.357 top50: 0.337 top100: 0.351 top500: 0.547
2024-05-25 15:00:38.878 | INFO     | __main__:<module>:93 - epoch: 4, loss: 0.18278902769088745, metrics: top1: 0.44 top5: 0.397 top10: 0.357 top50: 0.337 top100: 0.351 top500: 0.547
2024-05-25 15:00:38.895 | INFO     | __main__:<module>:93 - epoch: 4, loss: 0.1771475225687027, metrics: top1: 0.44 top5: 0.397 top10: 0.357 top50: 0.337 top100: 0.351 top500: 0.547
2024-05-25 15:00:38.927 | INFO     | __main__:<module>:93 - epoch: 4, loss: 0.1953056901693344, metrics: top1: 0.44 top5: 0.397 top10: 0.357 top50: 0.337 top100: 0.351 top500: 0.547
2024-05-25 15:00:38.946 | INFO     | __main__:<module>:93 - epoch: 4, loss: 0.1624150574207306, metrics: top1: 0.44 top5: 0.397 top10: 0.357 top50: 0.337 top100: 0.351 top500: 0.547
2024-05-25 15:00:38.964 | INFO     | __main__:<module>:93 - epoch: 4, loss: 0.1582089364528656, metrics: top1: 0.44 top5: 0.397 top10: 0.357 top50: 0.337 top100: 0.351 top500: 0.547
2024-05-25 15:00:38.980 | INFO     | __main__:<module>:93 - epoch: 4, loss: 0.17803674936294556, metrics: top1: 0.44 top5: 0.397 top10: 0.357 top50: 0.337 top100: 0.351 top500: 0.547
2024-05-25 15:00:38.997 | INFO     | __main__:<module>:93 - epoch: 4, loss: 0.18372133374214172, metrics: top1: 0.44 top5: 0.397 top10: 0.357 top50: 0.337 top100: 0.351 top500: 0.547
2024-05-25 15:00:39.007 | INFO     | __main__:<module>:93 - epoch: 4, loss: 0.12821844220161438, metrics: top1: 0.44 top5: 0.397 top10: 0.357 top50: 0.337 top100: 0.351 top500: 0.547
2024-05-25 15:00:39.206 | INFO     | __main__:<module>:93 - epoch: 5, loss: 0.14310842752456665, metrics: top1: 0.44 top5: 0.397 top10: 0.357 top50: 0.337 top100: 0.351 top500: 0.547
2024-05-25 15:00:39.226 | INFO     | __main__:<module>:93 - epoch: 5, loss: 0.18247267603874207, metrics: top1: 0.44 top5: 0.397 top10: 0.357 top50: 0.337 top100: 0.351 top500: 0.547
2024-05-25 15:00:39.259 | INFO     | __main__:<module>:93 - epoch: 5, loss: 0.1595689058303833, metrics: top1: 0.44 top5: 0.397 top10: 0.357 top50: 0.337 top100: 0.351 top500: 0.547
2024-05-25 15:00:39.306 | INFO     | __main__:<module>:93 - epoch: 5, loss: 0.17096328735351562, metrics: top1: 0.44 top5: 0.397 top10: 0.357 top50: 0.337 top100: 0.351 top500: 0.547
2024-05-25 15:00:39.336 | INFO     | __main__:<module>:93 - epoch: 5, loss: 0.14988933503627777, metrics: top1: 0.44 top5: 0.397 top10: 0.357 top50: 0.337 top100: 0.351 top500: 0.547
2024-05-25 15:00:39.353 | INFO     | __main__:<module>:93 - epoch: 5, loss: 0.16787117719650269, metrics: top1: 0.44 top5: 0.397 top10: 0.357 top50: 0.337 top100: 0.351 top500: 0.547
2024-05-25 15:00:39.370 | INFO     | __main__:<module>:93 - epoch: 5, loss: 0.15795356035232544, metrics: top1: 0.44 top5: 0.397 top10: 0.357 top50: 0.337 top100: 0.351 top500: 0.547
2024-05-25 15:00:39.390 | INFO     | __main__:<module>:93 - epoch: 5, loss: 0.15661020576953888, metrics: top1: 0.44 top5: 0.397 top10: 0.357 top50: 0.337 top100: 0.351 top500: 0.547
2024-05-25 15:00:39.406 | INFO     | __main__:<module>:93 - epoch: 5, loss: 0.17183107137680054, metrics: top1: 0.44 top5: 0.397 top10: 0.357 top50: 0.337 top100: 0.351 top500: 0.547
2024-05-25 15:00:39.421 | INFO     | __main__:<module>:93 - epoch: 5, loss: 0.1883631944656372, metrics: top1: 0.44 top5: 0.397 top10: 0.357 top50: 0.337 top100: 0.351 top500: 0.547
2024-05-25 15:00:39.438 | INFO     | __main__:<module>:93 - epoch: 5, loss: 0.1552661657333374, metrics: top1: 0.44 top5: 0.397 top10: 0.357 top50: 0.337 top100: 0.351 top500: 0.547
2024-05-25 15:00:39.454 | INFO     | __main__:<module>:93 - epoch: 5, loss: 0.12738537788391113, metrics: top1: 0.44 top5: 0.397 top10: 0.357 top50: 0.337 top100: 0.351 top500: 0.547
2024-05-25 15:00:39.484 | INFO     | __main__:<module>:93 - epoch: 5, loss: 0.15628567337989807, metrics: top1: 0.44 top5: 0.397 top10: 0.357 top50: 0.337 top100: 0.351 top500: 0.547
2024-05-25 15:00:39.506 | INFO     | __main__:<module>:93 - epoch: 5, loss: 0.15853992104530334, metrics: top1: 0.44 top5: 0.397 top10: 0.357 top50: 0.337 top100: 0.351 top500: 0.547
2024-05-25 15:00:39.524 | INFO     | __main__:<module>:93 - epoch: 5, loss: 0.14613527059555054, metrics: top1: 0.44 top5: 0.397 top10: 0.357 top50: 0.337 top100: 0.351 top500: 0.547
2024-05-25 15:00:39.541 | INFO     | __main__:<module>:93 - epoch: 5, loss: 0.16018837690353394, metrics: top1: 0.44 top5: 0.397 top10: 0.357 top50: 0.337 top100: 0.351 top500: 0.547
2024-05-25 15:00:39.558 | INFO     | __main__:<module>:93 - epoch: 5, loss: 0.17447760701179504, metrics: top1: 0.44 top5: 0.397 top10: 0.357 top50: 0.337 top100: 0.351 top500: 0.547
2024-05-25 15:00:39.577 | INFO     | __main__:<module>:93 - epoch: 5, loss: 0.15895812213420868, metrics: top1: 0.44 top5: 0.397 top10: 0.357 top50: 0.337 top100: 0.351 top500: 0.547
2024-05-25 15:00:39.594 | INFO     | __main__:<module>:93 - epoch: 5, loss: 0.14321379363536835, metrics: top1: 0.44 top5: 0.397 top10: 0.357 top50: 0.337 top100: 0.351 top500: 0.547
2024-05-25 15:00:39.623 | INFO     | __main__:<module>:93 - epoch: 5, loss: 0.15301677584648132, metrics: top1: 0.44 top5: 0.397 top10: 0.357 top50: 0.337 top100: 0.351 top500: 0.547
2024-05-25 15:00:39.643 | INFO     | __main__:<module>:93 - epoch: 5, loss: 0.1458112746477127, metrics: top1: 0.44 top5: 0.397 top10: 0.357 top50: 0.337 top100: 0.351 top500: 0.547
2024-05-25 15:00:39.659 | INFO     | __main__:<module>:93 - epoch: 5, loss: 0.19388416409492493, metrics: top1: 0.44 top5: 0.397 top10: 0.357 top50: 0.337 top100: 0.351 top500: 0.547
2024-05-25 15:00:39.676 | INFO     | __main__:<module>:93 - epoch: 5, loss: 0.14637041091918945, metrics: top1: 0.44 top5: 0.397 top10: 0.357 top50: 0.337 top100: 0.351 top500: 0.547
2024-05-25 15:00:39.686 | INFO     | __main__:<module>:93 - epoch: 5, loss: 0.14531531929969788, metrics: top1: 0.44 top5: 0.397 top10: 0.357 top50: 0.337 top100: 0.351 top500: 0.547
2024-05-25 15:00:41.277 | INFO     | __main__:<module>:93 - epoch: 6, loss: 0.14196375012397766, metrics: top1: 0.4 top5: 0.43 top10: 0.396 top50: 0.382 top100: 0.391 top500: 0.49
2024-05-25 15:00:41.295 | INFO     | __main__:<module>:93 - epoch: 6, loss: 0.14384205639362335, metrics: top1: 0.4 top5: 0.43 top10: 0.396 top50: 0.382 top100: 0.391 top500: 0.49
2024-05-25 15:00:41.322 | INFO     | __main__:<module>:93 - epoch: 6, loss: 0.1548471748828888, metrics: top1: 0.4 top5: 0.43 top10: 0.396 top50: 0.382 top100: 0.391 top500: 0.49
2024-05-25 15:00:41.360 | INFO     | __main__:<module>:93 - epoch: 6, loss: 0.14214420318603516, metrics: top1: 0.4 top5: 0.43 top10: 0.396 top50: 0.382 top100: 0.391 top500: 0.49
2024-05-25 15:00:41.395 | INFO     | __main__:<module>:93 - epoch: 6, loss: 0.1393209993839264, metrics: top1: 0.4 top5: 0.43 top10: 0.396 top50: 0.382 top100: 0.391 top500: 0.49
2024-05-25 15:00:41.422 | INFO     | __main__:<module>:93 - epoch: 6, loss: 0.1574094593524933, metrics: top1: 0.4 top5: 0.43 top10: 0.396 top50: 0.382 top100: 0.391 top500: 0.49
2024-05-25 15:00:41.439 | INFO     | __main__:<module>:93 - epoch: 6, loss: 0.13653495907783508, metrics: top1: 0.4 top5: 0.43 top10: 0.396 top50: 0.382 top100: 0.391 top500: 0.49
2024-05-25 15:00:41.464 | INFO     | __main__:<module>:93 - epoch: 6, loss: 0.13388004899024963, metrics: top1: 0.4 top5: 0.43 top10: 0.396 top50: 0.382 top100: 0.391 top500: 0.49
2024-05-25 15:00:41.481 | INFO     | __main__:<module>:93 - epoch: 6, loss: 0.14723658561706543, metrics: top1: 0.4 top5: 0.43 top10: 0.396 top50: 0.382 top100: 0.391 top500: 0.49
2024-05-25 15:00:41.498 | INFO     | __main__:<module>:93 - epoch: 6, loss: 0.11203883588314056, metrics: top1: 0.4 top5: 0.43 top10: 0.396 top50: 0.382 top100: 0.391 top500: 0.49
2024-05-25 15:00:41.516 | INFO     | __main__:<module>:93 - epoch: 6, loss: 0.13819968700408936, metrics: top1: 0.4 top5: 0.43 top10: 0.396 top50: 0.382 top100: 0.391 top500: 0.49
2024-05-25 15:00:41.531 | INFO     | __main__:<module>:93 - epoch: 6, loss: 0.1360851675271988, metrics: top1: 0.4 top5: 0.43 top10: 0.396 top50: 0.382 top100: 0.391 top500: 0.49
2024-05-25 15:00:41.547 | INFO     | __main__:<module>:93 - epoch: 6, loss: 0.1567944586277008, metrics: top1: 0.4 top5: 0.43 top10: 0.396 top50: 0.382 top100: 0.391 top500: 0.49
2024-05-25 15:00:41.564 | INFO     | __main__:<module>:93 - epoch: 6, loss: 0.13085931539535522, metrics: top1: 0.4 top5: 0.43 top10: 0.396 top50: 0.382 top100: 0.391 top500: 0.49
2024-05-25 15:00:41.581 | INFO     | __main__:<module>:93 - epoch: 6, loss: 0.1616741418838501, metrics: top1: 0.4 top5: 0.43 top10: 0.396 top50: 0.382 top100: 0.391 top500: 0.49
2024-05-25 15:00:41.598 | INFO     | __main__:<module>:93 - epoch: 6, loss: 0.14682123064994812, metrics: top1: 0.4 top5: 0.43 top10: 0.396 top50: 0.382 top100: 0.391 top500: 0.49
2024-05-25 15:00:41.614 | INFO     | __main__:<module>:93 - epoch: 6, loss: 0.12892666459083557, metrics: top1: 0.4 top5: 0.43 top10: 0.396 top50: 0.382 top100: 0.391 top500: 0.49
2024-05-25 15:00:41.630 | INFO     | __main__:<module>:93 - epoch: 6, loss: 0.13986538350582123, metrics: top1: 0.4 top5: 0.43 top10: 0.396 top50: 0.382 top100: 0.391 top500: 0.49
2024-05-25 15:00:41.647 | INFO     | __main__:<module>:93 - epoch: 6, loss: 0.13842229545116425, metrics: top1: 0.4 top5: 0.43 top10: 0.396 top50: 0.382 top100: 0.391 top500: 0.49
2024-05-25 15:00:41.664 | INFO     | __main__:<module>:93 - epoch: 6, loss: 0.129705548286438, metrics: top1: 0.4 top5: 0.43 top10: 0.396 top50: 0.382 top100: 0.391 top500: 0.49
2024-05-25 15:00:41.681 | INFO     | __main__:<module>:93 - epoch: 6, loss: 0.13984687626361847, metrics: top1: 0.4 top5: 0.43 top10: 0.396 top50: 0.382 top100: 0.391 top500: 0.49
2024-05-25 15:00:41.699 | INFO     | __main__:<module>:93 - epoch: 6, loss: 0.1289941370487213, metrics: top1: 0.4 top5: 0.43 top10: 0.396 top50: 0.382 top100: 0.391 top500: 0.49
2024-05-25 15:00:41.716 | INFO     | __main__:<module>:93 - epoch: 6, loss: 0.13526278734207153, metrics: top1: 0.4 top5: 0.43 top10: 0.396 top50: 0.382 top100: 0.391 top500: 0.49
2024-05-25 15:00:41.738 | INFO     | __main__:<module>:93 - epoch: 6, loss: 0.12237885594367981, metrics: top1: 0.4 top5: 0.43 top10: 0.396 top50: 0.382 top100: 0.391 top500: 0.49
2024-05-25 15:00:41.927 | INFO     | __main__:<module>:93 - epoch: 7, loss: 0.14122557640075684, metrics: top1: 0.4 top5: 0.43 top10: 0.396 top50: 0.382 top100: 0.391 top500: 0.49
2024-05-25 15:00:41.948 | INFO     | __main__:<module>:93 - epoch: 7, loss: 0.1310439556837082, metrics: top1: 0.4 top5: 0.43 top10: 0.396 top50: 0.382 top100: 0.391 top500: 0.49
2024-05-25 15:00:41.964 | INFO     | __main__:<module>:93 - epoch: 7, loss: 0.12357217073440552, metrics: top1: 0.4 top5: 0.43 top10: 0.396 top50: 0.382 top100: 0.391 top500: 0.49
2024-05-25 15:00:41.995 | INFO     | __main__:<module>:93 - epoch: 7, loss: 0.15195231139659882, metrics: top1: 0.4 top5: 0.43 top10: 0.396 top50: 0.382 top100: 0.391 top500: 0.49
2024-05-25 15:00:42.019 | INFO     | __main__:<module>:93 - epoch: 7, loss: 0.14275604486465454, metrics: top1: 0.4 top5: 0.43 top10: 0.396 top50: 0.382 top100: 0.391 top500: 0.49
2024-05-25 15:00:42.048 | INFO     | __main__:<module>:93 - epoch: 7, loss: 0.16854071617126465, metrics: top1: 0.4 top5: 0.43 top10: 0.396 top50: 0.382 top100: 0.391 top500: 0.49
2024-05-25 15:00:42.078 | INFO     | __main__:<module>:93 - epoch: 7, loss: 0.12693250179290771, metrics: top1: 0.4 top5: 0.43 top10: 0.396 top50: 0.382 top100: 0.391 top500: 0.49
2024-05-25 15:00:42.098 | INFO     | __main__:<module>:93 - epoch: 7, loss: 0.12231475859880447, metrics: top1: 0.4 top5: 0.43 top10: 0.396 top50: 0.382 top100: 0.391 top500: 0.49
2024-05-25 15:00:42.127 | INFO     | __main__:<module>:93 - epoch: 7, loss: 0.13106560707092285, metrics: top1: 0.4 top5: 0.43 top10: 0.396 top50: 0.382 top100: 0.391 top500: 0.49
2024-05-25 15:00:42.145 | INFO     | __main__:<module>:93 - epoch: 7, loss: 0.12308859825134277, metrics: top1: 0.4 top5: 0.43 top10: 0.396 top50: 0.382 top100: 0.391 top500: 0.49
2024-05-25 15:00:42.161 | INFO     | __main__:<module>:93 - epoch: 7, loss: 0.15356522798538208, metrics: top1: 0.4 top5: 0.43 top10: 0.396 top50: 0.382 top100: 0.391 top500: 0.49
2024-05-25 15:00:42.178 | INFO     | __main__:<module>:93 - epoch: 7, loss: 0.14057138562202454, metrics: top1: 0.4 top5: 0.43 top10: 0.396 top50: 0.382 top100: 0.391 top500: 0.49
2024-05-25 15:00:42.198 | INFO     | __main__:<module>:93 - epoch: 7, loss: 0.1108754500746727, metrics: top1: 0.4 top5: 0.43 top10: 0.396 top50: 0.382 top100: 0.391 top500: 0.49
2024-05-25 15:00:42.215 | INFO     | __main__:<module>:93 - epoch: 7, loss: 0.14091143012046814, metrics: top1: 0.4 top5: 0.43 top10: 0.396 top50: 0.382 top100: 0.391 top500: 0.49
2024-05-25 15:00:42.232 | INFO     | __main__:<module>:93 - epoch: 7, loss: 0.13933202624320984, metrics: top1: 0.4 top5: 0.43 top10: 0.396 top50: 0.382 top100: 0.391 top500: 0.49
2024-05-25 15:00:42.249 | INFO     | __main__:<module>:93 - epoch: 7, loss: 0.1375044584274292, metrics: top1: 0.4 top5: 0.43 top10: 0.396 top50: 0.382 top100: 0.391 top500: 0.49
2024-05-25 15:00:42.266 | INFO     | __main__:<module>:93 - epoch: 7, loss: 0.12940041720867157, metrics: top1: 0.4 top5: 0.43 top10: 0.396 top50: 0.382 top100: 0.391 top500: 0.49
2024-05-25 15:00:42.283 | INFO     | __main__:<module>:93 - epoch: 7, loss: 0.14217787981033325, metrics: top1: 0.4 top5: 0.43 top10: 0.396 top50: 0.382 top100: 0.391 top500: 0.49
2024-05-25 15:00:42.300 | INFO     | __main__:<module>:93 - epoch: 7, loss: 0.1389189064502716, metrics: top1: 0.4 top5: 0.43 top10: 0.396 top50: 0.382 top100: 0.391 top500: 0.49
2024-05-25 15:00:42.317 | INFO     | __main__:<module>:93 - epoch: 7, loss: 0.13992837071418762, metrics: top1: 0.4 top5: 0.43 top10: 0.396 top50: 0.382 top100: 0.391 top500: 0.49
2024-05-25 15:00:42.336 | INFO     | __main__:<module>:93 - epoch: 7, loss: 0.1305890530347824, metrics: top1: 0.4 top5: 0.43 top10: 0.396 top50: 0.382 top100: 0.391 top500: 0.49
2024-05-25 15:00:42.352 | INFO     | __main__:<module>:93 - epoch: 7, loss: 0.1325770616531372, metrics: top1: 0.4 top5: 0.43 top10: 0.396 top50: 0.382 top100: 0.391 top500: 0.49
2024-05-25 15:00:42.369 | INFO     | __main__:<module>:93 - epoch: 7, loss: 0.12720134854316711, metrics: top1: 0.4 top5: 0.43 top10: 0.396 top50: 0.382 top100: 0.391 top500: 0.49
2024-05-25 15:00:42.380 | INFO     | __main__:<module>:93 - epoch: 7, loss: 0.10831516981124878, metrics: top1: 0.4 top5: 0.43 top10: 0.396 top50: 0.382 top100: 0.391 top500: 0.49
2024-05-25 15:00:42.570 | INFO     | __main__:<module>:93 - epoch: 8, loss: 0.17761193215847015, metrics: top1: 0.4 top5: 0.43 top10: 0.396 top50: 0.382 top100: 0.391 top500: 0.49
2024-05-25 15:00:42.588 | INFO     | __main__:<module>:93 - epoch: 8, loss: 0.13165578246116638, metrics: top1: 0.4 top5: 0.43 top10: 0.396 top50: 0.382 top100: 0.391 top500: 0.49
2024-05-25 15:00:42.603 | INFO     | __main__:<module>:93 - epoch: 8, loss: 0.13554051518440247, metrics: top1: 0.4 top5: 0.43 top10: 0.396 top50: 0.382 top100: 0.391 top500: 0.49
2024-05-25 15:00:42.621 | INFO     | __main__:<module>:93 - epoch: 8, loss: 0.13042914867401123, metrics: top1: 0.4 top5: 0.43 top10: 0.396 top50: 0.382 top100: 0.391 top500: 0.49
2024-05-25 15:00:42.636 | INFO     | __main__:<module>:93 - epoch: 8, loss: 0.11913799494504929, metrics: top1: 0.4 top5: 0.43 top10: 0.396 top50: 0.382 top100: 0.391 top500: 0.49
2024-05-25 15:00:42.651 | INFO     | __main__:<module>:93 - epoch: 8, loss: 0.14669515192508698, metrics: top1: 0.4 top5: 0.43 top10: 0.396 top50: 0.382 top100: 0.391 top500: 0.49
2024-05-25 15:00:42.680 | INFO     | __main__:<module>:93 - epoch: 8, loss: 0.1482982337474823, metrics: top1: 0.4 top5: 0.43 top10: 0.396 top50: 0.382 top100: 0.391 top500: 0.49
2024-05-25 15:00:42.698 | INFO     | __main__:<module>:93 - epoch: 8, loss: 0.16218061745166779, metrics: top1: 0.4 top5: 0.43 top10: 0.396 top50: 0.382 top100: 0.391 top500: 0.49
2024-05-25 15:00:42.715 | INFO     | __main__:<module>:93 - epoch: 8, loss: 0.12559974193572998, metrics: top1: 0.4 top5: 0.43 top10: 0.396 top50: 0.382 top100: 0.391 top500: 0.49
2024-05-25 15:00:42.732 | INFO     | __main__:<module>:93 - epoch: 8, loss: 0.11535483598709106, metrics: top1: 0.4 top5: 0.43 top10: 0.396 top50: 0.382 top100: 0.391 top500: 0.49
2024-05-25 15:00:42.757 | INFO     | __main__:<module>:93 - epoch: 8, loss: 0.12405742704868317, metrics: top1: 0.4 top5: 0.43 top10: 0.396 top50: 0.382 top100: 0.391 top500: 0.49
2024-05-25 15:00:42.773 | INFO     | __main__:<module>:93 - epoch: 8, loss: 0.12710459530353546, metrics: top1: 0.4 top5: 0.43 top10: 0.396 top50: 0.382 top100: 0.391 top500: 0.49
2024-05-25 15:00:42.792 | INFO     | __main__:<module>:93 - epoch: 8, loss: 0.11785735189914703, metrics: top1: 0.4 top5: 0.43 top10: 0.396 top50: 0.382 top100: 0.391 top500: 0.49
2024-05-25 15:00:42.815 | INFO     | __main__:<module>:93 - epoch: 8, loss: 0.12369836121797562, metrics: top1: 0.4 top5: 0.43 top10: 0.396 top50: 0.382 top100: 0.391 top500: 0.49
2024-05-25 15:00:42.835 | INFO     | __main__:<module>:93 - epoch: 8, loss: 0.11873874813318253, metrics: top1: 0.4 top5: 0.43 top10: 0.396 top50: 0.382 top100: 0.391 top500: 0.49
2024-05-25 15:00:42.852 | INFO     | __main__:<module>:93 - epoch: 8, loss: 0.11141788214445114, metrics: top1: 0.4 top5: 0.43 top10: 0.396 top50: 0.382 top100: 0.391 top500: 0.49
2024-05-25 15:00:42.869 | INFO     | __main__:<module>:93 - epoch: 8, loss: 0.1265963315963745, metrics: top1: 0.4 top5: 0.43 top10: 0.396 top50: 0.382 top100: 0.391 top500: 0.49
2024-05-25 15:00:42.886 | INFO     | __main__:<module>:93 - epoch: 8, loss: 0.1546943187713623, metrics: top1: 0.4 top5: 0.43 top10: 0.396 top50: 0.382 top100: 0.391 top500: 0.49
2024-05-25 15:00:42.918 | INFO     | __main__:<module>:93 - epoch: 8, loss: 0.12847428023815155, metrics: top1: 0.4 top5: 0.43 top10: 0.396 top50: 0.382 top100: 0.391 top500: 0.49
2024-05-25 15:00:42.936 | INFO     | __main__:<module>:93 - epoch: 8, loss: 0.13701073825359344, metrics: top1: 0.4 top5: 0.43 top10: 0.396 top50: 0.382 top100: 0.391 top500: 0.49
2024-05-25 15:00:42.965 | INFO     | __main__:<module>:93 - epoch: 8, loss: 0.1193109080195427, metrics: top1: 0.4 top5: 0.43 top10: 0.396 top50: 0.382 top100: 0.391 top500: 0.49
2024-05-25 15:00:42.983 | INFO     | __main__:<module>:93 - epoch: 8, loss: 0.12519718706607819, metrics: top1: 0.4 top5: 0.43 top10: 0.396 top50: 0.382 top100: 0.391 top500: 0.49
2024-05-25 15:00:43.011 | INFO     | __main__:<module>:93 - epoch: 8, loss: 0.11423484981060028, metrics: top1: 0.4 top5: 0.43 top10: 0.396 top50: 0.382 top100: 0.391 top500: 0.49
2024-05-25 15:00:43.023 | INFO     | __main__:<module>:93 - epoch: 8, loss: 0.12466840445995331, metrics: top1: 0.4 top5: 0.43 top10: 0.396 top50: 0.382 top100: 0.391 top500: 0.49
2024-05-25 15:00:43.226 | INFO     | __main__:<module>:93 - epoch: 9, loss: 0.11231859773397446, metrics: top1: 0.4 top5: 0.43 top10: 0.396 top50: 0.382 top100: 0.391 top500: 0.49
2024-05-25 15:00:43.247 | INFO     | __main__:<module>:93 - epoch: 9, loss: 0.11706031858921051, metrics: top1: 0.4 top5: 0.43 top10: 0.396 top50: 0.382 top100: 0.391 top500: 0.49
2024-05-25 15:00:43.276 | INFO     | __main__:<module>:93 - epoch: 9, loss: 0.1375158280134201, metrics: top1: 0.4 top5: 0.43 top10: 0.396 top50: 0.382 top100: 0.391 top500: 0.49
2024-05-25 15:00:43.308 | INFO     | __main__:<module>:93 - epoch: 9, loss: 0.1321549415588379, metrics: top1: 0.4 top5: 0.43 top10: 0.396 top50: 0.382 top100: 0.391 top500: 0.49
2024-05-25 15:00:43.325 | INFO     | __main__:<module>:93 - epoch: 9, loss: 0.11785151064395905, metrics: top1: 0.4 top5: 0.43 top10: 0.396 top50: 0.382 top100: 0.391 top500: 0.49
2024-05-25 15:00:43.342 | INFO     | __main__:<module>:93 - epoch: 9, loss: 0.11266812682151794, metrics: top1: 0.4 top5: 0.43 top10: 0.396 top50: 0.382 top100: 0.391 top500: 0.49
2024-05-25 15:00:43.358 | INFO     | __main__:<module>:93 - epoch: 9, loss: 0.10441531985998154, metrics: top1: 0.4 top5: 0.43 top10: 0.396 top50: 0.382 top100: 0.391 top500: 0.49
2024-05-25 15:00:43.375 | INFO     | __main__:<module>:93 - epoch: 9, loss: 0.11835647374391556, metrics: top1: 0.4 top5: 0.43 top10: 0.396 top50: 0.382 top100: 0.391 top500: 0.49
2024-05-25 15:00:43.395 | INFO     | __main__:<module>:93 - epoch: 9, loss: 0.11384499818086624, metrics: top1: 0.4 top5: 0.43 top10: 0.396 top50: 0.382 top100: 0.391 top500: 0.49
2024-05-25 15:00:43.410 | INFO     | __main__:<module>:93 - epoch: 9, loss: 0.12611807882785797, metrics: top1: 0.4 top5: 0.43 top10: 0.396 top50: 0.382 top100: 0.391 top500: 0.49
2024-05-25 15:00:43.427 | INFO     | __main__:<module>:93 - epoch: 9, loss: 0.12721186876296997, metrics: top1: 0.4 top5: 0.43 top10: 0.396 top50: 0.382 top100: 0.391 top500: 0.49
2024-05-25 15:00:43.443 | INFO     | __main__:<module>:93 - epoch: 9, loss: 0.15288063883781433, metrics: top1: 0.4 top5: 0.43 top10: 0.396 top50: 0.382 top100: 0.391 top500: 0.49
2024-05-25 15:00:43.459 | INFO     | __main__:<module>:93 - epoch: 9, loss: 0.1354539692401886, metrics: top1: 0.4 top5: 0.43 top10: 0.396 top50: 0.382 top100: 0.391 top500: 0.49
2024-05-25 15:00:43.480 | INFO     | __main__:<module>:93 - epoch: 9, loss: 0.11896644532680511, metrics: top1: 0.4 top5: 0.43 top10: 0.396 top50: 0.382 top100: 0.391 top500: 0.49
2024-05-25 15:00:43.495 | INFO     | __main__:<module>:93 - epoch: 9, loss: 0.12697529792785645, metrics: top1: 0.4 top5: 0.43 top10: 0.396 top50: 0.382 top100: 0.391 top500: 0.49
2024-05-25 15:00:43.512 | INFO     | __main__:<module>:93 - epoch: 9, loss: 0.13378943502902985, metrics: top1: 0.4 top5: 0.43 top10: 0.396 top50: 0.382 top100: 0.391 top500: 0.49
2024-05-25 15:00:43.528 | INFO     | __main__:<module>:93 - epoch: 9, loss: 0.11924359947443008, metrics: top1: 0.4 top5: 0.43 top10: 0.396 top50: 0.382 top100: 0.391 top500: 0.49
2024-05-25 15:00:43.544 | INFO     | __main__:<module>:93 - epoch: 9, loss: 0.13502846658229828, metrics: top1: 0.4 top5: 0.43 top10: 0.396 top50: 0.382 top100: 0.391 top500: 0.49
2024-05-25 15:00:43.561 | INFO     | __main__:<module>:93 - epoch: 9, loss: 0.13313665986061096, metrics: top1: 0.4 top5: 0.43 top10: 0.396 top50: 0.382 top100: 0.391 top500: 0.49
2024-05-25 15:00:43.578 | INFO     | __main__:<module>:93 - epoch: 9, loss: 0.11853248625993729, metrics: top1: 0.4 top5: 0.43 top10: 0.396 top50: 0.382 top100: 0.391 top500: 0.49
2024-05-25 15:00:43.594 | INFO     | __main__:<module>:93 - epoch: 9, loss: 0.12144483625888824, metrics: top1: 0.4 top5: 0.43 top10: 0.396 top50: 0.382 top100: 0.391 top500: 0.49
2024-05-25 15:00:43.611 | INFO     | __main__:<module>:93 - epoch: 9, loss: 0.11546242237091064, metrics: top1: 0.4 top5: 0.43 top10: 0.396 top50: 0.382 top100: 0.391 top500: 0.49
2024-05-25 15:00:43.628 | INFO     | __main__:<module>:93 - epoch: 9, loss: 0.12116507440805435, metrics: top1: 0.4 top5: 0.43 top10: 0.396 top50: 0.382 top100: 0.391 top500: 0.49
2024-05-25 15:00:43.639 | INFO     | __main__:<module>:93 - epoch: 9, loss: 0.11639708280563354, metrics: top1: 0.4 top5: 0.43 top10: 0.396 top50: 0.382 top100: 0.391 top500: 0.49
2024-05-25 15:00:43.836 | INFO     | __main__:<module>:93 - epoch: 10, loss: 0.10686653107404709, metrics: top1: 0.4 top5: 0.43 top10: 0.396 top50: 0.382 top100: 0.391 top500: 0.49
2024-05-25 15:00:43.858 | INFO     | __main__:<module>:93 - epoch: 10, loss: 0.11871717870235443, metrics: top1: 0.4 top5: 0.43 top10: 0.396 top50: 0.382 top100: 0.391 top500: 0.49
2024-05-25 15:00:43.874 | INFO     | __main__:<module>:93 - epoch: 10, loss: 0.13182556629180908, metrics: top1: 0.4 top5: 0.43 top10: 0.396 top50: 0.382 top100: 0.391 top500: 0.49
2024-05-25 15:00:43.894 | INFO     | __main__:<module>:93 - epoch: 10, loss: 0.11705772578716278, metrics: top1: 0.4 top5: 0.43 top10: 0.396 top50: 0.382 top100: 0.391 top500: 0.49
2024-05-25 15:00:43.910 | INFO     | __main__:<module>:93 - epoch: 10, loss: 0.12963418662548065, metrics: top1: 0.4 top5: 0.43 top10: 0.396 top50: 0.382 top100: 0.391 top500: 0.49
2024-05-25 15:00:43.926 | INFO     | __main__:<module>:93 - epoch: 10, loss: 0.10350596159696579, metrics: top1: 0.4 top5: 0.43 top10: 0.396 top50: 0.382 top100: 0.391 top500: 0.49
2024-05-25 15:00:43.942 | INFO     | __main__:<module>:93 - epoch: 10, loss: 0.11406256258487701, metrics: top1: 0.4 top5: 0.43 top10: 0.396 top50: 0.382 top100: 0.391 top500: 0.49
2024-05-25 15:00:43.959 | INFO     | __main__:<module>:93 - epoch: 10, loss: 0.1384219080209732, metrics: top1: 0.4 top5: 0.43 top10: 0.396 top50: 0.382 top100: 0.391 top500: 0.49
2024-05-25 15:00:43.991 | INFO     | __main__:<module>:93 - epoch: 10, loss: 0.13992774486541748, metrics: top1: 0.4 top5: 0.43 top10: 0.396 top50: 0.382 top100: 0.391 top500: 0.49
2024-05-25 15:00:44.022 | INFO     | __main__:<module>:93 - epoch: 10, loss: 0.13300038874149323, metrics: top1: 0.4 top5: 0.43 top10: 0.396 top50: 0.382 top100: 0.391 top500: 0.49
2024-05-25 15:00:44.045 | INFO     | __main__:<module>:93 - epoch: 10, loss: 0.11863116174936295, metrics: top1: 0.4 top5: 0.43 top10: 0.396 top50: 0.382 top100: 0.391 top500: 0.49
2024-05-25 15:00:44.063 | INFO     | __main__:<module>:93 - epoch: 10, loss: 0.12844136357307434, metrics: top1: 0.4 top5: 0.43 top10: 0.396 top50: 0.382 top100: 0.391 top500: 0.49
2024-05-25 15:00:44.093 | INFO     | __main__:<module>:93 - epoch: 10, loss: 0.1230052262544632, metrics: top1: 0.4 top5: 0.43 top10: 0.396 top50: 0.382 top100: 0.391 top500: 0.49
2024-05-25 15:00:44.112 | INFO     | __main__:<module>:93 - epoch: 10, loss: 0.0978618636727333, metrics: top1: 0.4 top5: 0.43 top10: 0.396 top50: 0.382 top100: 0.391 top500: 0.49
2024-05-25 15:00:44.134 | INFO     | __main__:<module>:93 - epoch: 10, loss: 0.1395670771598816, metrics: top1: 0.4 top5: 0.43 top10: 0.396 top50: 0.382 top100: 0.391 top500: 0.49
2024-05-25 15:00:44.151 | INFO     | __main__:<module>:93 - epoch: 10, loss: 0.13763752579689026, metrics: top1: 0.4 top5: 0.43 top10: 0.396 top50: 0.382 top100: 0.391 top500: 0.49
2024-05-25 15:00:44.182 | INFO     | __main__:<module>:93 - epoch: 10, loss: 0.12779173254966736, metrics: top1: 0.4 top5: 0.43 top10: 0.396 top50: 0.382 top100: 0.391 top500: 0.49
2024-05-25 15:00:44.207 | INFO     | __main__:<module>:93 - epoch: 10, loss: 0.13659752905368805, metrics: top1: 0.4 top5: 0.43 top10: 0.396 top50: 0.382 top100: 0.391 top500: 0.49
2024-05-25 15:00:44.226 | INFO     | __main__:<module>:93 - epoch: 10, loss: 0.10040199756622314, metrics: top1: 0.4 top5: 0.43 top10: 0.396 top50: 0.382 top100: 0.391 top500: 0.49
2024-05-25 15:00:44.244 | INFO     | __main__:<module>:93 - epoch: 10, loss: 0.1099664494395256, metrics: top1: 0.4 top5: 0.43 top10: 0.396 top50: 0.382 top100: 0.391 top500: 0.49
2024-05-25 15:00:44.261 | INFO     | __main__:<module>:93 - epoch: 10, loss: 0.13068585097789764, metrics: top1: 0.4 top5: 0.43 top10: 0.396 top50: 0.382 top100: 0.391 top500: 0.49
2024-05-25 15:00:44.277 | INFO     | __main__:<module>:93 - epoch: 10, loss: 0.10604291409254074, metrics: top1: 0.4 top5: 0.43 top10: 0.396 top50: 0.382 top100: 0.391 top500: 0.49
2024-05-25 15:00:44.294 | INFO     | __main__:<module>:93 - epoch: 10, loss: 0.1308414191007614, metrics: top1: 0.4 top5: 0.43 top10: 0.396 top50: 0.382 top100: 0.391 top500: 0.49
2024-05-25 15:00:44.305 | INFO     | __main__:<module>:93 - epoch: 10, loss: 0.1174837052822113, metrics: top1: 0.4 top5: 0.43 top10: 0.396 top50: 0.382 top100: 0.391 top500: 0.49
2024-05-25 15:00:46.175 | INFO     | __main__:<module>:93 - epoch: 11, loss: 0.12041839957237244, metrics: top1: 0.4 top5: 0.43 top10: 0.396 top50: 0.382 top100: 0.391 top500: 0.49
2024-05-25 15:00:46.316 | INFO     | __main__:<module>:93 - epoch: 11, loss: 0.12770909070968628, metrics: top1: 0.4 top5: 0.43 top10: 0.396 top50: 0.382 top100: 0.391 top500: 0.49
2024-05-25 15:00:46.349 | INFO     | __main__:<module>:93 - epoch: 11, loss: 0.12033341079950333, metrics: top1: 0.4 top5: 0.43 top10: 0.396 top50: 0.382 top100: 0.391 top500: 0.49
2024-05-25 15:00:46.376 | INFO     | __main__:<module>:93 - epoch: 11, loss: 0.11339663714170456, metrics: top1: 0.4 top5: 0.43 top10: 0.396 top50: 0.382 top100: 0.391 top500: 0.49
2024-05-25 15:00:46.393 | INFO     | __main__:<module>:93 - epoch: 11, loss: 0.10912315547466278, metrics: top1: 0.4 top5: 0.43 top10: 0.396 top50: 0.382 top100: 0.391 top500: 0.49
2024-05-25 15:00:46.409 | INFO     | __main__:<module>:93 - epoch: 11, loss: 0.11375440657138824, metrics: top1: 0.4 top5: 0.43 top10: 0.396 top50: 0.382 top100: 0.391 top500: 0.49
2024-05-25 15:00:46.424 | INFO     | __main__:<module>:93 - epoch: 11, loss: 0.11378566920757294, metrics: top1: 0.4 top5: 0.43 top10: 0.396 top50: 0.382 top100: 0.391 top500: 0.49
2024-05-25 15:00:46.441 | INFO     | __main__:<module>:93 - epoch: 11, loss: 0.15288633108139038, metrics: top1: 0.4 top5: 0.43 top10: 0.396 top50: 0.382 top100: 0.391 top500: 0.49
2024-05-25 15:00:46.457 | INFO     | __main__:<module>:93 - epoch: 11, loss: 0.11913402378559113, metrics: top1: 0.4 top5: 0.43 top10: 0.396 top50: 0.382 top100: 0.391 top500: 0.49
2024-05-25 15:00:46.474 | INFO     | __main__:<module>:93 - epoch: 11, loss: 0.11808480322360992, metrics: top1: 0.4 top5: 0.43 top10: 0.396 top50: 0.382 top100: 0.391 top500: 0.49
2024-05-25 15:00:46.490 | INFO     | __main__:<module>:93 - epoch: 11, loss: 0.13956165313720703, metrics: top1: 0.4 top5: 0.43 top10: 0.396 top50: 0.382 top100: 0.391 top500: 0.49
2024-05-25 15:00:46.521 | INFO     | __main__:<module>:93 - epoch: 11, loss: 0.09885997325181961, metrics: top1: 0.4 top5: 0.43 top10: 0.396 top50: 0.382 top100: 0.391 top500: 0.49
2024-05-25 15:00:46.540 | INFO     | __main__:<module>:93 - epoch: 11, loss: 0.1315624713897705, metrics: top1: 0.4 top5: 0.43 top10: 0.396 top50: 0.382 top100: 0.391 top500: 0.49
2024-05-25 15:00:46.557 | INFO     | __main__:<module>:93 - epoch: 11, loss: 0.1317366659641266, metrics: top1: 0.4 top5: 0.43 top10: 0.396 top50: 0.382 top100: 0.391 top500: 0.49
2024-05-25 15:00:46.581 | INFO     | __main__:<module>:93 - epoch: 11, loss: 0.1293163001537323, metrics: top1: 0.4 top5: 0.43 top10: 0.396 top50: 0.382 top100: 0.391 top500: 0.49
2024-05-25 15:00:46.598 | INFO     | __main__:<module>:93 - epoch: 11, loss: 0.11676865816116333, metrics: top1: 0.4 top5: 0.43 top10: 0.396 top50: 0.382 top100: 0.391 top500: 0.49
2024-05-25 15:00:46.634 | INFO     | __main__:<module>:93 - epoch: 11, loss: 0.1342364400625229, metrics: top1: 0.4 top5: 0.43 top10: 0.396 top50: 0.382 top100: 0.391 top500: 0.49
2024-05-25 15:00:46.653 | INFO     | __main__:<module>:93 - epoch: 11, loss: 0.1242486834526062, metrics: top1: 0.4 top5: 0.43 top10: 0.396 top50: 0.382 top100: 0.391 top500: 0.49
2024-05-25 15:00:46.670 | INFO     | __main__:<module>:93 - epoch: 11, loss: 0.15430665016174316, metrics: top1: 0.4 top5: 0.43 top10: 0.396 top50: 0.382 top100: 0.391 top500: 0.49
2024-05-25 15:00:46.699 | INFO     | __main__:<module>:93 - epoch: 11, loss: 0.12243832647800446, metrics: top1: 0.4 top5: 0.43 top10: 0.396 top50: 0.382 top100: 0.391 top500: 0.49
2024-05-25 15:00:46.724 | INFO     | __main__:<module>:93 - epoch: 11, loss: 0.13700444996356964, metrics: top1: 0.4 top5: 0.43 top10: 0.396 top50: 0.382 top100: 0.391 top500: 0.49
2024-05-25 15:00:46.751 | INFO     | __main__:<module>:93 - epoch: 11, loss: 0.13574755191802979, metrics: top1: 0.4 top5: 0.43 top10: 0.396 top50: 0.382 top100: 0.391 top500: 0.49
2024-05-25 15:00:46.781 | INFO     | __main__:<module>:93 - epoch: 11, loss: 0.11633231490850449, metrics: top1: 0.4 top5: 0.43 top10: 0.396 top50: 0.382 top100: 0.391 top500: 0.49
2024-05-25 15:00:46.794 | INFO     | __main__:<module>:93 - epoch: 11, loss: 0.10974136739969254, metrics: top1: 0.4 top5: 0.43 top10: 0.396 top50: 0.382 top100: 0.391 top500: 0.49
2024-05-25 15:00:47.015 | INFO     | __main__:<module>:93 - epoch: 12, loss: 0.11847561597824097, metrics: top1: 0.4 top5: 0.43 top10: 0.396 top50: 0.382 top100: 0.391 top500: 0.49
2024-05-25 15:00:47.042 | INFO     | __main__:<module>:93 - epoch: 12, loss: 0.14182284474372864, metrics: top1: 0.4 top5: 0.43 top10: 0.396 top50: 0.382 top100: 0.391 top500: 0.49
2024-05-25 15:00:47.076 | INFO     | __main__:<module>:93 - epoch: 12, loss: 0.14383652806282043, metrics: top1: 0.4 top5: 0.43 top10: 0.396 top50: 0.382 top100: 0.391 top500: 0.49
2024-05-25 15:00:47.100 | INFO     | __main__:<module>:93 - epoch: 12, loss: 0.10727483034133911, metrics: top1: 0.4 top5: 0.43 top10: 0.396 top50: 0.382 top100: 0.391 top500: 0.49
2024-05-25 15:00:47.130 | INFO     | __main__:<module>:93 - epoch: 12, loss: 0.11957532167434692, metrics: top1: 0.4 top5: 0.43 top10: 0.396 top50: 0.382 top100: 0.391 top500: 0.49
2024-05-25 15:00:47.151 | INFO     | __main__:<module>:93 - epoch: 12, loss: 0.10943831503391266, metrics: top1: 0.4 top5: 0.43 top10: 0.396 top50: 0.382 top100: 0.391 top500: 0.49
2024-05-25 15:00:47.168 | INFO     | __main__:<module>:93 - epoch: 12, loss: 0.12642216682434082, metrics: top1: 0.4 top5: 0.43 top10: 0.396 top50: 0.382 top100: 0.391 top500: 0.49
2024-05-25 15:00:47.185 | INFO     | __main__:<module>:93 - epoch: 12, loss: 0.11042207479476929, metrics: top1: 0.4 top5: 0.43 top10: 0.396 top50: 0.382 top100: 0.391 top500: 0.49
2024-05-25 15:00:47.202 | INFO     | __main__:<module>:93 - epoch: 12, loss: 0.10733529925346375, metrics: top1: 0.4 top5: 0.43 top10: 0.396 top50: 0.382 top100: 0.391 top500: 0.49
2024-05-25 15:00:47.221 | INFO     | __main__:<module>:93 - epoch: 12, loss: 0.14131124317646027, metrics: top1: 0.4 top5: 0.43 top10: 0.396 top50: 0.382 top100: 0.391 top500: 0.49
2024-05-25 15:00:47.238 | INFO     | __main__:<module>:93 - epoch: 12, loss: 0.1571682244539261, metrics: top1: 0.4 top5: 0.43 top10: 0.396 top50: 0.382 top100: 0.391 top500: 0.49
2024-05-25 15:00:47.259 | INFO     | __main__:<module>:93 - epoch: 12, loss: 0.10849513113498688, metrics: top1: 0.4 top5: 0.43 top10: 0.396 top50: 0.382 top100: 0.391 top500: 0.49
2024-05-25 15:00:47.278 | INFO     | __main__:<module>:93 - epoch: 12, loss: 0.11362403631210327, metrics: top1: 0.4 top5: 0.43 top10: 0.396 top50: 0.382 top100: 0.391 top500: 0.49
2024-05-25 15:00:47.309 | INFO     | __main__:<module>:93 - epoch: 12, loss: 0.12988126277923584, metrics: top1: 0.4 top5: 0.43 top10: 0.396 top50: 0.382 top100: 0.391 top500: 0.49
2024-05-25 15:00:47.329 | INFO     | __main__:<module>:93 - epoch: 12, loss: 0.12698614597320557, metrics: top1: 0.4 top5: 0.43 top10: 0.396 top50: 0.382 top100: 0.391 top500: 0.49
2024-05-25 15:00:47.346 | INFO     | __main__:<module>:93 - epoch: 12, loss: 0.1444653570652008, metrics: top1: 0.4 top5: 0.43 top10: 0.396 top50: 0.382 top100: 0.391 top500: 0.49
2024-05-25 15:00:47.367 | INFO     | __main__:<module>:93 - epoch: 12, loss: 0.12305790185928345, metrics: top1: 0.4 top5: 0.43 top10: 0.396 top50: 0.382 top100: 0.391 top500: 0.49
2024-05-25 15:00:47.384 | INFO     | __main__:<module>:93 - epoch: 12, loss: 0.11387250572443008, metrics: top1: 0.4 top5: 0.43 top10: 0.396 top50: 0.382 top100: 0.391 top500: 0.49
2024-05-25 15:00:47.400 | INFO     | __main__:<module>:93 - epoch: 12, loss: 0.10705811530351639, metrics: top1: 0.4 top5: 0.43 top10: 0.396 top50: 0.382 top100: 0.391 top500: 0.49
2024-05-25 15:00:47.417 | INFO     | __main__:<module>:93 - epoch: 12, loss: 0.11689626425504684, metrics: top1: 0.4 top5: 0.43 top10: 0.396 top50: 0.382 top100: 0.391 top500: 0.49
2024-05-25 15:00:47.433 | INFO     | __main__:<module>:93 - epoch: 12, loss: 0.1089029312133789, metrics: top1: 0.4 top5: 0.43 top10: 0.396 top50: 0.382 top100: 0.391 top500: 0.49
2024-05-25 15:00:47.450 | INFO     | __main__:<module>:93 - epoch: 12, loss: 0.12082265317440033, metrics: top1: 0.4 top5: 0.43 top10: 0.396 top50: 0.382 top100: 0.391 top500: 0.49
2024-05-25 15:00:47.467 | INFO     | __main__:<module>:93 - epoch: 12, loss: 0.13797490298748016, metrics: top1: 0.4 top5: 0.43 top10: 0.396 top50: 0.382 top100: 0.391 top500: 0.49
2024-05-25 15:00:47.485 | INFO     | __main__:<module>:93 - epoch: 12, loss: 0.14870618283748627, metrics: top1: 0.4 top5: 0.43 top10: 0.396 top50: 0.382 top100: 0.391 top500: 0.49
2024-05-25 15:00:47.687 | INFO     | __main__:<module>:93 - epoch: 13, loss: 0.13131295144557953, metrics: top1: 0.4 top5: 0.43 top10: 0.396 top50: 0.382 top100: 0.391 top500: 0.49
2024-05-25 15:00:47.713 | INFO     | __main__:<module>:93 - epoch: 13, loss: 0.11261992156505585, metrics: top1: 0.4 top5: 0.43 top10: 0.396 top50: 0.382 top100: 0.391 top500: 0.49
2024-05-25 15:00:47.731 | INFO     | __main__:<module>:93 - epoch: 13, loss: 0.10283178091049194, metrics: top1: 0.4 top5: 0.43 top10: 0.396 top50: 0.382 top100: 0.391 top500: 0.49
2024-05-25 15:00:47.768 | INFO     | __main__:<module>:93 - epoch: 13, loss: 0.11009372770786285, metrics: top1: 0.4 top5: 0.43 top10: 0.396 top50: 0.382 top100: 0.391 top500: 0.49
2024-05-25 15:00:47.786 | INFO     | __main__:<module>:93 - epoch: 13, loss: 0.14449484646320343, metrics: top1: 0.4 top5: 0.43 top10: 0.396 top50: 0.382 top100: 0.391 top500: 0.49
2024-05-25 15:00:47.803 | INFO     | __main__:<module>:93 - epoch: 13, loss: 0.11161040514707565, metrics: top1: 0.4 top5: 0.43 top10: 0.396 top50: 0.382 top100: 0.391 top500: 0.49
2024-05-25 15:00:47.830 | INFO     | __main__:<module>:93 - epoch: 13, loss: 0.1587691307067871, metrics: top1: 0.4 top5: 0.43 top10: 0.396 top50: 0.382 top100: 0.391 top500: 0.49
2024-05-25 15:00:47.849 | INFO     | __main__:<module>:93 - epoch: 13, loss: 0.11039523780345917, metrics: top1: 0.4 top5: 0.43 top10: 0.396 top50: 0.382 top100: 0.391 top500: 0.49
2024-05-25 15:00:47.865 | INFO     | __main__:<module>:93 - epoch: 13, loss: 0.12196534126996994, metrics: top1: 0.4 top5: 0.43 top10: 0.396 top50: 0.382 top100: 0.391 top500: 0.49
2024-05-25 15:00:47.882 | INFO     | __main__:<module>:93 - epoch: 13, loss: 0.14402729272842407, metrics: top1: 0.4 top5: 0.43 top10: 0.396 top50: 0.382 top100: 0.391 top500: 0.49
2024-05-25 15:00:47.900 | INFO     | __main__:<module>:93 - epoch: 13, loss: 0.14311626553535461, metrics: top1: 0.4 top5: 0.43 top10: 0.396 top50: 0.382 top100: 0.391 top500: 0.49
2024-05-25 15:00:47.928 | INFO     | __main__:<module>:93 - epoch: 13, loss: 0.11263200640678406, metrics: top1: 0.4 top5: 0.43 top10: 0.396 top50: 0.382 top100: 0.391 top500: 0.49
2024-05-25 15:00:47.950 | INFO     | __main__:<module>:93 - epoch: 13, loss: 0.11577711254358292, metrics: top1: 0.4 top5: 0.43 top10: 0.396 top50: 0.382 top100: 0.391 top500: 0.49
2024-05-25 15:00:47.979 | INFO     | __main__:<module>:93 - epoch: 13, loss: 0.11160540580749512, metrics: top1: 0.4 top5: 0.43 top10: 0.396 top50: 0.382 top100: 0.391 top500: 0.49
2024-05-25 15:00:47.996 | INFO     | __main__:<module>:93 - epoch: 13, loss: 0.10985159128904343, metrics: top1: 0.4 top5: 0.43 top10: 0.396 top50: 0.382 top100: 0.391 top500: 0.49
2024-05-25 15:00:48.013 | INFO     | __main__:<module>:93 - epoch: 13, loss: 0.10932769626379013, metrics: top1: 0.4 top5: 0.43 top10: 0.396 top50: 0.382 top100: 0.391 top500: 0.49
2024-05-25 15:00:48.030 | INFO     | __main__:<module>:93 - epoch: 13, loss: 0.11649374663829803, metrics: top1: 0.4 top5: 0.43 top10: 0.396 top50: 0.382 top100: 0.391 top500: 0.49
2024-05-25 15:00:48.047 | INFO     | __main__:<module>:93 - epoch: 13, loss: 0.11246758699417114, metrics: top1: 0.4 top5: 0.43 top10: 0.396 top50: 0.382 top100: 0.391 top500: 0.49
2024-05-25 15:00:48.076 | INFO     | __main__:<module>:93 - epoch: 13, loss: 0.11297529935836792, metrics: top1: 0.4 top5: 0.43 top10: 0.396 top50: 0.382 top100: 0.391 top500: 0.49
2024-05-25 15:00:48.100 | INFO     | __main__:<module>:93 - epoch: 13, loss: 0.1535239815711975, metrics: top1: 0.4 top5: 0.43 top10: 0.396 top50: 0.382 top100: 0.391 top500: 0.49
2024-05-25 15:00:48.118 | INFO     | __main__:<module>:93 - epoch: 13, loss: 0.11206420511007309, metrics: top1: 0.4 top5: 0.43 top10: 0.396 top50: 0.382 top100: 0.391 top500: 0.49
2024-05-25 15:00:48.135 | INFO     | __main__:<module>:93 - epoch: 13, loss: 0.130416601896286, metrics: top1: 0.4 top5: 0.43 top10: 0.396 top50: 0.382 top100: 0.391 top500: 0.49
2024-05-25 15:00:48.153 | INFO     | __main__:<module>:93 - epoch: 13, loss: 0.1467062085866928, metrics: top1: 0.4 top5: 0.43 top10: 0.396 top50: 0.382 top100: 0.391 top500: 0.49
2024-05-25 15:00:48.163 | INFO     | __main__:<module>:93 - epoch: 13, loss: 0.1007954329252243, metrics: top1: 0.4 top5: 0.43 top10: 0.396 top50: 0.382 top100: 0.391 top500: 0.49
2024-05-25 15:00:48.344 | INFO     | __main__:<module>:93 - epoch: 14, loss: 0.12666133046150208, metrics: top1: 0.4 top5: 0.43 top10: 0.396 top50: 0.382 top100: 0.391 top500: 0.49
2024-05-25 15:00:48.369 | INFO     | __main__:<module>:93 - epoch: 14, loss: 0.12227427959442139, metrics: top1: 0.4 top5: 0.43 top10: 0.396 top50: 0.382 top100: 0.391 top500: 0.49
2024-05-25 15:00:48.407 | INFO     | __main__:<module>:93 - epoch: 14, loss: 0.12060653418302536, metrics: top1: 0.4 top5: 0.43 top10: 0.396 top50: 0.382 top100: 0.391 top500: 0.49
2024-05-25 15:00:48.439 | INFO     | __main__:<module>:93 - epoch: 14, loss: 0.1124909520149231, metrics: top1: 0.4 top5: 0.43 top10: 0.396 top50: 0.382 top100: 0.391 top500: 0.49
2024-05-25 15:00:48.456 | INFO     | __main__:<module>:93 - epoch: 14, loss: 0.11576034873723984, metrics: top1: 0.4 top5: 0.43 top10: 0.396 top50: 0.382 top100: 0.391 top500: 0.49
2024-05-25 15:00:48.476 | INFO     | __main__:<module>:93 - epoch: 14, loss: 0.12017986178398132, metrics: top1: 0.4 top5: 0.43 top10: 0.396 top50: 0.382 top100: 0.391 top500: 0.49
2024-05-25 15:00:48.496 | INFO     | __main__:<module>:93 - epoch: 14, loss: 0.15826475620269775, metrics: top1: 0.4 top5: 0.43 top10: 0.396 top50: 0.382 top100: 0.391 top500: 0.49
2024-05-25 15:00:48.515 | INFO     | __main__:<module>:93 - epoch: 14, loss: 0.11721138656139374, metrics: top1: 0.4 top5: 0.43 top10: 0.396 top50: 0.382 top100: 0.391 top500: 0.49
2024-05-25 15:00:48.534 | INFO     | __main__:<module>:93 - epoch: 14, loss: 0.11885412037372589, metrics: top1: 0.4 top5: 0.43 top10: 0.396 top50: 0.382 top100: 0.391 top500: 0.49
2024-05-25 15:00:48.551 | INFO     | __main__:<module>:93 - epoch: 14, loss: 0.12767188251018524, metrics: top1: 0.4 top5: 0.43 top10: 0.396 top50: 0.382 top100: 0.391 top500: 0.49
2024-05-25 15:00:48.567 | INFO     | __main__:<module>:93 - epoch: 14, loss: 0.11298604309558868, metrics: top1: 0.4 top5: 0.43 top10: 0.396 top50: 0.382 top100: 0.391 top500: 0.49
2024-05-25 15:00:48.583 | INFO     | __main__:<module>:93 - epoch: 14, loss: 0.1178700178861618, metrics: top1: 0.4 top5: 0.43 top10: 0.396 top50: 0.382 top100: 0.391 top500: 0.49
2024-05-25 15:00:48.614 | INFO     | __main__:<module>:93 - epoch: 14, loss: 0.11564703285694122, metrics: top1: 0.4 top5: 0.43 top10: 0.396 top50: 0.382 top100: 0.391 top500: 0.49
2024-05-25 15:00:48.632 | INFO     | __main__:<module>:93 - epoch: 14, loss: 0.10045398026704788, metrics: top1: 0.4 top5: 0.43 top10: 0.396 top50: 0.382 top100: 0.391 top500: 0.49
2024-05-25 15:00:48.660 | INFO     | __main__:<module>:93 - epoch: 14, loss: 0.0988888218998909, metrics: top1: 0.4 top5: 0.43 top10: 0.396 top50: 0.382 top100: 0.391 top500: 0.49
2024-05-25 15:00:48.681 | INFO     | __main__:<module>:93 - epoch: 14, loss: 0.11289939284324646, metrics: top1: 0.4 top5: 0.43 top10: 0.396 top50: 0.382 top100: 0.391 top500: 0.49
2024-05-25 15:00:48.699 | INFO     | __main__:<module>:93 - epoch: 14, loss: 0.1305757462978363, metrics: top1: 0.4 top5: 0.43 top10: 0.396 top50: 0.382 top100: 0.391 top500: 0.49
2024-05-25 15:00:48.723 | INFO     | __main__:<module>:93 - epoch: 14, loss: 0.11780702322721481, metrics: top1: 0.4 top5: 0.43 top10: 0.396 top50: 0.382 top100: 0.391 top500: 0.49
2024-05-25 15:00:48.742 | INFO     | __main__:<module>:93 - epoch: 14, loss: 0.1145080029964447, metrics: top1: 0.4 top5: 0.43 top10: 0.396 top50: 0.382 top100: 0.391 top500: 0.49
2024-05-25 15:00:48.759 | INFO     | __main__:<module>:93 - epoch: 14, loss: 0.10818841308355331, metrics: top1: 0.4 top5: 0.43 top10: 0.396 top50: 0.382 top100: 0.391 top500: 0.49
2024-05-25 15:00:48.775 | INFO     | __main__:<module>:93 - epoch: 14, loss: 0.11191199719905853, metrics: top1: 0.4 top5: 0.43 top10: 0.396 top50: 0.382 top100: 0.391 top500: 0.49
2024-05-25 15:00:48.803 | INFO     | __main__:<module>:93 - epoch: 14, loss: 0.12399030476808548, metrics: top1: 0.4 top5: 0.43 top10: 0.396 top50: 0.382 top100: 0.391 top500: 0.49
2024-05-25 15:00:48.822 | INFO     | __main__:<module>:93 - epoch: 14, loss: 0.12806791067123413, metrics: top1: 0.4 top5: 0.43 top10: 0.396 top50: 0.382 top100: 0.391 top500: 0.49
2024-05-25 15:00:48.833 | INFO     | __main__:<module>:93 - epoch: 14, loss: 0.07684700191020966, metrics: top1: 0.4 top5: 0.43 top10: 0.396 top50: 0.382 top100: 0.391 top500: 0.49
2024-05-25 15:00:49.016 | INFO     | __main__:<module>:93 - epoch: 15, loss: 0.10052676498889923, metrics: top1: 0.4 top5: 0.43 top10: 0.396 top50: 0.382 top100: 0.391 top500: 0.49
2024-05-25 15:00:49.033 | INFO     | __main__:<module>:93 - epoch: 15, loss: 0.10262581706047058, metrics: top1: 0.4 top5: 0.43 top10: 0.396 top50: 0.382 top100: 0.391 top500: 0.49
2024-05-25 15:00:49.051 | INFO     | __main__:<module>:93 - epoch: 15, loss: 0.1337500363588333, metrics: top1: 0.4 top5: 0.43 top10: 0.396 top50: 0.382 top100: 0.391 top500: 0.49
2024-05-25 15:00:49.083 | INFO     | __main__:<module>:93 - epoch: 15, loss: 0.1292635202407837, metrics: top1: 0.4 top5: 0.43 top10: 0.396 top50: 0.382 top100: 0.391 top500: 0.49
2024-05-25 15:00:49.100 | INFO     | __main__:<module>:93 - epoch: 15, loss: 0.1053018793463707, metrics: top1: 0.4 top5: 0.43 top10: 0.396 top50: 0.382 top100: 0.391 top500: 0.49
2024-05-25 15:00:49.117 | INFO     | __main__:<module>:93 - epoch: 15, loss: 0.09613405913114548, metrics: top1: 0.4 top5: 0.43 top10: 0.396 top50: 0.382 top100: 0.391 top500: 0.49
2024-05-25 15:00:49.133 | INFO     | __main__:<module>:93 - epoch: 15, loss: 0.12162748724222183, metrics: top1: 0.4 top5: 0.43 top10: 0.396 top50: 0.382 top100: 0.391 top500: 0.49
2024-05-25 15:00:49.150 | INFO     | __main__:<module>:93 - epoch: 15, loss: 0.10472363233566284, metrics: top1: 0.4 top5: 0.43 top10: 0.396 top50: 0.382 top100: 0.391 top500: 0.49
2024-05-25 15:00:49.165 | INFO     | __main__:<module>:93 - epoch: 15, loss: 0.1069657951593399, metrics: top1: 0.4 top5: 0.43 top10: 0.396 top50: 0.382 top100: 0.391 top500: 0.49
2024-05-25 15:00:49.181 | INFO     | __main__:<module>:93 - epoch: 15, loss: 0.09197267889976501, metrics: top1: 0.4 top5: 0.43 top10: 0.396 top50: 0.382 top100: 0.391 top500: 0.49
2024-05-25 15:00:49.197 | INFO     | __main__:<module>:93 - epoch: 15, loss: 0.08674875646829605, metrics: top1: 0.4 top5: 0.43 top10: 0.396 top50: 0.382 top100: 0.391 top500: 0.49
2024-05-25 15:00:49.213 | INFO     | __main__:<module>:93 - epoch: 15, loss: 0.13571608066558838, metrics: top1: 0.4 top5: 0.43 top10: 0.396 top50: 0.382 top100: 0.391 top500: 0.49
2024-05-25 15:00:49.229 | INFO     | __main__:<module>:93 - epoch: 15, loss: 0.11202791333198547, metrics: top1: 0.4 top5: 0.43 top10: 0.396 top50: 0.382 top100: 0.391 top500: 0.49
2024-05-25 15:00:49.245 | INFO     | __main__:<module>:93 - epoch: 15, loss: 0.09161204099655151, metrics: top1: 0.4 top5: 0.43 top10: 0.396 top50: 0.382 top100: 0.391 top500: 0.49
2024-05-25 15:00:49.261 | INFO     | __main__:<module>:93 - epoch: 15, loss: 0.09786398708820343, metrics: top1: 0.4 top5: 0.43 top10: 0.396 top50: 0.382 top100: 0.391 top500: 0.49
2024-05-25 15:00:49.277 | INFO     | __main__:<module>:93 - epoch: 15, loss: 0.1109696701169014, metrics: top1: 0.4 top5: 0.43 top10: 0.396 top50: 0.382 top100: 0.391 top500: 0.49
2024-05-25 15:00:49.294 | INFO     | __main__:<module>:93 - epoch: 15, loss: 0.10229548811912537, metrics: top1: 0.4 top5: 0.43 top10: 0.396 top50: 0.382 top100: 0.391 top500: 0.49
2024-05-25 15:00:49.311 | INFO     | __main__:<module>:93 - epoch: 15, loss: 0.10711713135242462, metrics: top1: 0.4 top5: 0.43 top10: 0.396 top50: 0.382 top100: 0.391 top500: 0.49
2024-05-25 15:00:49.327 | INFO     | __main__:<module>:93 - epoch: 15, loss: 0.10150042176246643, metrics: top1: 0.4 top5: 0.43 top10: 0.396 top50: 0.382 top100: 0.391 top500: 0.49
2024-05-25 15:00:49.344 | INFO     | __main__:<module>:93 - epoch: 15, loss: 0.13922181725502014, metrics: top1: 0.4 top5: 0.43 top10: 0.396 top50: 0.382 top100: 0.391 top500: 0.49
2024-05-25 15:00:49.361 | INFO     | __main__:<module>:93 - epoch: 15, loss: 0.10720101743936539, metrics: top1: 0.4 top5: 0.43 top10: 0.396 top50: 0.382 top100: 0.391 top500: 0.49
2024-05-25 15:00:49.390 | INFO     | __main__:<module>:93 - epoch: 15, loss: 0.09618262946605682, metrics: top1: 0.4 top5: 0.43 top10: 0.396 top50: 0.382 top100: 0.391 top500: 0.49
2024-05-25 15:00:49.413 | INFO     | __main__:<module>:93 - epoch: 15, loss: 0.09917983412742615, metrics: top1: 0.4 top5: 0.43 top10: 0.396 top50: 0.382 top100: 0.391 top500: 0.49
2024-05-25 15:00:49.422 | INFO     | __main__:<module>:93 - epoch: 15, loss: 0.14436441659927368, metrics: top1: 0.4 top5: 0.43 top10: 0.396 top50: 0.382 top100: 0.391 top500: 0.49
2024-05-25 15:00:51.085 | INFO     | __main__:<module>:93 - epoch: 16, loss: 0.1038738340139389, metrics: top1: 0.4 top5: 0.43 top10: 0.396 top50: 0.382 top100: 0.391 top500: 0.49
2024-05-25 15:00:51.106 | INFO     | __main__:<module>:93 - epoch: 16, loss: 0.0954296737909317, metrics: top1: 0.4 top5: 0.43 top10: 0.396 top50: 0.382 top100: 0.391 top500: 0.49
2024-05-25 15:00:51.140 | INFO     | __main__:<module>:93 - epoch: 16, loss: 0.10971591621637344, metrics: top1: 0.4 top5: 0.43 top10: 0.396 top50: 0.382 top100: 0.391 top500: 0.49
2024-05-25 15:00:51.186 | INFO     | __main__:<module>:93 - epoch: 16, loss: 0.11332195997238159, metrics: top1: 0.4 top5: 0.43 top10: 0.396 top50: 0.382 top100: 0.391 top500: 0.49
2024-05-25 15:00:51.203 | INFO     | __main__:<module>:93 - epoch: 16, loss: 0.10204853117465973, metrics: top1: 0.4 top5: 0.43 top10: 0.396 top50: 0.382 top100: 0.391 top500: 0.49
2024-05-25 15:00:51.220 | INFO     | __main__:<module>:93 - epoch: 16, loss: 0.08724707365036011, metrics: top1: 0.4 top5: 0.43 top10: 0.396 top50: 0.382 top100: 0.391 top500: 0.49
2024-05-25 15:00:51.236 | INFO     | __main__:<module>:93 - epoch: 16, loss: 0.08205702900886536, metrics: top1: 0.4 top5: 0.43 top10: 0.396 top50: 0.382 top100: 0.391 top500: 0.49
2024-05-25 15:00:51.253 | INFO     | __main__:<module>:93 - epoch: 16, loss: 0.11129356175661087, metrics: top1: 0.4 top5: 0.43 top10: 0.396 top50: 0.382 top100: 0.391 top500: 0.49
2024-05-25 15:00:51.270 | INFO     | __main__:<module>:93 - epoch: 16, loss: 0.09409590065479279, metrics: top1: 0.4 top5: 0.43 top10: 0.396 top50: 0.382 top100: 0.391 top500: 0.49
2024-05-25 15:00:51.295 | INFO     | __main__:<module>:93 - epoch: 16, loss: 0.10595399141311646, metrics: top1: 0.4 top5: 0.43 top10: 0.396 top50: 0.382 top100: 0.391 top500: 0.49
2024-05-25 15:00:51.317 | INFO     | __main__:<module>:93 - epoch: 16, loss: 0.08763672411441803, metrics: top1: 0.4 top5: 0.43 top10: 0.396 top50: 0.382 top100: 0.391 top500: 0.49
2024-05-25 15:00:51.335 | INFO     | __main__:<module>:93 - epoch: 16, loss: 0.10560459643602371, metrics: top1: 0.4 top5: 0.43 top10: 0.396 top50: 0.382 top100: 0.391 top500: 0.49
2024-05-25 15:00:51.366 | INFO     | __main__:<module>:93 - epoch: 16, loss: 0.135667622089386, metrics: top1: 0.4 top5: 0.43 top10: 0.396 top50: 0.382 top100: 0.391 top500: 0.49
2024-05-25 15:00:51.396 | INFO     | __main__:<module>:93 - epoch: 16, loss: 0.12160974740982056, metrics: top1: 0.4 top5: 0.43 top10: 0.396 top50: 0.382 top100: 0.391 top500: 0.49
2024-05-25 15:00:51.415 | INFO     | __main__:<module>:93 - epoch: 16, loss: 0.12589985132217407, metrics: top1: 0.4 top5: 0.43 top10: 0.396 top50: 0.382 top100: 0.391 top500: 0.49
2024-05-25 15:00:51.433 | INFO     | __main__:<module>:93 - epoch: 16, loss: 0.10789615660905838, metrics: top1: 0.4 top5: 0.43 top10: 0.396 top50: 0.382 top100: 0.391 top500: 0.49
2024-05-25 15:00:51.449 | INFO     | __main__:<module>:93 - epoch: 16, loss: 0.0879172533750534, metrics: top1: 0.4 top5: 0.43 top10: 0.396 top50: 0.382 top100: 0.391 top500: 0.49
2024-05-25 15:00:51.466 | INFO     | __main__:<module>:93 - epoch: 16, loss: 0.11121568083763123, metrics: top1: 0.4 top5: 0.43 top10: 0.396 top50: 0.382 top100: 0.391 top500: 0.49
2024-05-25 15:00:51.485 | INFO     | __main__:<module>:93 - epoch: 16, loss: 0.08627457916736603, metrics: top1: 0.4 top5: 0.43 top10: 0.396 top50: 0.382 top100: 0.391 top500: 0.49
2024-05-25 15:00:51.503 | INFO     | __main__:<module>:93 - epoch: 16, loss: 0.1162615567445755, metrics: top1: 0.4 top5: 0.43 top10: 0.396 top50: 0.382 top100: 0.391 top500: 0.49
2024-05-25 15:00:51.533 | INFO     | __main__:<module>:93 - epoch: 16, loss: 0.11248667538166046, metrics: top1: 0.4 top5: 0.43 top10: 0.396 top50: 0.382 top100: 0.391 top500: 0.49
2024-05-25 15:00:51.561 | INFO     | __main__:<module>:93 - epoch: 16, loss: 0.09927485883235931, metrics: top1: 0.4 top5: 0.43 top10: 0.396 top50: 0.382 top100: 0.391 top500: 0.49
2024-05-25 15:00:51.583 | INFO     | __main__:<module>:93 - epoch: 16, loss: 0.09873174130916595, metrics: top1: 0.4 top5: 0.43 top10: 0.396 top50: 0.382 top100: 0.391 top500: 0.49
2024-05-25 15:00:51.604 | INFO     | __main__:<module>:93 - epoch: 16, loss: 0.06898593157529831, metrics: top1: 0.4 top5: 0.43 top10: 0.396 top50: 0.382 top100: 0.391 top500: 0.49
2024-05-25 15:00:51.793 | INFO     | __main__:<module>:93 - epoch: 17, loss: 0.09603075683116913, metrics: top1: 0.4 top5: 0.43 top10: 0.396 top50: 0.382 top100: 0.391 top500: 0.49
2024-05-25 15:00:51.814 | INFO     | __main__:<module>:93 - epoch: 17, loss: 0.09894450008869171, metrics: top1: 0.4 top5: 0.43 top10: 0.396 top50: 0.382 top100: 0.391 top500: 0.49
2024-05-25 15:00:51.830 | INFO     | __main__:<module>:93 - epoch: 17, loss: 0.10091954469680786, metrics: top1: 0.4 top5: 0.43 top10: 0.396 top50: 0.382 top100: 0.391 top500: 0.49
2024-05-25 15:00:51.879 | INFO     | __main__:<module>:93 - epoch: 17, loss: 0.10208729654550552, metrics: top1: 0.4 top5: 0.43 top10: 0.396 top50: 0.382 top100: 0.391 top500: 0.49
2024-05-25 15:00:51.900 | INFO     | __main__:<module>:93 - epoch: 17, loss: 0.09743562340736389, metrics: top1: 0.4 top5: 0.43 top10: 0.396 top50: 0.382 top100: 0.391 top500: 0.49
2024-05-25 15:00:51.915 | INFO     | __main__:<module>:93 - epoch: 17, loss: 0.0829944908618927, metrics: top1: 0.4 top5: 0.43 top10: 0.396 top50: 0.382 top100: 0.391 top500: 0.49
2024-05-25 15:00:51.933 | INFO     | __main__:<module>:93 - epoch: 17, loss: 0.08040547370910645, metrics: top1: 0.4 top5: 0.43 top10: 0.396 top50: 0.382 top100: 0.391 top500: 0.49
2024-05-25 15:00:51.951 | INFO     | __main__:<module>:93 - epoch: 17, loss: 0.13258405029773712, metrics: top1: 0.4 top5: 0.43 top10: 0.396 top50: 0.382 top100: 0.391 top500: 0.49
2024-05-25 15:00:51.967 | INFO     | __main__:<module>:93 - epoch: 17, loss: 0.08721515536308289, metrics: top1: 0.4 top5: 0.43 top10: 0.396 top50: 0.382 top100: 0.391 top500: 0.49
2024-05-25 15:00:51.989 | INFO     | __main__:<module>:93 - epoch: 17, loss: 0.09365012496709824, metrics: top1: 0.4 top5: 0.43 top10: 0.396 top50: 0.382 top100: 0.391 top500: 0.49
2024-05-25 15:00:52.006 | INFO     | __main__:<module>:93 - epoch: 17, loss: 0.0924457311630249, metrics: top1: 0.4 top5: 0.43 top10: 0.396 top50: 0.382 top100: 0.391 top500: 0.49
2024-05-25 15:00:52.023 | INFO     | __main__:<module>:93 - epoch: 17, loss: 0.07944172620773315, metrics: top1: 0.4 top5: 0.43 top10: 0.396 top50: 0.382 top100: 0.391 top500: 0.49
2024-05-25 15:00:52.054 | INFO     | __main__:<module>:93 - epoch: 17, loss: 0.0741022527217865, metrics: top1: 0.4 top5: 0.43 top10: 0.396 top50: 0.382 top100: 0.391 top500: 0.49
2024-05-25 15:00:52.073 | INFO     | __main__:<module>:93 - epoch: 17, loss: 0.10124318301677704, metrics: top1: 0.4 top5: 0.43 top10: 0.396 top50: 0.382 top100: 0.391 top500: 0.49
2024-05-25 15:00:52.097 | INFO     | __main__:<module>:93 - epoch: 17, loss: 0.08615678548812866, metrics: top1: 0.4 top5: 0.43 top10: 0.396 top50: 0.382 top100: 0.391 top500: 0.49
2024-05-25 15:00:52.115 | INFO     | __main__:<module>:93 - epoch: 17, loss: 0.10978608578443527, metrics: top1: 0.4 top5: 0.43 top10: 0.396 top50: 0.382 top100: 0.391 top500: 0.49
2024-05-25 15:00:52.141 | INFO     | __main__:<module>:93 - epoch: 17, loss: 0.0965067595243454, metrics: top1: 0.4 top5: 0.43 top10: 0.396 top50: 0.382 top100: 0.391 top500: 0.49
2024-05-25 15:00:52.169 | INFO     | __main__:<module>:93 - epoch: 17, loss: 0.11702883243560791, metrics: top1: 0.4 top5: 0.43 top10: 0.396 top50: 0.382 top100: 0.391 top500: 0.49
2024-05-25 15:00:52.192 | INFO     | __main__:<module>:93 - epoch: 17, loss: 0.09927617013454437, metrics: top1: 0.4 top5: 0.43 top10: 0.396 top50: 0.382 top100: 0.391 top500: 0.49
2024-05-25 15:00:52.210 | INFO     | __main__:<module>:93 - epoch: 17, loss: 0.08860521018505096, metrics: top1: 0.4 top5: 0.43 top10: 0.396 top50: 0.382 top100: 0.391 top500: 0.49
2024-05-25 15:00:52.227 | INFO     | __main__:<module>:93 - epoch: 17, loss: 0.12023232877254486, metrics: top1: 0.4 top5: 0.43 top10: 0.396 top50: 0.382 top100: 0.391 top500: 0.49
2024-05-25 15:00:52.244 | INFO     | __main__:<module>:93 - epoch: 17, loss: 0.10501264035701752, metrics: top1: 0.4 top5: 0.43 top10: 0.396 top50: 0.382 top100: 0.391 top500: 0.49
2024-05-25 15:00:52.261 | INFO     | __main__:<module>:93 - epoch: 17, loss: 0.11583656072616577, metrics: top1: 0.4 top5: 0.43 top10: 0.396 top50: 0.382 top100: 0.391 top500: 0.49
2024-05-25 15:00:52.272 | INFO     | __main__:<module>:93 - epoch: 17, loss: 0.11700024455785751, metrics: top1: 0.4 top5: 0.43 top10: 0.396 top50: 0.382 top100: 0.391 top500: 0.49
2024-05-25 15:00:52.466 | INFO     | __main__:<module>:93 - epoch: 18, loss: 0.08656267821788788, metrics: top1: 0.4 top5: 0.43 top10: 0.396 top50: 0.382 top100: 0.391 top500: 0.49
2024-05-25 15:00:52.491 | INFO     | __main__:<module>:93 - epoch: 18, loss: 0.09734060615301132, metrics: top1: 0.4 top5: 0.43 top10: 0.396 top50: 0.382 top100: 0.391 top500: 0.49
2024-05-25 15:00:52.521 | INFO     | __main__:<module>:93 - epoch: 18, loss: 0.10525970906019211, metrics: top1: 0.4 top5: 0.43 top10: 0.396 top50: 0.382 top100: 0.391 top500: 0.49
2024-05-25 15:00:52.580 | INFO     | __main__:<module>:93 - epoch: 18, loss: 0.12389574199914932, metrics: top1: 0.4 top5: 0.43 top10: 0.396 top50: 0.382 top100: 0.391 top500: 0.49
2024-05-25 15:00:52.599 | INFO     | __main__:<module>:93 - epoch: 18, loss: 0.09930840134620667, metrics: top1: 0.4 top5: 0.43 top10: 0.396 top50: 0.382 top100: 0.391 top500: 0.49
2024-05-25 15:00:52.626 | INFO     | __main__:<module>:93 - epoch: 18, loss: 0.08693249523639679, metrics: top1: 0.4 top5: 0.43 top10: 0.396 top50: 0.382 top100: 0.391 top500: 0.49
2024-05-25 15:00:52.651 | INFO     | __main__:<module>:93 - epoch: 18, loss: 0.08927652984857559, metrics: top1: 0.4 top5: 0.43 top10: 0.396 top50: 0.382 top100: 0.391 top500: 0.49
