2024-05-25 15:34:48.720 | INFO     | __main__:<module>:67 - start training
2024-05-25 15:34:48.720 | INFO     | __main__:<module>:68 - seed: 2023
2024-05-25 15:34:49.868 | INFO     | __main__:<module>:98 - epoch: 0, loss: 0.7993640899658203, metrics: top1: 0 top5: 0 top10: 0 top50: 0 top100: 0 top500: 0
2024-05-25 15:34:49.889 | INFO     | __main__:<module>:98 - epoch: 0, loss: 0.79702228307724, metrics: top1: 0 top5: 0 top10: 0 top50: 0 top100: 0 top500: 0
2024-05-25 15:34:49.922 | INFO     | __main__:<module>:98 - epoch: 0, loss: 0.8038091063499451, metrics: top1: 0 top5: 0 top10: 0 top50: 0 top100: 0 top500: 0
2024-05-25 15:34:49.964 | INFO     | __main__:<module>:98 - epoch: 0, loss: 0.7944923639297485, metrics: top1: 0 top5: 0 top10: 0 top50: 0 top100: 0 top500: 0
2024-05-25 15:34:49.983 | INFO     | __main__:<module>:98 - epoch: 0, loss: 0.7965179681777954, metrics: top1: 0 top5: 0 top10: 0 top50: 0 top100: 0 top500: 0
2024-05-25 15:34:49.998 | INFO     | __main__:<module>:98 - epoch: 0, loss: 0.793774425983429, metrics: top1: 0 top5: 0 top10: 0 top50: 0 top100: 0 top500: 0
2024-05-25 15:34:50.013 | INFO     | __main__:<module>:98 - epoch: 0, loss: 0.7834016680717468, metrics: top1: 0 top5: 0 top10: 0 top50: 0 top100: 0 top500: 0
2024-05-25 15:34:50.030 | INFO     | __main__:<module>:98 - epoch: 0, loss: 0.7764729857444763, metrics: top1: 0 top5: 0 top10: 0 top50: 0 top100: 0 top500: 0
2024-05-25 15:34:50.044 | INFO     | __main__:<module>:98 - epoch: 0, loss: 0.784188449382782, metrics: top1: 0 top5: 0 top10: 0 top50: 0 top100: 0 top500: 0
2024-05-25 15:34:50.061 | INFO     | __main__:<module>:98 - epoch: 0, loss: 0.7704991698265076, metrics: top1: 0 top5: 0 top10: 0 top50: 0 top100: 0 top500: 0
2024-05-25 15:34:50.077 | INFO     | __main__:<module>:98 - epoch: 0, loss: 0.7602638006210327, metrics: top1: 0 top5: 0 top10: 0 top50: 0 top100: 0 top500: 0
2024-05-25 15:34:50.094 | INFO     | __main__:<module>:98 - epoch: 0, loss: 0.7511557340621948, metrics: top1: 0 top5: 0 top10: 0 top50: 0 top100: 0 top500: 0
2024-05-25 15:34:50.122 | INFO     | __main__:<module>:98 - epoch: 0, loss: 0.7394838333129883, metrics: top1: 0 top5: 0 top10: 0 top50: 0 top100: 0 top500: 0
2024-05-25 15:34:50.139 | INFO     | __main__:<module>:98 - epoch: 0, loss: 0.7213321924209595, metrics: top1: 0 top5: 0 top10: 0 top50: 0 top100: 0 top500: 0
2024-05-25 15:34:50.155 | INFO     | __main__:<module>:98 - epoch: 0, loss: 0.7003120183944702, metrics: top1: 0 top5: 0 top10: 0 top50: 0 top100: 0 top500: 0
2024-05-25 15:34:50.179 | INFO     | __main__:<module>:98 - epoch: 0, loss: 0.680342972278595, metrics: top1: 0 top5: 0 top10: 0 top50: 0 top100: 0 top500: 0
2024-05-25 15:34:50.194 | INFO     | __main__:<module>:98 - epoch: 0, loss: 0.6716533899307251, metrics: top1: 0 top5: 0 top10: 0 top50: 0 top100: 0 top500: 0
2024-05-25 15:34:50.210 | INFO     | __main__:<module>:98 - epoch: 0, loss: 0.6318570971488953, metrics: top1: 0 top5: 0 top10: 0 top50: 0 top100: 0 top500: 0
2024-05-25 15:34:50.227 | INFO     | __main__:<module>:98 - epoch: 0, loss: 0.5900198817253113, metrics: top1: 0 top5: 0 top10: 0 top50: 0 top100: 0 top500: 0
2024-05-25 15:34:50.243 | INFO     | __main__:<module>:98 - epoch: 0, loss: 0.595146656036377, metrics: top1: 0 top5: 0 top10: 0 top50: 0 top100: 0 top500: 0
2024-05-25 15:34:50.260 | INFO     | __main__:<module>:98 - epoch: 0, loss: 0.5435110330581665, metrics: top1: 0 top5: 0 top10: 0 top50: 0 top100: 0 top500: 0
2024-05-25 15:34:50.276 | INFO     | __main__:<module>:98 - epoch: 0, loss: 0.5187361240386963, metrics: top1: 0 top5: 0 top10: 0 top50: 0 top100: 0 top500: 0
2024-05-25 15:34:50.294 | INFO     | __main__:<module>:98 - epoch: 0, loss: 0.49413400888442993, metrics: top1: 0 top5: 0 top10: 0 top50: 0 top100: 0 top500: 0
2024-05-25 15:34:50.354 | INFO     | __main__:<module>:98 - epoch: 0, loss: 0.5121155977249146, metrics: top1: 0 top5: 0 top10: 0 top50: 0 top100: 0 top500: 0
2024-05-25 15:34:52.051 | INFO     | __main__:<module>:98 - epoch: 1, loss: 0.5833717584609985, metrics: top1: 0.44 top5: 0.397 top10: 0.357 top50: 0.337 top100: 0.351 top500: 0.547
2024-05-25 15:34:52.101 | INFO     | __main__:<module>:98 - epoch: 1, loss: 0.5176700353622437, metrics: top1: 0.44 top5: 0.397 top10: 0.357 top50: 0.337 top100: 0.351 top500: 0.547
2024-05-25 15:34:52.129 | INFO     | __main__:<module>:98 - epoch: 1, loss: 0.5143335461616516, metrics: top1: 0.44 top5: 0.397 top10: 0.357 top50: 0.337 top100: 0.351 top500: 0.547
2024-05-25 15:34:52.154 | INFO     | __main__:<module>:98 - epoch: 1, loss: 0.554201066493988, metrics: top1: 0.44 top5: 0.397 top10: 0.357 top50: 0.337 top100: 0.351 top500: 0.547
2024-05-25 15:34:52.182 | INFO     | __main__:<module>:98 - epoch: 1, loss: 0.5017077922821045, metrics: top1: 0.44 top5: 0.397 top10: 0.357 top50: 0.337 top100: 0.351 top500: 0.547
2024-05-25 15:34:52.200 | INFO     | __main__:<module>:98 - epoch: 1, loss: 0.4952335059642792, metrics: top1: 0.44 top5: 0.397 top10: 0.357 top50: 0.337 top100: 0.351 top500: 0.547
2024-05-25 15:34:52.229 | INFO     | __main__:<module>:98 - epoch: 1, loss: 0.5115612149238586, metrics: top1: 0.44 top5: 0.397 top10: 0.357 top50: 0.337 top100: 0.351 top500: 0.547
2024-05-25 15:34:52.248 | INFO     | __main__:<module>:98 - epoch: 1, loss: 0.4478308856487274, metrics: top1: 0.44 top5: 0.397 top10: 0.357 top50: 0.337 top100: 0.351 top500: 0.547
2024-05-25 15:34:52.271 | INFO     | __main__:<module>:98 - epoch: 1, loss: 0.5132758021354675, metrics: top1: 0.44 top5: 0.397 top10: 0.357 top50: 0.337 top100: 0.351 top500: 0.547
2024-05-25 15:34:52.289 | INFO     | __main__:<module>:98 - epoch: 1, loss: 0.4919183850288391, metrics: top1: 0.44 top5: 0.397 top10: 0.357 top50: 0.337 top100: 0.351 top500: 0.547
2024-05-25 15:34:52.312 | INFO     | __main__:<module>:98 - epoch: 1, loss: 0.5078772306442261, metrics: top1: 0.44 top5: 0.397 top10: 0.357 top50: 0.337 top100: 0.351 top500: 0.547
2024-05-25 15:34:52.332 | INFO     | __main__:<module>:98 - epoch: 1, loss: 0.49288204312324524, metrics: top1: 0.44 top5: 0.397 top10: 0.357 top50: 0.337 top100: 0.351 top500: 0.547
2024-05-25 15:34:52.350 | INFO     | __main__:<module>:98 - epoch: 1, loss: 0.48084592819213867, metrics: top1: 0.44 top5: 0.397 top10: 0.357 top50: 0.337 top100: 0.351 top500: 0.547
2024-05-25 15:34:52.367 | INFO     | __main__:<module>:98 - epoch: 1, loss: 0.48832055926322937, metrics: top1: 0.44 top5: 0.397 top10: 0.357 top50: 0.337 top100: 0.351 top500: 0.547
2024-05-25 15:34:52.385 | INFO     | __main__:<module>:98 - epoch: 1, loss: 0.5475119948387146, metrics: top1: 0.44 top5: 0.397 top10: 0.357 top50: 0.337 top100: 0.351 top500: 0.547
2024-05-25 15:34:52.402 | INFO     | __main__:<module>:98 - epoch: 1, loss: 0.5023210048675537, metrics: top1: 0.44 top5: 0.397 top10: 0.357 top50: 0.337 top100: 0.351 top500: 0.547
2024-05-25 15:34:52.419 | INFO     | __main__:<module>:98 - epoch: 1, loss: 0.46898454427719116, metrics: top1: 0.44 top5: 0.397 top10: 0.357 top50: 0.337 top100: 0.351 top500: 0.547
2024-05-25 15:34:52.436 | INFO     | __main__:<module>:98 - epoch: 1, loss: 0.4600987434387207, metrics: top1: 0.44 top5: 0.397 top10: 0.357 top50: 0.337 top100: 0.351 top500: 0.547
2024-05-25 15:34:52.452 | INFO     | __main__:<module>:98 - epoch: 1, loss: 0.4296073615550995, metrics: top1: 0.44 top5: 0.397 top10: 0.357 top50: 0.337 top100: 0.351 top500: 0.547
2024-05-25 15:34:52.468 | INFO     | __main__:<module>:98 - epoch: 1, loss: 0.49368464946746826, metrics: top1: 0.44 top5: 0.397 top10: 0.357 top50: 0.337 top100: 0.351 top500: 0.547
2024-05-25 15:34:52.484 | INFO     | __main__:<module>:98 - epoch: 1, loss: 0.42209434509277344, metrics: top1: 0.44 top5: 0.397 top10: 0.357 top50: 0.337 top100: 0.351 top500: 0.547
2024-05-25 15:34:52.500 | INFO     | __main__:<module>:98 - epoch: 1, loss: 0.455443799495697, metrics: top1: 0.44 top5: 0.397 top10: 0.357 top50: 0.337 top100: 0.351 top500: 0.547
2024-05-25 15:34:52.517 | INFO     | __main__:<module>:98 - epoch: 1, loss: 0.4949389100074768, metrics: top1: 0.44 top5: 0.397 top10: 0.357 top50: 0.337 top100: 0.351 top500: 0.547
2024-05-25 15:34:52.526 | INFO     | __main__:<module>:98 - epoch: 1, loss: 0.45376724004745483, metrics: top1: 0.44 top5: 0.397 top10: 0.357 top50: 0.337 top100: 0.351 top500: 0.547
2024-05-25 15:34:52.770 | INFO     | __main__:<module>:98 - epoch: 2, loss: 0.4359701871871948, metrics: top1: 0.44 top5: 0.397 top10: 0.357 top50: 0.337 top100: 0.351 top500: 0.547
2024-05-25 15:34:52.787 | INFO     | __main__:<module>:98 - epoch: 2, loss: 0.4084876775741577, metrics: top1: 0.44 top5: 0.397 top10: 0.357 top50: 0.337 top100: 0.351 top500: 0.547
2024-05-25 15:34:52.833 | INFO     | __main__:<module>:98 - epoch: 2, loss: 0.4426124095916748, metrics: top1: 0.44 top5: 0.397 top10: 0.357 top50: 0.337 top100: 0.351 top500: 0.547
2024-05-25 15:34:52.886 | INFO     | __main__:<module>:98 - epoch: 2, loss: 0.4627736806869507, metrics: top1: 0.44 top5: 0.397 top10: 0.357 top50: 0.337 top100: 0.351 top500: 0.547
2024-05-25 15:34:52.904 | INFO     | __main__:<module>:98 - epoch: 2, loss: 0.4552709460258484, metrics: top1: 0.44 top5: 0.397 top10: 0.357 top50: 0.337 top100: 0.351 top500: 0.547
2024-05-25 15:34:52.932 | INFO     | __main__:<module>:98 - epoch: 2, loss: 0.42470479011535645, metrics: top1: 0.44 top5: 0.397 top10: 0.357 top50: 0.337 top100: 0.351 top500: 0.547
2024-05-25 15:34:52.948 | INFO     | __main__:<module>:98 - epoch: 2, loss: 0.39783424139022827, metrics: top1: 0.44 top5: 0.397 top10: 0.357 top50: 0.337 top100: 0.351 top500: 0.547
2024-05-25 15:34:52.964 | INFO     | __main__:<module>:98 - epoch: 2, loss: 0.409824013710022, metrics: top1: 0.44 top5: 0.397 top10: 0.357 top50: 0.337 top100: 0.351 top500: 0.547
2024-05-25 15:34:52.979 | INFO     | __main__:<module>:98 - epoch: 2, loss: 0.4270213842391968, metrics: top1: 0.44 top5: 0.397 top10: 0.357 top50: 0.337 top100: 0.351 top500: 0.547
2024-05-25 15:34:53.000 | INFO     | __main__:<module>:98 - epoch: 2, loss: 0.3748743236064911, metrics: top1: 0.44 top5: 0.397 top10: 0.357 top50: 0.337 top100: 0.351 top500: 0.547
2024-05-25 15:34:53.016 | INFO     | __main__:<module>:98 - epoch: 2, loss: 0.4321974813938141, metrics: top1: 0.44 top5: 0.397 top10: 0.357 top50: 0.337 top100: 0.351 top500: 0.547
2024-05-25 15:34:53.033 | INFO     | __main__:<module>:98 - epoch: 2, loss: 0.40601637959480286, metrics: top1: 0.44 top5: 0.397 top10: 0.357 top50: 0.337 top100: 0.351 top500: 0.547
2024-05-25 15:34:53.049 | INFO     | __main__:<module>:98 - epoch: 2, loss: 0.3931468725204468, metrics: top1: 0.44 top5: 0.397 top10: 0.357 top50: 0.337 top100: 0.351 top500: 0.547
2024-05-25 15:34:53.066 | INFO     | __main__:<module>:98 - epoch: 2, loss: 0.3382541537284851, metrics: top1: 0.44 top5: 0.397 top10: 0.357 top50: 0.337 top100: 0.351 top500: 0.547
2024-05-25 15:34:53.086 | INFO     | __main__:<module>:98 - epoch: 2, loss: 0.3961701989173889, metrics: top1: 0.44 top5: 0.397 top10: 0.357 top50: 0.337 top100: 0.351 top500: 0.547
2024-05-25 15:34:53.104 | INFO     | __main__:<module>:98 - epoch: 2, loss: 0.3307737708091736, metrics: top1: 0.44 top5: 0.397 top10: 0.357 top50: 0.337 top100: 0.351 top500: 0.547
2024-05-25 15:34:53.126 | INFO     | __main__:<module>:98 - epoch: 2, loss: 0.3554953932762146, metrics: top1: 0.44 top5: 0.397 top10: 0.357 top50: 0.337 top100: 0.351 top500: 0.547
2024-05-25 15:34:53.145 | INFO     | __main__:<module>:98 - epoch: 2, loss: 0.3256775140762329, metrics: top1: 0.44 top5: 0.397 top10: 0.357 top50: 0.337 top100: 0.351 top500: 0.547
2024-05-25 15:34:53.173 | INFO     | __main__:<module>:98 - epoch: 2, loss: 0.30982792377471924, metrics: top1: 0.44 top5: 0.397 top10: 0.357 top50: 0.337 top100: 0.351 top500: 0.547
2024-05-25 15:34:53.192 | INFO     | __main__:<module>:98 - epoch: 2, loss: 0.2944785952568054, metrics: top1: 0.44 top5: 0.397 top10: 0.357 top50: 0.337 top100: 0.351 top500: 0.547
2024-05-25 15:34:53.208 | INFO     | __main__:<module>:98 - epoch: 2, loss: 0.29386988282203674, metrics: top1: 0.44 top5: 0.397 top10: 0.357 top50: 0.337 top100: 0.351 top500: 0.547
2024-05-25 15:34:53.225 | INFO     | __main__:<module>:98 - epoch: 2, loss: 0.2950064241886139, metrics: top1: 0.44 top5: 0.397 top10: 0.357 top50: 0.337 top100: 0.351 top500: 0.547
2024-05-25 15:34:53.241 | INFO     | __main__:<module>:98 - epoch: 2, loss: 0.3010866343975067, metrics: top1: 0.44 top5: 0.397 top10: 0.357 top50: 0.337 top100: 0.351 top500: 0.547
2024-05-25 15:34:53.251 | INFO     | __main__:<module>:98 - epoch: 2, loss: 0.23776289820671082, metrics: top1: 0.44 top5: 0.397 top10: 0.357 top50: 0.337 top100: 0.351 top500: 0.547
2024-05-25 15:34:53.489 | INFO     | __main__:<module>:98 - epoch: 3, loss: 0.266640305519104, metrics: top1: 0.44 top5: 0.397 top10: 0.357 top50: 0.337 top100: 0.351 top500: 0.547
2024-05-25 15:34:53.506 | INFO     | __main__:<module>:98 - epoch: 3, loss: 0.25324952602386475, metrics: top1: 0.44 top5: 0.397 top10: 0.357 top50: 0.337 top100: 0.351 top500: 0.547
2024-05-25 15:34:53.522 | INFO     | __main__:<module>:98 - epoch: 3, loss: 0.2497284859418869, metrics: top1: 0.44 top5: 0.397 top10: 0.357 top50: 0.337 top100: 0.351 top500: 0.547
2024-05-25 15:34:53.541 | INFO     | __main__:<module>:98 - epoch: 3, loss: 0.2681388854980469, metrics: top1: 0.44 top5: 0.397 top10: 0.357 top50: 0.337 top100: 0.351 top500: 0.547
2024-05-25 15:34:53.557 | INFO     | __main__:<module>:98 - epoch: 3, loss: 0.28101682662963867, metrics: top1: 0.44 top5: 0.397 top10: 0.357 top50: 0.337 top100: 0.351 top500: 0.547
2024-05-25 15:34:53.573 | INFO     | __main__:<module>:98 - epoch: 3, loss: 0.25952693819999695, metrics: top1: 0.44 top5: 0.397 top10: 0.357 top50: 0.337 top100: 0.351 top500: 0.547
2024-05-25 15:34:53.588 | INFO     | __main__:<module>:98 - epoch: 3, loss: 0.2062758505344391, metrics: top1: 0.44 top5: 0.397 top10: 0.357 top50: 0.337 top100: 0.351 top500: 0.547
2024-05-25 15:34:53.610 | INFO     | __main__:<module>:98 - epoch: 3, loss: 0.2434028685092926, metrics: top1: 0.44 top5: 0.397 top10: 0.357 top50: 0.337 top100: 0.351 top500: 0.547
2024-05-25 15:34:53.628 | INFO     | __main__:<module>:98 - epoch: 3, loss: 0.2780285179615021, metrics: top1: 0.44 top5: 0.397 top10: 0.357 top50: 0.337 top100: 0.351 top500: 0.547
2024-05-25 15:34:53.645 | INFO     | __main__:<module>:98 - epoch: 3, loss: 0.22164449095726013, metrics: top1: 0.44 top5: 0.397 top10: 0.357 top50: 0.337 top100: 0.351 top500: 0.547
2024-05-25 15:34:53.662 | INFO     | __main__:<module>:98 - epoch: 3, loss: 0.21504774689674377, metrics: top1: 0.44 top5: 0.397 top10: 0.357 top50: 0.337 top100: 0.351 top500: 0.547
2024-05-25 15:34:53.679 | INFO     | __main__:<module>:98 - epoch: 3, loss: 0.19048598408699036, metrics: top1: 0.44 top5: 0.397 top10: 0.357 top50: 0.337 top100: 0.351 top500: 0.547
2024-05-25 15:34:53.699 | INFO     | __main__:<module>:98 - epoch: 3, loss: 0.2187776416540146, metrics: top1: 0.44 top5: 0.397 top10: 0.357 top50: 0.337 top100: 0.351 top500: 0.547
2024-05-25 15:34:53.715 | INFO     | __main__:<module>:98 - epoch: 3, loss: 0.2492990791797638, metrics: top1: 0.44 top5: 0.397 top10: 0.357 top50: 0.337 top100: 0.351 top500: 0.547
2024-05-25 15:34:53.732 | INFO     | __main__:<module>:98 - epoch: 3, loss: 0.20222660899162292, metrics: top1: 0.44 top5: 0.397 top10: 0.357 top50: 0.337 top100: 0.351 top500: 0.547
2024-05-25 15:34:53.749 | INFO     | __main__:<module>:98 - epoch: 3, loss: 0.24988971650600433, metrics: top1: 0.44 top5: 0.397 top10: 0.357 top50: 0.337 top100: 0.351 top500: 0.547
2024-05-25 15:34:53.765 | INFO     | __main__:<module>:98 - epoch: 3, loss: 0.20325487852096558, metrics: top1: 0.44 top5: 0.397 top10: 0.357 top50: 0.337 top100: 0.351 top500: 0.547
2024-05-25 15:34:53.789 | INFO     | __main__:<module>:98 - epoch: 3, loss: 0.22188276052474976, metrics: top1: 0.44 top5: 0.397 top10: 0.357 top50: 0.337 top100: 0.351 top500: 0.547
2024-05-25 15:34:53.806 | INFO     | __main__:<module>:98 - epoch: 3, loss: 0.1986328661441803, metrics: top1: 0.44 top5: 0.397 top10: 0.357 top50: 0.337 top100: 0.351 top500: 0.547
2024-05-25 15:34:53.833 | INFO     | __main__:<module>:98 - epoch: 3, loss: 0.18987011909484863, metrics: top1: 0.44 top5: 0.397 top10: 0.357 top50: 0.337 top100: 0.351 top500: 0.547
2024-05-25 15:34:53.852 | INFO     | __main__:<module>:98 - epoch: 3, loss: 0.20959161221981049, metrics: top1: 0.44 top5: 0.397 top10: 0.357 top50: 0.337 top100: 0.351 top500: 0.547
2024-05-25 15:34:53.876 | INFO     | __main__:<module>:98 - epoch: 3, loss: 0.18045032024383545, metrics: top1: 0.44 top5: 0.397 top10: 0.357 top50: 0.337 top100: 0.351 top500: 0.547
2024-05-25 15:34:53.903 | INFO     | __main__:<module>:98 - epoch: 3, loss: 0.18134626746177673, metrics: top1: 0.44 top5: 0.397 top10: 0.357 top50: 0.337 top100: 0.351 top500: 0.547
2024-05-25 15:34:53.922 | INFO     | __main__:<module>:98 - epoch: 3, loss: 0.18167607486248016, metrics: top1: 0.44 top5: 0.397 top10: 0.357 top50: 0.337 top100: 0.351 top500: 0.547
2024-05-25 15:34:54.167 | INFO     | __main__:<module>:98 - epoch: 4, loss: 0.22542881965637207, metrics: top1: 0.44 top5: 0.397 top10: 0.357 top50: 0.337 top100: 0.351 top500: 0.547
2024-05-25 15:34:54.185 | INFO     | __main__:<module>:98 - epoch: 4, loss: 0.16948851943016052, metrics: top1: 0.44 top5: 0.397 top10: 0.357 top50: 0.337 top100: 0.351 top500: 0.547
2024-05-25 15:34:54.202 | INFO     | __main__:<module>:98 - epoch: 4, loss: 0.2068500965833664, metrics: top1: 0.44 top5: 0.397 top10: 0.357 top50: 0.337 top100: 0.351 top500: 0.547
2024-05-25 15:34:54.252 | INFO     | __main__:<module>:98 - epoch: 4, loss: 0.18117579817771912, metrics: top1: 0.44 top5: 0.397 top10: 0.357 top50: 0.337 top100: 0.351 top500: 0.547
2024-05-25 15:34:54.268 | INFO     | __main__:<module>:98 - epoch: 4, loss: 0.22367018461227417, metrics: top1: 0.44 top5: 0.397 top10: 0.357 top50: 0.337 top100: 0.351 top500: 0.547
2024-05-25 15:34:54.284 | INFO     | __main__:<module>:98 - epoch: 4, loss: 0.17921864986419678, metrics: top1: 0.44 top5: 0.397 top10: 0.357 top50: 0.337 top100: 0.351 top500: 0.547
2024-05-25 15:34:54.299 | INFO     | __main__:<module>:98 - epoch: 4, loss: 0.16465336084365845, metrics: top1: 0.44 top5: 0.397 top10: 0.357 top50: 0.337 top100: 0.351 top500: 0.547
2024-05-25 15:34:54.328 | INFO     | __main__:<module>:98 - epoch: 4, loss: 0.19346022605895996, metrics: top1: 0.44 top5: 0.397 top10: 0.357 top50: 0.337 top100: 0.351 top500: 0.547
2024-05-25 15:34:54.346 | INFO     | __main__:<module>:98 - epoch: 4, loss: 0.2085569202899933, metrics: top1: 0.44 top5: 0.397 top10: 0.357 top50: 0.337 top100: 0.351 top500: 0.547
2024-05-25 15:34:54.364 | INFO     | __main__:<module>:98 - epoch: 4, loss: 0.16233021020889282, metrics: top1: 0.44 top5: 0.397 top10: 0.357 top50: 0.337 top100: 0.351 top500: 0.547
2024-05-25 15:34:54.379 | INFO     | __main__:<module>:98 - epoch: 4, loss: 0.17756953835487366, metrics: top1: 0.44 top5: 0.397 top10: 0.357 top50: 0.337 top100: 0.351 top500: 0.547
2024-05-25 15:34:54.396 | INFO     | __main__:<module>:98 - epoch: 4, loss: 0.15770474076271057, metrics: top1: 0.44 top5: 0.397 top10: 0.357 top50: 0.337 top100: 0.351 top500: 0.547
2024-05-25 15:34:54.412 | INFO     | __main__:<module>:98 - epoch: 4, loss: 0.16089797019958496, metrics: top1: 0.44 top5: 0.397 top10: 0.357 top50: 0.337 top100: 0.351 top500: 0.547
2024-05-25 15:34:54.429 | INFO     | __main__:<module>:98 - epoch: 4, loss: 0.18690025806427002, metrics: top1: 0.44 top5: 0.397 top10: 0.357 top50: 0.337 top100: 0.351 top500: 0.547
2024-05-25 15:34:54.446 | INFO     | __main__:<module>:98 - epoch: 4, loss: 0.14862602949142456, metrics: top1: 0.44 top5: 0.397 top10: 0.357 top50: 0.337 top100: 0.351 top500: 0.547
2024-05-25 15:34:54.462 | INFO     | __main__:<module>:98 - epoch: 4, loss: 0.17574343085289001, metrics: top1: 0.44 top5: 0.397 top10: 0.357 top50: 0.337 top100: 0.351 top500: 0.547
2024-05-25 15:34:54.478 | INFO     | __main__:<module>:98 - epoch: 4, loss: 0.18278905749320984, metrics: top1: 0.44 top5: 0.397 top10: 0.357 top50: 0.337 top100: 0.351 top500: 0.547
2024-05-25 15:34:54.495 | INFO     | __main__:<module>:98 - epoch: 4, loss: 0.1771475374698639, metrics: top1: 0.44 top5: 0.397 top10: 0.357 top50: 0.337 top100: 0.351 top500: 0.547
2024-05-25 15:34:54.523 | INFO     | __main__:<module>:98 - epoch: 4, loss: 0.1953057050704956, metrics: top1: 0.44 top5: 0.397 top10: 0.357 top50: 0.337 top100: 0.351 top500: 0.547
2024-05-25 15:34:54.541 | INFO     | __main__:<module>:98 - epoch: 4, loss: 0.1624150574207306, metrics: top1: 0.44 top5: 0.397 top10: 0.357 top50: 0.337 top100: 0.351 top500: 0.547
2024-05-25 15:34:54.566 | INFO     | __main__:<module>:98 - epoch: 4, loss: 0.1582089364528656, metrics: top1: 0.44 top5: 0.397 top10: 0.357 top50: 0.337 top100: 0.351 top500: 0.547
2024-05-25 15:34:54.584 | INFO     | __main__:<module>:98 - epoch: 4, loss: 0.17803674936294556, metrics: top1: 0.44 top5: 0.397 top10: 0.357 top50: 0.337 top100: 0.351 top500: 0.547
2024-05-25 15:34:54.600 | INFO     | __main__:<module>:98 - epoch: 4, loss: 0.18372134864330292, metrics: top1: 0.44 top5: 0.397 top10: 0.357 top50: 0.337 top100: 0.351 top500: 0.547
2024-05-25 15:34:54.611 | INFO     | __main__:<module>:98 - epoch: 4, loss: 0.12821844220161438, metrics: top1: 0.44 top5: 0.397 top10: 0.357 top50: 0.337 top100: 0.351 top500: 0.547
2024-05-25 15:34:54.862 | INFO     | __main__:<module>:98 - epoch: 5, loss: 0.14310844242572784, metrics: top1: 0.44 top5: 0.397 top10: 0.357 top50: 0.337 top100: 0.351 top500: 0.547
2024-05-25 15:34:54.878 | INFO     | __main__:<module>:98 - epoch: 5, loss: 0.18247267603874207, metrics: top1: 0.44 top5: 0.397 top10: 0.357 top50: 0.337 top100: 0.351 top500: 0.547
2024-05-25 15:34:54.901 | INFO     | __main__:<module>:98 - epoch: 5, loss: 0.1595689058303833, metrics: top1: 0.44 top5: 0.397 top10: 0.357 top50: 0.337 top100: 0.351 top500: 0.547
2024-05-25 15:34:54.942 | INFO     | __main__:<module>:98 - epoch: 5, loss: 0.17096330225467682, metrics: top1: 0.44 top5: 0.397 top10: 0.357 top50: 0.337 top100: 0.351 top500: 0.547
2024-05-25 15:34:54.961 | INFO     | __main__:<module>:98 - epoch: 5, loss: 0.14988934993743896, metrics: top1: 0.44 top5: 0.397 top10: 0.357 top50: 0.337 top100: 0.351 top500: 0.547
2024-05-25 15:34:54.976 | INFO     | __main__:<module>:98 - epoch: 5, loss: 0.16787120699882507, metrics: top1: 0.44 top5: 0.397 top10: 0.357 top50: 0.337 top100: 0.351 top500: 0.547
2024-05-25 15:34:54.992 | INFO     | __main__:<module>:98 - epoch: 5, loss: 0.15795359015464783, metrics: top1: 0.44 top5: 0.397 top10: 0.357 top50: 0.337 top100: 0.351 top500: 0.547
2024-05-25 15:34:55.023 | INFO     | __main__:<module>:98 - epoch: 5, loss: 0.15661023557186127, metrics: top1: 0.44 top5: 0.397 top10: 0.357 top50: 0.337 top100: 0.351 top500: 0.547
2024-05-25 15:34:55.052 | INFO     | __main__:<module>:98 - epoch: 5, loss: 0.17183110117912292, metrics: top1: 0.44 top5: 0.397 top10: 0.357 top50: 0.337 top100: 0.351 top500: 0.547
2024-05-25 15:34:55.075 | INFO     | __main__:<module>:98 - epoch: 5, loss: 0.1883632093667984, metrics: top1: 0.44 top5: 0.397 top10: 0.357 top50: 0.337 top100: 0.351 top500: 0.547
2024-05-25 15:34:55.092 | INFO     | __main__:<module>:98 - epoch: 5, loss: 0.1552661955356598, metrics: top1: 0.44 top5: 0.397 top10: 0.357 top50: 0.337 top100: 0.351 top500: 0.547
2024-05-25 15:34:55.109 | INFO     | __main__:<module>:98 - epoch: 5, loss: 0.12738539278507233, metrics: top1: 0.44 top5: 0.397 top10: 0.357 top50: 0.337 top100: 0.351 top500: 0.547
2024-05-25 15:34:55.137 | INFO     | __main__:<module>:98 - epoch: 5, loss: 0.15628567337989807, metrics: top1: 0.44 top5: 0.397 top10: 0.357 top50: 0.337 top100: 0.351 top500: 0.547
2024-05-25 15:34:55.155 | INFO     | __main__:<module>:98 - epoch: 5, loss: 0.15853992104530334, metrics: top1: 0.44 top5: 0.397 top10: 0.357 top50: 0.337 top100: 0.351 top500: 0.547
2024-05-25 15:34:55.184 | INFO     | __main__:<module>:98 - epoch: 5, loss: 0.14613528549671173, metrics: top1: 0.44 top5: 0.397 top10: 0.357 top50: 0.337 top100: 0.351 top500: 0.547
2024-05-25 15:34:55.209 | INFO     | __main__:<module>:98 - epoch: 5, loss: 0.1601884365081787, metrics: top1: 0.44 top5: 0.397 top10: 0.357 top50: 0.337 top100: 0.351 top500: 0.547
2024-05-25 15:34:55.226 | INFO     | __main__:<module>:98 - epoch: 5, loss: 0.17447762191295624, metrics: top1: 0.44 top5: 0.397 top10: 0.357 top50: 0.337 top100: 0.351 top500: 0.547
2024-05-25 15:34:55.254 | INFO     | __main__:<module>:98 - epoch: 5, loss: 0.15895816683769226, metrics: top1: 0.44 top5: 0.397 top10: 0.357 top50: 0.337 top100: 0.351 top500: 0.547
2024-05-25 15:34:55.279 | INFO     | __main__:<module>:98 - epoch: 5, loss: 0.14321377873420715, metrics: top1: 0.44 top5: 0.397 top10: 0.357 top50: 0.337 top100: 0.351 top500: 0.547
2024-05-25 15:34:55.303 | INFO     | __main__:<module>:98 - epoch: 5, loss: 0.1530168056488037, metrics: top1: 0.44 top5: 0.397 top10: 0.357 top50: 0.337 top100: 0.351 top500: 0.547
2024-05-25 15:34:55.331 | INFO     | __main__:<module>:98 - epoch: 5, loss: 0.1458113193511963, metrics: top1: 0.44 top5: 0.397 top10: 0.357 top50: 0.337 top100: 0.351 top500: 0.547
2024-05-25 15:34:55.349 | INFO     | __main__:<module>:98 - epoch: 5, loss: 0.1938842087984085, metrics: top1: 0.44 top5: 0.397 top10: 0.357 top50: 0.337 top100: 0.351 top500: 0.547
2024-05-25 15:34:55.367 | INFO     | __main__:<module>:98 - epoch: 5, loss: 0.14637044072151184, metrics: top1: 0.44 top5: 0.397 top10: 0.357 top50: 0.337 top100: 0.351 top500: 0.547
2024-05-25 15:34:55.388 | INFO     | __main__:<module>:98 - epoch: 5, loss: 0.14531531929969788, metrics: top1: 0.44 top5: 0.397 top10: 0.357 top50: 0.337 top100: 0.351 top500: 0.547
2024-05-25 15:34:57.117 | INFO     | __main__:<module>:98 - epoch: 6, loss: 0.14196375012397766, metrics: top1: 0.4 top5: 0.43 top10: 0.396 top50: 0.382 top100: 0.391 top500: 0.49
2024-05-25 15:34:57.134 | INFO     | __main__:<module>:98 - epoch: 6, loss: 0.14384208619594574, metrics: top1: 0.4 top5: 0.43 top10: 0.396 top50: 0.382 top100: 0.391 top500: 0.49
2024-05-25 15:34:57.154 | INFO     | __main__:<module>:98 - epoch: 6, loss: 0.15484718978405, metrics: top1: 0.4 top5: 0.43 top10: 0.396 top50: 0.382 top100: 0.391 top500: 0.49
2024-05-25 15:34:57.170 | INFO     | __main__:<module>:98 - epoch: 6, loss: 0.14214420318603516, metrics: top1: 0.4 top5: 0.43 top10: 0.396 top50: 0.382 top100: 0.391 top500: 0.49
2024-05-25 15:34:57.186 | INFO     | __main__:<module>:98 - epoch: 6, loss: 0.1393209993839264, metrics: top1: 0.4 top5: 0.43 top10: 0.396 top50: 0.382 top100: 0.391 top500: 0.49
2024-05-25 15:34:57.203 | INFO     | __main__:<module>:98 - epoch: 6, loss: 0.1574094593524933, metrics: top1: 0.4 top5: 0.43 top10: 0.396 top50: 0.382 top100: 0.391 top500: 0.49
2024-05-25 15:34:57.234 | INFO     | __main__:<module>:98 - epoch: 6, loss: 0.13653497397899628, metrics: top1: 0.4 top5: 0.43 top10: 0.396 top50: 0.382 top100: 0.391 top500: 0.49
2024-05-25 15:34:57.256 | INFO     | __main__:<module>:98 - epoch: 6, loss: 0.13388009369373322, metrics: top1: 0.4 top5: 0.43 top10: 0.396 top50: 0.382 top100: 0.391 top500: 0.49
2024-05-25 15:34:57.272 | INFO     | __main__:<module>:98 - epoch: 6, loss: 0.14723661541938782, metrics: top1: 0.4 top5: 0.43 top10: 0.396 top50: 0.382 top100: 0.391 top500: 0.49
2024-05-25 15:34:57.289 | INFO     | __main__:<module>:98 - epoch: 6, loss: 0.11203886568546295, metrics: top1: 0.4 top5: 0.43 top10: 0.396 top50: 0.382 top100: 0.391 top500: 0.49
2024-05-25 15:34:57.305 | INFO     | __main__:<module>:98 - epoch: 6, loss: 0.13819968700408936, metrics: top1: 0.4 top5: 0.43 top10: 0.396 top50: 0.382 top100: 0.391 top500: 0.49
2024-05-25 15:34:57.320 | INFO     | __main__:<module>:98 - epoch: 6, loss: 0.1360851675271988, metrics: top1: 0.4 top5: 0.43 top10: 0.396 top50: 0.382 top100: 0.391 top500: 0.49
2024-05-25 15:34:57.337 | INFO     | __main__:<module>:98 - epoch: 6, loss: 0.156794473528862, metrics: top1: 0.4 top5: 0.43 top10: 0.396 top50: 0.382 top100: 0.391 top500: 0.49
2024-05-25 15:34:57.351 | INFO     | __main__:<module>:98 - epoch: 6, loss: 0.13085931539535522, metrics: top1: 0.4 top5: 0.43 top10: 0.396 top50: 0.382 top100: 0.391 top500: 0.49
2024-05-25 15:34:57.373 | INFO     | __main__:<module>:98 - epoch: 6, loss: 0.16167420148849487, metrics: top1: 0.4 top5: 0.43 top10: 0.396 top50: 0.382 top100: 0.391 top500: 0.49
2024-05-25 15:34:57.390 | INFO     | __main__:<module>:98 - epoch: 6, loss: 0.1468212604522705, metrics: top1: 0.4 top5: 0.43 top10: 0.396 top50: 0.382 top100: 0.391 top500: 0.49
2024-05-25 15:34:57.411 | INFO     | __main__:<module>:98 - epoch: 6, loss: 0.12892667949199677, metrics: top1: 0.4 top5: 0.43 top10: 0.396 top50: 0.382 top100: 0.391 top500: 0.49
2024-05-25 15:34:57.427 | INFO     | __main__:<module>:98 - epoch: 6, loss: 0.13986541330814362, metrics: top1: 0.4 top5: 0.43 top10: 0.396 top50: 0.382 top100: 0.391 top500: 0.49
2024-05-25 15:34:57.455 | INFO     | __main__:<module>:98 - epoch: 6, loss: 0.13842232525348663, metrics: top1: 0.4 top5: 0.43 top10: 0.396 top50: 0.382 top100: 0.391 top500: 0.49
2024-05-25 15:34:57.475 | INFO     | __main__:<module>:98 - epoch: 6, loss: 0.129705548286438, metrics: top1: 0.4 top5: 0.43 top10: 0.396 top50: 0.382 top100: 0.391 top500: 0.49
2024-05-25 15:34:57.504 | INFO     | __main__:<module>:98 - epoch: 6, loss: 0.13984690606594086, metrics: top1: 0.4 top5: 0.43 top10: 0.396 top50: 0.382 top100: 0.391 top500: 0.49
2024-05-25 15:34:57.531 | INFO     | __main__:<module>:98 - epoch: 6, loss: 0.1289941668510437, metrics: top1: 0.4 top5: 0.43 top10: 0.396 top50: 0.382 top100: 0.391 top500: 0.49
2024-05-25 15:34:57.551 | INFO     | __main__:<module>:98 - epoch: 6, loss: 0.13526281714439392, metrics: top1: 0.4 top5: 0.43 top10: 0.396 top50: 0.382 top100: 0.391 top500: 0.49
2024-05-25 15:34:57.570 | INFO     | __main__:<module>:98 - epoch: 6, loss: 0.12237890064716339, metrics: top1: 0.4 top5: 0.43 top10: 0.396 top50: 0.382 top100: 0.391 top500: 0.49
2024-05-25 15:34:57.827 | INFO     | __main__:<module>:98 - epoch: 7, loss: 0.14122560620307922, metrics: top1: 0.4 top5: 0.43 top10: 0.396 top50: 0.382 top100: 0.391 top500: 0.49
2024-05-25 15:34:57.860 | INFO     | __main__:<module>:98 - epoch: 7, loss: 0.13104400038719177, metrics: top1: 0.4 top5: 0.43 top10: 0.396 top50: 0.382 top100: 0.391 top500: 0.49
2024-05-25 15:34:57.879 | INFO     | __main__:<module>:98 - epoch: 7, loss: 0.12357219308614731, metrics: top1: 0.4 top5: 0.43 top10: 0.396 top50: 0.382 top100: 0.391 top500: 0.49
2024-05-25 15:34:57.901 | INFO     | __main__:<module>:98 - epoch: 7, loss: 0.1519523411989212, metrics: top1: 0.4 top5: 0.43 top10: 0.396 top50: 0.382 top100: 0.391 top500: 0.49
2024-05-25 15:34:57.917 | INFO     | __main__:<module>:98 - epoch: 7, loss: 0.14275605976581573, metrics: top1: 0.4 top5: 0.43 top10: 0.396 top50: 0.382 top100: 0.391 top500: 0.49
2024-05-25 15:34:57.932 | INFO     | __main__:<module>:98 - epoch: 7, loss: 0.16854076087474823, metrics: top1: 0.4 top5: 0.43 top10: 0.396 top50: 0.382 top100: 0.391 top500: 0.49
2024-05-25 15:34:57.946 | INFO     | __main__:<module>:98 - epoch: 7, loss: 0.1269325166940689, metrics: top1: 0.4 top5: 0.43 top10: 0.396 top50: 0.382 top100: 0.391 top500: 0.49
2024-05-25 15:34:57.962 | INFO     | __main__:<module>:98 - epoch: 7, loss: 0.12231476604938507, metrics: top1: 0.4 top5: 0.43 top10: 0.396 top50: 0.382 top100: 0.391 top500: 0.49
2024-05-25 15:34:57.977 | INFO     | __main__:<module>:98 - epoch: 7, loss: 0.13106563687324524, metrics: top1: 0.4 top5: 0.43 top10: 0.396 top50: 0.382 top100: 0.391 top500: 0.49
2024-05-25 15:34:57.993 | INFO     | __main__:<module>:98 - epoch: 7, loss: 0.12308862805366516, metrics: top1: 0.4 top5: 0.43 top10: 0.396 top50: 0.382 top100: 0.391 top500: 0.49
2024-05-25 15:34:58.009 | INFO     | __main__:<module>:98 - epoch: 7, loss: 0.15356525778770447, metrics: top1: 0.4 top5: 0.43 top10: 0.396 top50: 0.382 top100: 0.391 top500: 0.49
2024-05-25 15:34:58.024 | INFO     | __main__:<module>:98 - epoch: 7, loss: 0.14057140052318573, metrics: top1: 0.4 top5: 0.43 top10: 0.396 top50: 0.382 top100: 0.391 top500: 0.49
2024-05-25 15:34:58.041 | INFO     | __main__:<module>:98 - epoch: 7, loss: 0.11087548732757568, metrics: top1: 0.4 top5: 0.43 top10: 0.396 top50: 0.382 top100: 0.391 top500: 0.49
2024-05-25 15:34:58.057 | INFO     | __main__:<module>:98 - epoch: 7, loss: 0.14091145992279053, metrics: top1: 0.4 top5: 0.43 top10: 0.396 top50: 0.382 top100: 0.391 top500: 0.49
2024-05-25 15:34:58.074 | INFO     | __main__:<module>:98 - epoch: 7, loss: 0.13933202624320984, metrics: top1: 0.4 top5: 0.43 top10: 0.396 top50: 0.382 top100: 0.391 top500: 0.49
2024-05-25 15:34:58.105 | INFO     | __main__:<module>:98 - epoch: 7, loss: 0.13750450313091278, metrics: top1: 0.4 top5: 0.43 top10: 0.396 top50: 0.382 top100: 0.391 top500: 0.49
2024-05-25 15:34:58.133 | INFO     | __main__:<module>:98 - epoch: 7, loss: 0.12940043210983276, metrics: top1: 0.4 top5: 0.43 top10: 0.396 top50: 0.382 top100: 0.391 top500: 0.49
2024-05-25 15:34:58.153 | INFO     | __main__:<module>:98 - epoch: 7, loss: 0.14217790961265564, metrics: top1: 0.4 top5: 0.43 top10: 0.396 top50: 0.382 top100: 0.391 top500: 0.49
2024-05-25 15:34:58.170 | INFO     | __main__:<module>:98 - epoch: 7, loss: 0.138918936252594, metrics: top1: 0.4 top5: 0.43 top10: 0.396 top50: 0.382 top100: 0.391 top500: 0.49
2024-05-25 15:34:58.187 | INFO     | __main__:<module>:98 - epoch: 7, loss: 0.13992838561534882, metrics: top1: 0.4 top5: 0.43 top10: 0.396 top50: 0.382 top100: 0.391 top500: 0.49
2024-05-25 15:34:58.203 | INFO     | __main__:<module>:98 - epoch: 7, loss: 0.1305890679359436, metrics: top1: 0.4 top5: 0.43 top10: 0.396 top50: 0.382 top100: 0.391 top500: 0.49
2024-05-25 15:34:58.220 | INFO     | __main__:<module>:98 - epoch: 7, loss: 0.1325770765542984, metrics: top1: 0.4 top5: 0.43 top10: 0.396 top50: 0.382 top100: 0.391 top500: 0.49
2024-05-25 15:34:58.236 | INFO     | __main__:<module>:98 - epoch: 7, loss: 0.12720133364200592, metrics: top1: 0.4 top5: 0.43 top10: 0.396 top50: 0.382 top100: 0.391 top500: 0.49
2024-05-25 15:34:58.247 | INFO     | __main__:<module>:98 - epoch: 7, loss: 0.10831518471240997, metrics: top1: 0.4 top5: 0.43 top10: 0.396 top50: 0.382 top100: 0.391 top500: 0.49
2024-05-25 15:34:58.504 | INFO     | __main__:<module>:98 - epoch: 8, loss: 0.17761197686195374, metrics: top1: 0.4 top5: 0.43 top10: 0.396 top50: 0.382 top100: 0.391 top500: 0.49
2024-05-25 15:34:58.520 | INFO     | __main__:<module>:98 - epoch: 8, loss: 0.13165581226348877, metrics: top1: 0.4 top5: 0.43 top10: 0.396 top50: 0.382 top100: 0.391 top500: 0.49
2024-05-25 15:34:58.536 | INFO     | __main__:<module>:98 - epoch: 8, loss: 0.13554054498672485, metrics: top1: 0.4 top5: 0.43 top10: 0.396 top50: 0.382 top100: 0.391 top500: 0.49
2024-05-25 15:34:58.574 | INFO     | __main__:<module>:98 - epoch: 8, loss: 0.13042917847633362, metrics: top1: 0.4 top5: 0.43 top10: 0.396 top50: 0.382 top100: 0.391 top500: 0.49
2024-05-25 15:34:58.603 | INFO     | __main__:<module>:98 - epoch: 8, loss: 0.11913800984621048, metrics: top1: 0.4 top5: 0.43 top10: 0.396 top50: 0.382 top100: 0.391 top500: 0.49
2024-05-25 15:34:58.622 | INFO     | __main__:<module>:98 - epoch: 8, loss: 0.14669519662857056, metrics: top1: 0.4 top5: 0.43 top10: 0.396 top50: 0.382 top100: 0.391 top500: 0.49
2024-05-25 15:34:58.637 | INFO     | __main__:<module>:98 - epoch: 8, loss: 0.1482982486486435, metrics: top1: 0.4 top5: 0.43 top10: 0.396 top50: 0.382 top100: 0.391 top500: 0.49
2024-05-25 15:34:58.654 | INFO     | __main__:<module>:98 - epoch: 8, loss: 0.16218066215515137, metrics: top1: 0.4 top5: 0.43 top10: 0.396 top50: 0.382 top100: 0.391 top500: 0.49
2024-05-25 15:34:58.685 | INFO     | __main__:<module>:98 - epoch: 8, loss: 0.12559977173805237, metrics: top1: 0.4 top5: 0.43 top10: 0.396 top50: 0.382 top100: 0.391 top500: 0.49
2024-05-25 15:34:58.705 | INFO     | __main__:<module>:98 - epoch: 8, loss: 0.11535484343767166, metrics: top1: 0.4 top5: 0.43 top10: 0.396 top50: 0.382 top100: 0.391 top500: 0.49
2024-05-25 15:34:58.722 | INFO     | __main__:<module>:98 - epoch: 8, loss: 0.12405742704868317, metrics: top1: 0.4 top5: 0.43 top10: 0.396 top50: 0.382 top100: 0.391 top500: 0.49
2024-05-25 15:34:58.749 | INFO     | __main__:<module>:98 - epoch: 8, loss: 0.12710464000701904, metrics: top1: 0.4 top5: 0.43 top10: 0.396 top50: 0.382 top100: 0.391 top500: 0.49
2024-05-25 15:34:58.775 | INFO     | __main__:<module>:98 - epoch: 8, loss: 0.11785738170146942, metrics: top1: 0.4 top5: 0.43 top10: 0.396 top50: 0.382 top100: 0.391 top500: 0.49
2024-05-25 15:34:58.798 | INFO     | __main__:<module>:98 - epoch: 8, loss: 0.123698391020298, metrics: top1: 0.4 top5: 0.43 top10: 0.396 top50: 0.382 top100: 0.391 top500: 0.49
2024-05-25 15:34:58.817 | INFO     | __main__:<module>:98 - epoch: 8, loss: 0.11873877793550491, metrics: top1: 0.4 top5: 0.43 top10: 0.396 top50: 0.382 top100: 0.391 top500: 0.49
2024-05-25 15:34:58.832 | INFO     | __main__:<module>:98 - epoch: 8, loss: 0.11141791939735413, metrics: top1: 0.4 top5: 0.43 top10: 0.396 top50: 0.382 top100: 0.391 top500: 0.49
2024-05-25 15:34:58.848 | INFO     | __main__:<module>:98 - epoch: 8, loss: 0.1265963613986969, metrics: top1: 0.4 top5: 0.43 top10: 0.396 top50: 0.382 top100: 0.391 top500: 0.49
2024-05-25 15:34:58.864 | INFO     | __main__:<module>:98 - epoch: 8, loss: 0.1546943485736847, metrics: top1: 0.4 top5: 0.43 top10: 0.396 top50: 0.382 top100: 0.391 top500: 0.49
2024-05-25 15:34:58.880 | INFO     | __main__:<module>:98 - epoch: 8, loss: 0.12847431004047394, metrics: top1: 0.4 top5: 0.43 top10: 0.396 top50: 0.382 top100: 0.391 top500: 0.49
2024-05-25 15:34:58.911 | INFO     | __main__:<module>:98 - epoch: 8, loss: 0.13701076805591583, metrics: top1: 0.4 top5: 0.43 top10: 0.396 top50: 0.382 top100: 0.391 top500: 0.49
2024-05-25 15:34:58.941 | INFO     | __main__:<module>:98 - epoch: 8, loss: 0.1193109005689621, metrics: top1: 0.4 top5: 0.43 top10: 0.396 top50: 0.382 top100: 0.391 top500: 0.49
2024-05-25 15:34:58.961 | INFO     | __main__:<module>:98 - epoch: 8, loss: 0.12519721686840057, metrics: top1: 0.4 top5: 0.43 top10: 0.396 top50: 0.382 top100: 0.391 top500: 0.49
2024-05-25 15:34:58.991 | INFO     | __main__:<module>:98 - epoch: 8, loss: 0.11423489451408386, metrics: top1: 0.4 top5: 0.43 top10: 0.396 top50: 0.382 top100: 0.391 top500: 0.49
2024-05-25 15:34:59.004 | INFO     | __main__:<module>:98 - epoch: 8, loss: 0.12466844916343689, metrics: top1: 0.4 top5: 0.43 top10: 0.396 top50: 0.382 top100: 0.391 top500: 0.49
2024-05-25 15:34:59.283 | INFO     | __main__:<module>:98 - epoch: 9, loss: 0.11231862753629684, metrics: top1: 0.4 top5: 0.43 top10: 0.396 top50: 0.382 top100: 0.391 top500: 0.49
2024-05-25 15:34:59.309 | INFO     | __main__:<module>:98 - epoch: 9, loss: 0.1170603334903717, metrics: top1: 0.4 top5: 0.43 top10: 0.396 top50: 0.382 top100: 0.391 top500: 0.49
2024-05-25 15:34:59.362 | INFO     | __main__:<module>:98 - epoch: 9, loss: 0.1375158727169037, metrics: top1: 0.4 top5: 0.43 top10: 0.396 top50: 0.382 top100: 0.391 top500: 0.49
2024-05-25 15:34:59.381 | INFO     | __main__:<module>:98 - epoch: 9, loss: 0.13215497136116028, metrics: top1: 0.4 top5: 0.43 top10: 0.396 top50: 0.382 top100: 0.391 top500: 0.49
2024-05-25 15:34:59.403 | INFO     | __main__:<module>:98 - epoch: 9, loss: 0.11785153299570084, metrics: top1: 0.4 top5: 0.43 top10: 0.396 top50: 0.382 top100: 0.391 top500: 0.49
2024-05-25 15:34:59.421 | INFO     | __main__:<module>:98 - epoch: 9, loss: 0.11266815662384033, metrics: top1: 0.4 top5: 0.43 top10: 0.396 top50: 0.382 top100: 0.391 top500: 0.49
2024-05-25 15:34:59.439 | INFO     | __main__:<module>:98 - epoch: 9, loss: 0.10441532731056213, metrics: top1: 0.4 top5: 0.43 top10: 0.396 top50: 0.382 top100: 0.391 top500: 0.49
2024-05-25 15:34:59.469 | INFO     | __main__:<module>:98 - epoch: 9, loss: 0.11835649609565735, metrics: top1: 0.4 top5: 0.43 top10: 0.396 top50: 0.382 top100: 0.391 top500: 0.49
2024-05-25 15:34:59.490 | INFO     | __main__:<module>:98 - epoch: 9, loss: 0.11384502798318863, metrics: top1: 0.4 top5: 0.43 top10: 0.396 top50: 0.382 top100: 0.391 top500: 0.49
2024-05-25 15:34:59.507 | INFO     | __main__:<module>:98 - epoch: 9, loss: 0.12611809372901917, metrics: top1: 0.4 top5: 0.43 top10: 0.396 top50: 0.382 top100: 0.391 top500: 0.49
2024-05-25 15:34:59.523 | INFO     | __main__:<module>:98 - epoch: 9, loss: 0.12721191346645355, metrics: top1: 0.4 top5: 0.43 top10: 0.396 top50: 0.382 top100: 0.391 top500: 0.49
2024-05-25 15:34:59.540 | INFO     | __main__:<module>:98 - epoch: 9, loss: 0.15288066864013672, metrics: top1: 0.4 top5: 0.43 top10: 0.396 top50: 0.382 top100: 0.391 top500: 0.49
2024-05-25 15:34:59.556 | INFO     | __main__:<module>:98 - epoch: 9, loss: 0.13545401394367218, metrics: top1: 0.4 top5: 0.43 top10: 0.396 top50: 0.382 top100: 0.391 top500: 0.49
2024-05-25 15:34:59.572 | INFO     | __main__:<module>:98 - epoch: 9, loss: 0.1189664751291275, metrics: top1: 0.4 top5: 0.43 top10: 0.396 top50: 0.382 top100: 0.391 top500: 0.49
2024-05-25 15:34:59.589 | INFO     | __main__:<module>:98 - epoch: 9, loss: 0.12697529792785645, metrics: top1: 0.4 top5: 0.43 top10: 0.396 top50: 0.382 top100: 0.391 top500: 0.49
2024-05-25 15:34:59.605 | INFO     | __main__:<module>:98 - epoch: 9, loss: 0.13378944993019104, metrics: top1: 0.4 top5: 0.43 top10: 0.396 top50: 0.382 top100: 0.391 top500: 0.49
2024-05-25 15:34:59.626 | INFO     | __main__:<module>:98 - epoch: 9, loss: 0.11924362927675247, metrics: top1: 0.4 top5: 0.43 top10: 0.396 top50: 0.382 top100: 0.391 top500: 0.49
2024-05-25 15:34:59.645 | INFO     | __main__:<module>:98 - epoch: 9, loss: 0.13502848148345947, metrics: top1: 0.4 top5: 0.43 top10: 0.396 top50: 0.382 top100: 0.391 top500: 0.49
2024-05-25 15:34:59.661 | INFO     | __main__:<module>:98 - epoch: 9, loss: 0.13313667476177216, metrics: top1: 0.4 top5: 0.43 top10: 0.396 top50: 0.382 top100: 0.391 top500: 0.49
2024-05-25 15:34:59.678 | INFO     | __main__:<module>:98 - epoch: 9, loss: 0.11853251606225967, metrics: top1: 0.4 top5: 0.43 top10: 0.396 top50: 0.382 top100: 0.391 top500: 0.49
2024-05-25 15:34:59.694 | INFO     | __main__:<module>:98 - epoch: 9, loss: 0.12144485861063004, metrics: top1: 0.4 top5: 0.43 top10: 0.396 top50: 0.382 top100: 0.391 top500: 0.49
2024-05-25 15:34:59.724 | INFO     | __main__:<module>:98 - epoch: 9, loss: 0.11546245217323303, metrics: top1: 0.4 top5: 0.43 top10: 0.396 top50: 0.382 top100: 0.391 top500: 0.49
2024-05-25 15:34:59.743 | INFO     | __main__:<module>:98 - epoch: 9, loss: 0.12116511166095734, metrics: top1: 0.4 top5: 0.43 top10: 0.396 top50: 0.382 top100: 0.391 top500: 0.49
2024-05-25 15:34:59.761 | INFO     | __main__:<module>:98 - epoch: 9, loss: 0.11639709770679474, metrics: top1: 0.4 top5: 0.43 top10: 0.396 top50: 0.382 top100: 0.391 top500: 0.49
2024-05-25 15:35:00.005 | INFO     | __main__:<module>:98 - epoch: 10, loss: 0.10686654597520828, metrics: top1: 0.4 top5: 0.43 top10: 0.396 top50: 0.382 top100: 0.391 top500: 0.49
2024-05-25 15:35:00.026 | INFO     | __main__:<module>:98 - epoch: 10, loss: 0.11871720105409622, metrics: top1: 0.4 top5: 0.43 top10: 0.396 top50: 0.382 top100: 0.391 top500: 0.49
2024-05-25 15:35:00.075 | INFO     | __main__:<module>:98 - epoch: 10, loss: 0.13182561099529266, metrics: top1: 0.4 top5: 0.43 top10: 0.396 top50: 0.382 top100: 0.391 top500: 0.49
2024-05-25 15:35:00.095 | INFO     | __main__:<module>:98 - epoch: 10, loss: 0.11705777049064636, metrics: top1: 0.4 top5: 0.43 top10: 0.396 top50: 0.382 top100: 0.391 top500: 0.49
2024-05-25 15:35:00.125 | INFO     | __main__:<module>:98 - epoch: 10, loss: 0.12963426113128662, metrics: top1: 0.4 top5: 0.43 top10: 0.396 top50: 0.382 top100: 0.391 top500: 0.49
2024-05-25 15:35:00.142 | INFO     | __main__:<module>:98 - epoch: 10, loss: 0.10350599139928818, metrics: top1: 0.4 top5: 0.43 top10: 0.396 top50: 0.382 top100: 0.391 top500: 0.49
2024-05-25 15:35:00.157 | INFO     | __main__:<module>:98 - epoch: 10, loss: 0.1140625923871994, metrics: top1: 0.4 top5: 0.43 top10: 0.396 top50: 0.382 top100: 0.391 top500: 0.49
2024-05-25 15:35:00.174 | INFO     | __main__:<module>:98 - epoch: 10, loss: 0.1384219527244568, metrics: top1: 0.4 top5: 0.43 top10: 0.396 top50: 0.382 top100: 0.391 top500: 0.49
2024-05-25 15:35:00.202 | INFO     | __main__:<module>:98 - epoch: 10, loss: 0.13992774486541748, metrics: top1: 0.4 top5: 0.43 top10: 0.396 top50: 0.382 top100: 0.391 top500: 0.49
2024-05-25 15:35:00.228 | INFO     | __main__:<module>:98 - epoch: 10, loss: 0.133000448346138, metrics: top1: 0.4 top5: 0.43 top10: 0.396 top50: 0.382 top100: 0.391 top500: 0.49
2024-05-25 15:35:00.251 | INFO     | __main__:<module>:98 - epoch: 10, loss: 0.11863116174936295, metrics: top1: 0.4 top5: 0.43 top10: 0.396 top50: 0.382 top100: 0.391 top500: 0.49
2024-05-25 15:35:00.281 | INFO     | __main__:<module>:98 - epoch: 10, loss: 0.12844139337539673, metrics: top1: 0.4 top5: 0.43 top10: 0.396 top50: 0.382 top100: 0.391 top500: 0.49
2024-05-25 15:35:00.312 | INFO     | __main__:<module>:98 - epoch: 10, loss: 0.12300524115562439, metrics: top1: 0.4 top5: 0.43 top10: 0.396 top50: 0.382 top100: 0.391 top500: 0.49
2024-05-25 15:35:00.341 | INFO     | __main__:<module>:98 - epoch: 10, loss: 0.0978618860244751, metrics: top1: 0.4 top5: 0.43 top10: 0.396 top50: 0.382 top100: 0.391 top500: 0.49
2024-05-25 15:35:00.362 | INFO     | __main__:<module>:98 - epoch: 10, loss: 0.13956710696220398, metrics: top1: 0.4 top5: 0.43 top10: 0.396 top50: 0.382 top100: 0.391 top500: 0.49
2024-05-25 15:35:00.393 | INFO     | __main__:<module>:98 - epoch: 10, loss: 0.13763757050037384, metrics: top1: 0.4 top5: 0.43 top10: 0.396 top50: 0.382 top100: 0.391 top500: 0.49
2024-05-25 15:35:00.424 | INFO     | __main__:<module>:98 - epoch: 10, loss: 0.12779176235198975, metrics: top1: 0.4 top5: 0.43 top10: 0.396 top50: 0.382 top100: 0.391 top500: 0.49
2024-05-25 15:35:00.443 | INFO     | __main__:<module>:98 - epoch: 10, loss: 0.13659757375717163, metrics: top1: 0.4 top5: 0.43 top10: 0.396 top50: 0.382 top100: 0.391 top500: 0.49
2024-05-25 15:35:00.474 | INFO     | __main__:<module>:98 - epoch: 10, loss: 0.10040201246738434, metrics: top1: 0.4 top5: 0.43 top10: 0.396 top50: 0.382 top100: 0.391 top500: 0.49
2024-05-25 15:35:00.503 | INFO     | __main__:<module>:98 - epoch: 10, loss: 0.1099664643406868, metrics: top1: 0.4 top5: 0.43 top10: 0.396 top50: 0.382 top100: 0.391 top500: 0.49
2024-05-25 15:35:00.523 | INFO     | __main__:<module>:98 - epoch: 10, loss: 0.13068588078022003, metrics: top1: 0.4 top5: 0.43 top10: 0.396 top50: 0.382 top100: 0.391 top500: 0.49
2024-05-25 15:35:00.551 | INFO     | __main__:<module>:98 - epoch: 10, loss: 0.10604293644428253, metrics: top1: 0.4 top5: 0.43 top10: 0.396 top50: 0.382 top100: 0.391 top500: 0.49
2024-05-25 15:35:00.570 | INFO     | __main__:<module>:98 - epoch: 10, loss: 0.1308414340019226, metrics: top1: 0.4 top5: 0.43 top10: 0.396 top50: 0.382 top100: 0.391 top500: 0.49
2024-05-25 15:35:00.589 | INFO     | __main__:<module>:98 - epoch: 10, loss: 0.11748373508453369, metrics: top1: 0.4 top5: 0.43 top10: 0.396 top50: 0.382 top100: 0.391 top500: 0.49
2024-05-25 15:35:02.246 | INFO     | __main__:<module>:98 - epoch: 11, loss: 0.12041842192411423, metrics: top1: 0.4 top5: 0.43 top10: 0.396 top50: 0.382 top100: 0.391 top500: 0.49
2024-05-25 15:35:02.263 | INFO     | __main__:<module>:98 - epoch: 11, loss: 0.12770912051200867, metrics: top1: 0.4 top5: 0.43 top10: 0.396 top50: 0.382 top100: 0.391 top500: 0.49
2024-05-25 15:35:02.298 | INFO     | __main__:<module>:98 - epoch: 11, loss: 0.12033344060182571, metrics: top1: 0.4 top5: 0.43 top10: 0.396 top50: 0.382 top100: 0.391 top500: 0.49
2024-05-25 15:35:02.328 | INFO     | __main__:<module>:98 - epoch: 11, loss: 0.11339668929576874, metrics: top1: 0.4 top5: 0.43 top10: 0.396 top50: 0.382 top100: 0.391 top500: 0.49
2024-05-25 15:35:02.352 | INFO     | __main__:<module>:98 - epoch: 11, loss: 0.10912318527698517, metrics: top1: 0.4 top5: 0.43 top10: 0.396 top50: 0.382 top100: 0.391 top500: 0.49
2024-05-25 15:35:02.368 | INFO     | __main__:<module>:98 - epoch: 11, loss: 0.11375442147254944, metrics: top1: 0.4 top5: 0.43 top10: 0.396 top50: 0.382 top100: 0.391 top500: 0.49
2024-05-25 15:35:02.384 | INFO     | __main__:<module>:98 - epoch: 11, loss: 0.11378566175699234, metrics: top1: 0.4 top5: 0.43 top10: 0.396 top50: 0.382 top100: 0.391 top500: 0.49
2024-05-25 15:35:02.400 | INFO     | __main__:<module>:98 - epoch: 11, loss: 0.15288636088371277, metrics: top1: 0.4 top5: 0.43 top10: 0.396 top50: 0.382 top100: 0.391 top500: 0.49
2024-05-25 15:35:02.415 | INFO     | __main__:<module>:98 - epoch: 11, loss: 0.11913403868675232, metrics: top1: 0.4 top5: 0.43 top10: 0.396 top50: 0.382 top100: 0.391 top500: 0.49
2024-05-25 15:35:02.442 | INFO     | __main__:<module>:98 - epoch: 11, loss: 0.11808482557535172, metrics: top1: 0.4 top5: 0.43 top10: 0.396 top50: 0.382 top100: 0.391 top500: 0.49
2024-05-25 15:35:02.459 | INFO     | __main__:<module>:98 - epoch: 11, loss: 0.13956168293952942, metrics: top1: 0.4 top5: 0.43 top10: 0.396 top50: 0.382 top100: 0.391 top500: 0.49
2024-05-25 15:35:02.479 | INFO     | __main__:<module>:98 - epoch: 11, loss: 0.098860003054142, metrics: top1: 0.4 top5: 0.43 top10: 0.396 top50: 0.382 top100: 0.391 top500: 0.49
2024-05-25 15:35:02.496 | INFO     | __main__:<module>:98 - epoch: 11, loss: 0.1315624862909317, metrics: top1: 0.4 top5: 0.43 top10: 0.396 top50: 0.382 top100: 0.391 top500: 0.49
2024-05-25 15:35:02.512 | INFO     | __main__:<module>:98 - epoch: 11, loss: 0.1317366659641266, metrics: top1: 0.4 top5: 0.43 top10: 0.396 top50: 0.382 top100: 0.391 top500: 0.49
2024-05-25 15:35:02.529 | INFO     | __main__:<module>:98 - epoch: 11, loss: 0.1293163150548935, metrics: top1: 0.4 top5: 0.43 top10: 0.396 top50: 0.382 top100: 0.391 top500: 0.49
2024-05-25 15:35:02.546 | INFO     | __main__:<module>:98 - epoch: 11, loss: 0.11676870286464691, metrics: top1: 0.4 top5: 0.43 top10: 0.396 top50: 0.382 top100: 0.391 top500: 0.49
2024-05-25 15:35:02.568 | INFO     | __main__:<module>:98 - epoch: 11, loss: 0.13423645496368408, metrics: top1: 0.4 top5: 0.43 top10: 0.396 top50: 0.382 top100: 0.391 top500: 0.49
2024-05-25 15:35:02.584 | INFO     | __main__:<module>:98 - epoch: 11, loss: 0.12424873560667038, metrics: top1: 0.4 top5: 0.43 top10: 0.396 top50: 0.382 top100: 0.391 top500: 0.49
2024-05-25 15:35:02.601 | INFO     | __main__:<module>:98 - epoch: 11, loss: 0.15430670976638794, metrics: top1: 0.4 top5: 0.43 top10: 0.396 top50: 0.382 top100: 0.391 top500: 0.49
2024-05-25 15:35:02.631 | INFO     | __main__:<module>:98 - epoch: 11, loss: 0.12243836373090744, metrics: top1: 0.4 top5: 0.43 top10: 0.396 top50: 0.382 top100: 0.391 top500: 0.49
2024-05-25 15:35:02.650 | INFO     | __main__:<module>:98 - epoch: 11, loss: 0.13700449466705322, metrics: top1: 0.4 top5: 0.43 top10: 0.396 top50: 0.382 top100: 0.391 top500: 0.49
2024-05-25 15:35:02.680 | INFO     | __main__:<module>:98 - epoch: 11, loss: 0.13574761152267456, metrics: top1: 0.4 top5: 0.43 top10: 0.396 top50: 0.382 top100: 0.391 top500: 0.49
2024-05-25 15:35:02.703 | INFO     | __main__:<module>:98 - epoch: 11, loss: 0.11633235216140747, metrics: top1: 0.4 top5: 0.43 top10: 0.396 top50: 0.382 top100: 0.391 top500: 0.49
2024-05-25 15:35:02.720 | INFO     | __main__:<module>:98 - epoch: 11, loss: 0.10974138975143433, metrics: top1: 0.4 top5: 0.43 top10: 0.396 top50: 0.382 top100: 0.391 top500: 0.49
2024-05-25 15:35:02.961 | INFO     | __main__:<module>:98 - epoch: 12, loss: 0.11847564578056335, metrics: top1: 0.4 top5: 0.43 top10: 0.396 top50: 0.382 top100: 0.391 top500: 0.49
2024-05-25 15:35:02.978 | INFO     | __main__:<module>:98 - epoch: 12, loss: 0.14182285964488983, metrics: top1: 0.4 top5: 0.43 top10: 0.396 top50: 0.382 top100: 0.391 top500: 0.49
2024-05-25 15:35:03.024 | INFO     | __main__:<module>:98 - epoch: 12, loss: 0.14383655786514282, metrics: top1: 0.4 top5: 0.43 top10: 0.396 top50: 0.382 top100: 0.391 top500: 0.49
2024-05-25 15:35:03.074 | INFO     | __main__:<module>:98 - epoch: 12, loss: 0.1072748675942421, metrics: top1: 0.4 top5: 0.43 top10: 0.396 top50: 0.382 top100: 0.391 top500: 0.49
2024-05-25 15:35:03.102 | INFO     | __main__:<module>:98 - epoch: 12, loss: 0.11957535147666931, metrics: top1: 0.4 top5: 0.43 top10: 0.396 top50: 0.382 top100: 0.391 top500: 0.49
2024-05-25 15:35:03.120 | INFO     | __main__:<module>:98 - epoch: 12, loss: 0.10943832993507385, metrics: top1: 0.4 top5: 0.43 top10: 0.396 top50: 0.382 top100: 0.391 top500: 0.49
2024-05-25 15:35:03.147 | INFO     | __main__:<module>:98 - epoch: 12, loss: 0.1264221966266632, metrics: top1: 0.4 top5: 0.43 top10: 0.396 top50: 0.382 top100: 0.391 top500: 0.49
2024-05-25 15:35:03.164 | INFO     | __main__:<module>:98 - epoch: 12, loss: 0.11042207479476929, metrics: top1: 0.4 top5: 0.43 top10: 0.396 top50: 0.382 top100: 0.391 top500: 0.49
2024-05-25 15:35:03.179 | INFO     | __main__:<module>:98 - epoch: 12, loss: 0.10733532160520554, metrics: top1: 0.4 top5: 0.43 top10: 0.396 top50: 0.382 top100: 0.391 top500: 0.49
2024-05-25 15:35:03.208 | INFO     | __main__:<module>:98 - epoch: 12, loss: 0.14131128787994385, metrics: top1: 0.4 top5: 0.43 top10: 0.396 top50: 0.382 top100: 0.391 top500: 0.49
2024-05-25 15:35:03.232 | INFO     | __main__:<module>:98 - epoch: 12, loss: 0.15716826915740967, metrics: top1: 0.4 top5: 0.43 top10: 0.396 top50: 0.382 top100: 0.391 top500: 0.49
2024-05-25 15:35:03.251 | INFO     | __main__:<module>:98 - epoch: 12, loss: 0.10849516093730927, metrics: top1: 0.4 top5: 0.43 top10: 0.396 top50: 0.382 top100: 0.391 top500: 0.49
2024-05-25 15:35:03.283 | INFO     | __main__:<module>:98 - epoch: 12, loss: 0.11362407356500626, metrics: top1: 0.4 top5: 0.43 top10: 0.396 top50: 0.382 top100: 0.391 top500: 0.49
2024-05-25 15:35:03.301 | INFO     | __main__:<module>:98 - epoch: 12, loss: 0.12988130748271942, metrics: top1: 0.4 top5: 0.43 top10: 0.396 top50: 0.382 top100: 0.391 top500: 0.49
2024-05-25 15:35:03.320 | INFO     | __main__:<module>:98 - epoch: 12, loss: 0.12698617577552795, metrics: top1: 0.4 top5: 0.43 top10: 0.396 top50: 0.382 top100: 0.391 top500: 0.49
2024-05-25 15:35:03.344 | INFO     | __main__:<module>:98 - epoch: 12, loss: 0.1444653868675232, metrics: top1: 0.4 top5: 0.43 top10: 0.396 top50: 0.382 top100: 0.391 top500: 0.49
2024-05-25 15:35:03.367 | INFO     | __main__:<module>:98 - epoch: 12, loss: 0.12305793911218643, metrics: top1: 0.4 top5: 0.43 top10: 0.396 top50: 0.382 top100: 0.391 top500: 0.49
2024-05-25 15:35:03.385 | INFO     | __main__:<module>:98 - epoch: 12, loss: 0.11387252062559128, metrics: top1: 0.4 top5: 0.43 top10: 0.396 top50: 0.382 top100: 0.391 top500: 0.49
2024-05-25 15:35:03.406 | INFO     | __main__:<module>:98 - epoch: 12, loss: 0.10705813765525818, metrics: top1: 0.4 top5: 0.43 top10: 0.396 top50: 0.382 top100: 0.391 top500: 0.49
2024-05-25 15:35:03.423 | INFO     | __main__:<module>:98 - epoch: 12, loss: 0.11689631640911102, metrics: top1: 0.4 top5: 0.43 top10: 0.396 top50: 0.382 top100: 0.391 top500: 0.49
2024-05-25 15:35:03.455 | INFO     | __main__:<module>:98 - epoch: 12, loss: 0.1089029386639595, metrics: top1: 0.4 top5: 0.43 top10: 0.396 top50: 0.382 top100: 0.391 top500: 0.49
2024-05-25 15:35:03.486 | INFO     | __main__:<module>:98 - epoch: 12, loss: 0.12082269042730331, metrics: top1: 0.4 top5: 0.43 top10: 0.396 top50: 0.382 top100: 0.391 top500: 0.49
2024-05-25 15:35:03.505 | INFO     | __main__:<module>:98 - epoch: 12, loss: 0.13797493278980255, metrics: top1: 0.4 top5: 0.43 top10: 0.396 top50: 0.382 top100: 0.391 top500: 0.49
2024-05-25 15:35:03.516 | INFO     | __main__:<module>:98 - epoch: 12, loss: 0.14870622754096985, metrics: top1: 0.4 top5: 0.43 top10: 0.396 top50: 0.382 top100: 0.391 top500: 0.49
2024-05-25 15:35:03.756 | INFO     | __main__:<module>:98 - epoch: 13, loss: 0.13131298124790192, metrics: top1: 0.4 top5: 0.43 top10: 0.396 top50: 0.382 top100: 0.391 top500: 0.49
2024-05-25 15:35:03.772 | INFO     | __main__:<module>:98 - epoch: 13, loss: 0.11261995136737823, metrics: top1: 0.4 top5: 0.43 top10: 0.396 top50: 0.382 top100: 0.391 top500: 0.49
2024-05-25 15:35:03.788 | INFO     | __main__:<module>:98 - epoch: 13, loss: 0.10283178836107254, metrics: top1: 0.4 top5: 0.43 top10: 0.396 top50: 0.382 top100: 0.391 top500: 0.49
2024-05-25 15:35:03.850 | INFO     | __main__:<module>:98 - epoch: 13, loss: 0.11009374260902405, metrics: top1: 0.4 top5: 0.43 top10: 0.396 top50: 0.382 top100: 0.391 top500: 0.49
2024-05-25 15:35:03.869 | INFO     | __main__:<module>:98 - epoch: 13, loss: 0.144494891166687, metrics: top1: 0.4 top5: 0.43 top10: 0.396 top50: 0.382 top100: 0.391 top500: 0.49
2024-05-25 15:35:03.885 | INFO     | __main__:<module>:98 - epoch: 13, loss: 0.11161041259765625, metrics: top1: 0.4 top5: 0.43 top10: 0.396 top50: 0.382 top100: 0.391 top500: 0.49
2024-05-25 15:35:03.901 | INFO     | __main__:<module>:98 - epoch: 13, loss: 0.1587691605091095, metrics: top1: 0.4 top5: 0.43 top10: 0.396 top50: 0.382 top100: 0.391 top500: 0.49
2024-05-25 15:35:03.917 | INFO     | __main__:<module>:98 - epoch: 13, loss: 0.11039528995752335, metrics: top1: 0.4 top5: 0.43 top10: 0.396 top50: 0.382 top100: 0.391 top500: 0.49
2024-05-25 15:35:03.934 | INFO     | __main__:<module>:98 - epoch: 13, loss: 0.12196539342403412, metrics: top1: 0.4 top5: 0.43 top10: 0.396 top50: 0.382 top100: 0.391 top500: 0.49
2024-05-25 15:35:03.965 | INFO     | __main__:<module>:98 - epoch: 13, loss: 0.14402735233306885, metrics: top1: 0.4 top5: 0.43 top10: 0.396 top50: 0.382 top100: 0.391 top500: 0.49
2024-05-25 15:35:03.985 | INFO     | __main__:<module>:98 - epoch: 13, loss: 0.143116295337677, metrics: top1: 0.4 top5: 0.43 top10: 0.396 top50: 0.382 top100: 0.391 top500: 0.49
2024-05-25 15:35:04.002 | INFO     | __main__:<module>:98 - epoch: 13, loss: 0.11263203620910645, metrics: top1: 0.4 top5: 0.43 top10: 0.396 top50: 0.382 top100: 0.391 top500: 0.49
2024-05-25 15:35:04.018 | INFO     | __main__:<module>:98 - epoch: 13, loss: 0.1157771423459053, metrics: top1: 0.4 top5: 0.43 top10: 0.396 top50: 0.382 top100: 0.391 top500: 0.49
2024-05-25 15:35:04.036 | INFO     | __main__:<module>:98 - epoch: 13, loss: 0.11160542070865631, metrics: top1: 0.4 top5: 0.43 top10: 0.396 top50: 0.382 top100: 0.391 top500: 0.49
2024-05-25 15:35:04.052 | INFO     | __main__:<module>:98 - epoch: 13, loss: 0.10985162109136581, metrics: top1: 0.4 top5: 0.43 top10: 0.396 top50: 0.382 top100: 0.391 top500: 0.49
2024-05-25 15:35:04.075 | INFO     | __main__:<module>:98 - epoch: 13, loss: 0.10932770371437073, metrics: top1: 0.4 top5: 0.43 top10: 0.396 top50: 0.382 top100: 0.391 top500: 0.49
2024-05-25 15:35:04.094 | INFO     | __main__:<module>:98 - epoch: 13, loss: 0.11649373918771744, metrics: top1: 0.4 top5: 0.43 top10: 0.396 top50: 0.382 top100: 0.391 top500: 0.49
2024-05-25 15:35:04.110 | INFO     | __main__:<module>:98 - epoch: 13, loss: 0.11246762424707413, metrics: top1: 0.4 top5: 0.43 top10: 0.396 top50: 0.382 top100: 0.391 top500: 0.49
2024-05-25 15:35:04.140 | INFO     | __main__:<module>:98 - epoch: 13, loss: 0.1129753440618515, metrics: top1: 0.4 top5: 0.43 top10: 0.396 top50: 0.382 top100: 0.391 top500: 0.49
2024-05-25 15:35:04.170 | INFO     | __main__:<module>:98 - epoch: 13, loss: 0.1535240113735199, metrics: top1: 0.4 top5: 0.43 top10: 0.396 top50: 0.382 top100: 0.391 top500: 0.49
2024-05-25 15:35:04.190 | INFO     | __main__:<module>:98 - epoch: 13, loss: 0.11206424981355667, metrics: top1: 0.4 top5: 0.43 top10: 0.396 top50: 0.382 top100: 0.391 top500: 0.49
2024-05-25 15:35:04.221 | INFO     | __main__:<module>:98 - epoch: 13, loss: 0.1304166316986084, metrics: top1: 0.4 top5: 0.43 top10: 0.396 top50: 0.382 top100: 0.391 top500: 0.49
2024-05-25 15:35:04.254 | INFO     | __main__:<module>:98 - epoch: 13, loss: 0.1467062532901764, metrics: top1: 0.4 top5: 0.43 top10: 0.396 top50: 0.382 top100: 0.391 top500: 0.49
2024-05-25 15:35:04.268 | INFO     | __main__:<module>:98 - epoch: 13, loss: 0.10079546272754669, metrics: top1: 0.4 top5: 0.43 top10: 0.396 top50: 0.382 top100: 0.391 top500: 0.49
2024-05-25 15:35:04.506 | INFO     | __main__:<module>:98 - epoch: 14, loss: 0.12666136026382446, metrics: top1: 0.4 top5: 0.43 top10: 0.396 top50: 0.382 top100: 0.391 top500: 0.49
2024-05-25 15:35:04.524 | INFO     | __main__:<module>:98 - epoch: 14, loss: 0.12227430939674377, metrics: top1: 0.4 top5: 0.43 top10: 0.396 top50: 0.382 top100: 0.391 top500: 0.49
2024-05-25 15:35:04.564 | INFO     | __main__:<module>:98 - epoch: 14, loss: 0.12060657143592834, metrics: top1: 0.4 top5: 0.43 top10: 0.396 top50: 0.382 top100: 0.391 top500: 0.49
2024-05-25 15:35:04.611 | INFO     | __main__:<module>:98 - epoch: 14, loss: 0.11249098926782608, metrics: top1: 0.4 top5: 0.43 top10: 0.396 top50: 0.382 top100: 0.391 top500: 0.49
2024-05-25 15:35:04.627 | INFO     | __main__:<module>:98 - epoch: 14, loss: 0.11576037108898163, metrics: top1: 0.4 top5: 0.43 top10: 0.396 top50: 0.382 top100: 0.391 top500: 0.49
2024-05-25 15:35:04.642 | INFO     | __main__:<module>:98 - epoch: 14, loss: 0.12017989903688431, metrics: top1: 0.4 top5: 0.43 top10: 0.396 top50: 0.382 top100: 0.391 top500: 0.49
2024-05-25 15:35:04.658 | INFO     | __main__:<module>:98 - epoch: 14, loss: 0.15826477110385895, metrics: top1: 0.4 top5: 0.43 top10: 0.396 top50: 0.382 top100: 0.391 top500: 0.49
2024-05-25 15:35:04.675 | INFO     | __main__:<module>:98 - epoch: 14, loss: 0.11721143126487732, metrics: top1: 0.4 top5: 0.43 top10: 0.396 top50: 0.382 top100: 0.391 top500: 0.49
2024-05-25 15:35:04.692 | INFO     | __main__:<module>:98 - epoch: 14, loss: 0.11885412782430649, metrics: top1: 0.4 top5: 0.43 top10: 0.396 top50: 0.382 top100: 0.391 top500: 0.49
2024-05-25 15:35:04.708 | INFO     | __main__:<module>:98 - epoch: 14, loss: 0.12767189741134644, metrics: top1: 0.4 top5: 0.43 top10: 0.396 top50: 0.382 top100: 0.391 top500: 0.49
2024-05-25 15:35:04.725 | INFO     | __main__:<module>:98 - epoch: 14, loss: 0.11298608779907227, metrics: top1: 0.4 top5: 0.43 top10: 0.396 top50: 0.382 top100: 0.391 top500: 0.49
2024-05-25 15:35:04.743 | INFO     | __main__:<module>:98 - epoch: 14, loss: 0.11787006258964539, metrics: top1: 0.4 top5: 0.43 top10: 0.396 top50: 0.382 top100: 0.391 top500: 0.49
2024-05-25 15:35:04.763 | INFO     | __main__:<module>:98 - epoch: 14, loss: 0.11564704775810242, metrics: top1: 0.4 top5: 0.43 top10: 0.396 top50: 0.382 top100: 0.391 top500: 0.49
2024-05-25 15:35:04.779 | INFO     | __main__:<module>:98 - epoch: 14, loss: 0.10045399516820908, metrics: top1: 0.4 top5: 0.43 top10: 0.396 top50: 0.382 top100: 0.391 top500: 0.49
2024-05-25 15:35:04.796 | INFO     | __main__:<module>:98 - epoch: 14, loss: 0.0988888144493103, metrics: top1: 0.4 top5: 0.43 top10: 0.396 top50: 0.382 top100: 0.391 top500: 0.49
2024-05-25 15:35:04.813 | INFO     | __main__:<module>:98 - epoch: 14, loss: 0.11289943009614944, metrics: top1: 0.4 top5: 0.43 top10: 0.396 top50: 0.382 top100: 0.391 top500: 0.49
2024-05-25 15:35:04.830 | INFO     | __main__:<module>:98 - epoch: 14, loss: 0.13057580590248108, metrics: top1: 0.4 top5: 0.43 top10: 0.396 top50: 0.382 top100: 0.391 top500: 0.49
2024-05-25 15:35:04.852 | INFO     | __main__:<module>:98 - epoch: 14, loss: 0.11780703812837601, metrics: top1: 0.4 top5: 0.43 top10: 0.396 top50: 0.382 top100: 0.391 top500: 0.49
2024-05-25 15:35:04.868 | INFO     | __main__:<module>:98 - epoch: 14, loss: 0.1145080029964447, metrics: top1: 0.4 top5: 0.43 top10: 0.396 top50: 0.382 top100: 0.391 top500: 0.49
2024-05-25 15:35:04.898 | INFO     | __main__:<module>:98 - epoch: 14, loss: 0.10818842053413391, metrics: top1: 0.4 top5: 0.43 top10: 0.396 top50: 0.382 top100: 0.391 top500: 0.49
2024-05-25 15:35:04.917 | INFO     | __main__:<module>:98 - epoch: 14, loss: 0.11191201210021973, metrics: top1: 0.4 top5: 0.43 top10: 0.396 top50: 0.382 top100: 0.391 top500: 0.49
2024-05-25 15:35:04.934 | INFO     | __main__:<module>:98 - epoch: 14, loss: 0.12399032711982727, metrics: top1: 0.4 top5: 0.43 top10: 0.396 top50: 0.382 top100: 0.391 top500: 0.49
2024-05-25 15:35:04.951 | INFO     | __main__:<module>:98 - epoch: 14, loss: 0.1280679702758789, metrics: top1: 0.4 top5: 0.43 top10: 0.396 top50: 0.382 top100: 0.391 top500: 0.49
2024-05-25 15:35:04.961 | INFO     | __main__:<module>:98 - epoch: 14, loss: 0.07684704661369324, metrics: top1: 0.4 top5: 0.43 top10: 0.396 top50: 0.382 top100: 0.391 top500: 0.49
2024-05-25 15:35:05.233 | INFO     | __main__:<module>:98 - epoch: 15, loss: 0.10052680969238281, metrics: top1: 0.4 top5: 0.43 top10: 0.396 top50: 0.382 top100: 0.391 top500: 0.49
2024-05-25 15:35:05.250 | INFO     | __main__:<module>:98 - epoch: 15, loss: 0.10262586176395416, metrics: top1: 0.4 top5: 0.43 top10: 0.396 top50: 0.382 top100: 0.391 top500: 0.49
2024-05-25 15:35:05.290 | INFO     | __main__:<module>:98 - epoch: 15, loss: 0.1337500810623169, metrics: top1: 0.4 top5: 0.43 top10: 0.396 top50: 0.382 top100: 0.391 top500: 0.49
2024-05-25 15:35:05.339 | INFO     | __main__:<module>:98 - epoch: 15, loss: 0.12926356494426727, metrics: top1: 0.4 top5: 0.43 top10: 0.396 top50: 0.382 top100: 0.391 top500: 0.49
2024-05-25 15:35:05.355 | INFO     | __main__:<module>:98 - epoch: 15, loss: 0.10530190169811249, metrics: top1: 0.4 top5: 0.43 top10: 0.396 top50: 0.382 top100: 0.391 top500: 0.49
2024-05-25 15:35:05.383 | INFO     | __main__:<module>:98 - epoch: 15, loss: 0.09613408148288727, metrics: top1: 0.4 top5: 0.43 top10: 0.396 top50: 0.382 top100: 0.391 top500: 0.49
2024-05-25 15:35:05.408 | INFO     | __main__:<module>:98 - epoch: 15, loss: 0.12162753194570541, metrics: top1: 0.4 top5: 0.43 top10: 0.396 top50: 0.382 top100: 0.391 top500: 0.49
2024-05-25 15:35:05.429 | INFO     | __main__:<module>:98 - epoch: 15, loss: 0.10472366213798523, metrics: top1: 0.4 top5: 0.43 top10: 0.396 top50: 0.382 top100: 0.391 top500: 0.49
2024-05-25 15:35:05.446 | INFO     | __main__:<module>:98 - epoch: 15, loss: 0.1069657951593399, metrics: top1: 0.4 top5: 0.43 top10: 0.396 top50: 0.382 top100: 0.391 top500: 0.49
2024-05-25 15:35:05.476 | INFO     | __main__:<module>:98 - epoch: 15, loss: 0.0919727236032486, metrics: top1: 0.4 top5: 0.43 top10: 0.396 top50: 0.382 top100: 0.391 top500: 0.49
2024-05-25 15:35:05.495 | INFO     | __main__:<module>:98 - epoch: 15, loss: 0.08674880862236023, metrics: top1: 0.4 top5: 0.43 top10: 0.396 top50: 0.382 top100: 0.391 top500: 0.49
2024-05-25 15:35:05.521 | INFO     | __main__:<module>:98 - epoch: 15, loss: 0.13571615517139435, metrics: top1: 0.4 top5: 0.43 top10: 0.396 top50: 0.382 top100: 0.391 top500: 0.49
2024-05-25 15:35:05.542 | INFO     | __main__:<module>:98 - epoch: 15, loss: 0.11202795058488846, metrics: top1: 0.4 top5: 0.43 top10: 0.396 top50: 0.382 top100: 0.391 top500: 0.49
2024-05-25 15:35:05.559 | INFO     | __main__:<module>:98 - epoch: 15, loss: 0.09161210060119629, metrics: top1: 0.4 top5: 0.43 top10: 0.396 top50: 0.382 top100: 0.391 top500: 0.49
2024-05-25 15:35:05.575 | INFO     | __main__:<module>:98 - epoch: 15, loss: 0.09786397963762283, metrics: top1: 0.4 top5: 0.43 top10: 0.396 top50: 0.382 top100: 0.391 top500: 0.49
2024-05-25 15:35:05.592 | INFO     | __main__:<module>:98 - epoch: 15, loss: 0.11096969991922379, metrics: top1: 0.4 top5: 0.43 top10: 0.396 top50: 0.382 top100: 0.391 top500: 0.49
2024-05-25 15:35:05.608 | INFO     | __main__:<module>:98 - epoch: 15, loss: 0.10229550302028656, metrics: top1: 0.4 top5: 0.43 top10: 0.396 top50: 0.382 top100: 0.391 top500: 0.49
2024-05-25 15:35:05.629 | INFO     | __main__:<module>:98 - epoch: 15, loss: 0.1071171686053276, metrics: top1: 0.4 top5: 0.43 top10: 0.396 top50: 0.382 top100: 0.391 top500: 0.49
2024-05-25 15:35:05.645 | INFO     | __main__:<module>:98 - epoch: 15, loss: 0.10150044411420822, metrics: top1: 0.4 top5: 0.43 top10: 0.396 top50: 0.382 top100: 0.391 top500: 0.49
2024-05-25 15:35:05.661 | INFO     | __main__:<module>:98 - epoch: 15, loss: 0.13922187685966492, metrics: top1: 0.4 top5: 0.43 top10: 0.396 top50: 0.382 top100: 0.391 top500: 0.49
2024-05-25 15:35:05.678 | INFO     | __main__:<module>:98 - epoch: 15, loss: 0.10720105469226837, metrics: top1: 0.4 top5: 0.43 top10: 0.396 top50: 0.382 top100: 0.391 top500: 0.49
2024-05-25 15:35:05.695 | INFO     | __main__:<module>:98 - epoch: 15, loss: 0.0961826890707016, metrics: top1: 0.4 top5: 0.43 top10: 0.396 top50: 0.382 top100: 0.391 top500: 0.49
2024-05-25 15:35:05.722 | INFO     | __main__:<module>:98 - epoch: 15, loss: 0.09917987883090973, metrics: top1: 0.4 top5: 0.43 top10: 0.396 top50: 0.382 top100: 0.391 top500: 0.49
2024-05-25 15:35:05.733 | INFO     | __main__:<module>:98 - epoch: 15, loss: 0.14436444640159607, metrics: top1: 0.4 top5: 0.43 top10: 0.396 top50: 0.382 top100: 0.391 top500: 0.49
2024-05-25 15:35:07.428 | INFO     | __main__:<module>:98 - epoch: 16, loss: 0.1038738414645195, metrics: top1: 0.4 top5: 0.43 top10: 0.396 top50: 0.382 top100: 0.391 top500: 0.49
2024-05-25 15:35:07.450 | INFO     | __main__:<module>:98 - epoch: 16, loss: 0.09542973339557648, metrics: top1: 0.4 top5: 0.43 top10: 0.396 top50: 0.382 top100: 0.391 top500: 0.49
2024-05-25 15:35:07.467 | INFO     | __main__:<module>:98 - epoch: 16, loss: 0.10971590876579285, metrics: top1: 0.4 top5: 0.43 top10: 0.396 top50: 0.382 top100: 0.391 top500: 0.49
2024-05-25 15:35:07.484 | INFO     | __main__:<module>:98 - epoch: 16, loss: 0.11332199722528458, metrics: top1: 0.4 top5: 0.43 top10: 0.396 top50: 0.382 top100: 0.391 top500: 0.49
2024-05-25 15:35:07.499 | INFO     | __main__:<module>:98 - epoch: 16, loss: 0.10204856097698212, metrics: top1: 0.4 top5: 0.43 top10: 0.396 top50: 0.382 top100: 0.391 top500: 0.49
2024-05-25 15:35:07.526 | INFO     | __main__:<module>:98 - epoch: 16, loss: 0.0872471034526825, metrics: top1: 0.4 top5: 0.43 top10: 0.396 top50: 0.382 top100: 0.391 top500: 0.49
2024-05-25 15:35:07.543 | INFO     | __main__:<module>:98 - epoch: 16, loss: 0.08205705136060715, metrics: top1: 0.4 top5: 0.43 top10: 0.396 top50: 0.382 top100: 0.391 top500: 0.49
2024-05-25 15:35:07.559 | INFO     | __main__:<module>:98 - epoch: 16, loss: 0.11129359155893326, metrics: top1: 0.4 top5: 0.43 top10: 0.396 top50: 0.382 top100: 0.391 top500: 0.49
2024-05-25 15:35:07.574 | INFO     | __main__:<module>:98 - epoch: 16, loss: 0.09409591555595398, metrics: top1: 0.4 top5: 0.43 top10: 0.396 top50: 0.382 top100: 0.391 top500: 0.49
2024-05-25 15:35:07.590 | INFO     | __main__:<module>:98 - epoch: 16, loss: 0.10595400631427765, metrics: top1: 0.4 top5: 0.43 top10: 0.396 top50: 0.382 top100: 0.391 top500: 0.49
2024-05-25 15:35:07.605 | INFO     | __main__:<module>:98 - epoch: 16, loss: 0.08763673901557922, metrics: top1: 0.4 top5: 0.43 top10: 0.396 top50: 0.382 top100: 0.391 top500: 0.49
2024-05-25 15:35:07.622 | INFO     | __main__:<module>:98 - epoch: 16, loss: 0.10560459643602371, metrics: top1: 0.4 top5: 0.43 top10: 0.396 top50: 0.382 top100: 0.391 top500: 0.49
2024-05-25 15:35:07.637 | INFO     | __main__:<module>:98 - epoch: 16, loss: 0.13566765189170837, metrics: top1: 0.4 top5: 0.43 top10: 0.396 top50: 0.382 top100: 0.391 top500: 0.49
2024-05-25 15:35:07.654 | INFO     | __main__:<module>:98 - epoch: 16, loss: 0.12160979211330414, metrics: top1: 0.4 top5: 0.43 top10: 0.396 top50: 0.382 top100: 0.391 top500: 0.49
2024-05-25 15:35:07.680 | INFO     | __main__:<module>:98 - epoch: 16, loss: 0.12589989602565765, metrics: top1: 0.4 top5: 0.43 top10: 0.396 top50: 0.382 top100: 0.391 top500: 0.49
2024-05-25 15:35:07.697 | INFO     | __main__:<module>:98 - epoch: 16, loss: 0.10789617151021957, metrics: top1: 0.4 top5: 0.43 top10: 0.396 top50: 0.382 top100: 0.391 top500: 0.49
2024-05-25 15:35:07.718 | INFO     | __main__:<module>:98 - epoch: 16, loss: 0.087917260825634, metrics: top1: 0.4 top5: 0.43 top10: 0.396 top50: 0.382 top100: 0.391 top500: 0.49
2024-05-25 15:35:07.735 | INFO     | __main__:<module>:98 - epoch: 16, loss: 0.111215740442276, metrics: top1: 0.4 top5: 0.43 top10: 0.396 top50: 0.382 top100: 0.391 top500: 0.49
2024-05-25 15:35:07.763 | INFO     | __main__:<module>:98 - epoch: 16, loss: 0.08627457916736603, metrics: top1: 0.4 top5: 0.43 top10: 0.396 top50: 0.382 top100: 0.391 top500: 0.49
2024-05-25 15:35:07.790 | INFO     | __main__:<module>:98 - epoch: 16, loss: 0.11626160144805908, metrics: top1: 0.4 top5: 0.43 top10: 0.396 top50: 0.382 top100: 0.391 top500: 0.49
2024-05-25 15:35:07.811 | INFO     | __main__:<module>:98 - epoch: 16, loss: 0.11248677968978882, metrics: top1: 0.4 top5: 0.43 top10: 0.396 top50: 0.382 top100: 0.391 top500: 0.49
2024-05-25 15:35:07.841 | INFO     | __main__:<module>:98 - epoch: 16, loss: 0.09927485883235931, metrics: top1: 0.4 top5: 0.43 top10: 0.396 top50: 0.382 top100: 0.391 top500: 0.49
2024-05-25 15:35:07.860 | INFO     | __main__:<module>:98 - epoch: 16, loss: 0.09873180091381073, metrics: top1: 0.4 top5: 0.43 top10: 0.396 top50: 0.382 top100: 0.391 top500: 0.49
2024-05-25 15:35:07.871 | INFO     | __main__:<module>:98 - epoch: 16, loss: 0.0689859390258789, metrics: top1: 0.4 top5: 0.43 top10: 0.396 top50: 0.382 top100: 0.391 top500: 0.49
2024-05-25 15:35:08.159 | INFO     | __main__:<module>:98 - epoch: 17, loss: 0.09603077918291092, metrics: top1: 0.4 top5: 0.43 top10: 0.396 top50: 0.382 top100: 0.391 top500: 0.49
2024-05-25 15:35:08.178 | INFO     | __main__:<module>:98 - epoch: 17, loss: 0.0989445224404335, metrics: top1: 0.4 top5: 0.43 top10: 0.396 top50: 0.382 top100: 0.391 top500: 0.49
2024-05-25 15:35:08.195 | INFO     | __main__:<module>:98 - epoch: 17, loss: 0.10091958194971085, metrics: top1: 0.4 top5: 0.43 top10: 0.396 top50: 0.382 top100: 0.391 top500: 0.49
2024-05-25 15:35:08.242 | INFO     | __main__:<module>:98 - epoch: 17, loss: 0.10208730399608612, metrics: top1: 0.4 top5: 0.43 top10: 0.396 top50: 0.382 top100: 0.391 top500: 0.49
2024-05-25 15:35:08.258 | INFO     | __main__:<module>:98 - epoch: 17, loss: 0.09743563830852509, metrics: top1: 0.4 top5: 0.43 top10: 0.396 top50: 0.382 top100: 0.391 top500: 0.49
2024-05-25 15:35:08.273 | INFO     | __main__:<module>:98 - epoch: 17, loss: 0.08299451321363449, metrics: top1: 0.4 top5: 0.43 top10: 0.396 top50: 0.382 top100: 0.391 top500: 0.49
2024-05-25 15:35:08.289 | INFO     | __main__:<module>:98 - epoch: 17, loss: 0.08040548115968704, metrics: top1: 0.4 top5: 0.43 top10: 0.396 top50: 0.382 top100: 0.391 top500: 0.49
2024-05-25 15:35:08.306 | INFO     | __main__:<module>:98 - epoch: 17, loss: 0.13258418440818787, metrics: top1: 0.4 top5: 0.43 top10: 0.396 top50: 0.382 top100: 0.391 top500: 0.49
2024-05-25 15:35:08.322 | INFO     | __main__:<module>:98 - epoch: 17, loss: 0.08721517026424408, metrics: top1: 0.4 top5: 0.43 top10: 0.396 top50: 0.382 top100: 0.391 top500: 0.49
2024-05-25 15:35:08.339 | INFO     | __main__:<module>:98 - epoch: 17, loss: 0.09365018457174301, metrics: top1: 0.4 top5: 0.43 top10: 0.396 top50: 0.382 top100: 0.391 top500: 0.49
2024-05-25 15:35:08.358 | INFO     | __main__:<module>:98 - epoch: 17, loss: 0.0924457237124443, metrics: top1: 0.4 top5: 0.43 top10: 0.396 top50: 0.382 top100: 0.391 top500: 0.49
2024-05-25 15:35:08.387 | INFO     | __main__:<module>:98 - epoch: 17, loss: 0.07944171130657196, metrics: top1: 0.4 top5: 0.43 top10: 0.396 top50: 0.382 top100: 0.391 top500: 0.49
2024-05-25 15:35:08.404 | INFO     | __main__:<module>:98 - epoch: 17, loss: 0.07410231232643127, metrics: top1: 0.4 top5: 0.43 top10: 0.396 top50: 0.382 top100: 0.391 top500: 0.49
2024-05-25 15:35:08.421 | INFO     | __main__:<module>:98 - epoch: 17, loss: 0.1012432798743248, metrics: top1: 0.4 top5: 0.43 top10: 0.396 top50: 0.382 top100: 0.391 top500: 0.49
2024-05-25 15:35:08.439 | INFO     | __main__:<module>:98 - epoch: 17, loss: 0.08615680038928986, metrics: top1: 0.4 top5: 0.43 top10: 0.396 top50: 0.382 top100: 0.391 top500: 0.49
2024-05-25 15:35:08.455 | INFO     | __main__:<module>:98 - epoch: 17, loss: 0.10978607833385468, metrics: top1: 0.4 top5: 0.43 top10: 0.396 top50: 0.382 top100: 0.391 top500: 0.49
2024-05-25 15:35:08.487 | INFO     | __main__:<module>:98 - epoch: 17, loss: 0.09650677442550659, metrics: top1: 0.4 top5: 0.43 top10: 0.396 top50: 0.382 top100: 0.391 top500: 0.49
2024-05-25 15:35:08.507 | INFO     | __main__:<module>:98 - epoch: 17, loss: 0.11702880263328552, metrics: top1: 0.4 top5: 0.43 top10: 0.396 top50: 0.382 top100: 0.391 top500: 0.49
2024-05-25 15:35:08.536 | INFO     | __main__:<module>:98 - epoch: 17, loss: 0.09926967322826385, metrics: top1: 0.4 top5: 0.43 top10: 0.396 top50: 0.382 top100: 0.391 top500: 0.49
2024-05-25 15:35:08.561 | INFO     | __main__:<module>:98 - epoch: 17, loss: 0.0885927677154541, metrics: top1: 0.4 top5: 0.43 top10: 0.396 top50: 0.382 top100: 0.391 top500: 0.49
2024-05-25 15:35:08.582 | INFO     | __main__:<module>:98 - epoch: 17, loss: 0.12025351077318192, metrics: top1: 0.4 top5: 0.43 top10: 0.396 top50: 0.382 top100: 0.391 top500: 0.49
2024-05-25 15:35:08.614 | INFO     | __main__:<module>:98 - epoch: 17, loss: 0.10506817698478699, metrics: top1: 0.4 top5: 0.43 top10: 0.396 top50: 0.382 top100: 0.391 top500: 0.49
2024-05-25 15:35:08.646 | INFO     | __main__:<module>:98 - epoch: 17, loss: 0.115876704454422, metrics: top1: 0.4 top5: 0.43 top10: 0.396 top50: 0.382 top100: 0.391 top500: 0.49
2024-05-25 15:35:08.658 | INFO     | __main__:<module>:98 - epoch: 17, loss: 0.11695869266986847, metrics: top1: 0.4 top5: 0.43 top10: 0.396 top50: 0.382 top100: 0.391 top500: 0.49
2024-05-25 15:35:08.927 | INFO     | __main__:<module>:98 - epoch: 18, loss: 0.08656679838895798, metrics: top1: 0.4 top5: 0.43 top10: 0.396 top50: 0.382 top100: 0.391 top500: 0.49
2024-05-25 15:35:08.944 | INFO     | __main__:<module>:98 - epoch: 18, loss: 0.09738902747631073, metrics: top1: 0.4 top5: 0.43 top10: 0.396 top50: 0.382 top100: 0.391 top500: 0.49
2024-05-25 15:35:08.960 | INFO     | __main__:<module>:98 - epoch: 18, loss: 0.10537983477115631, metrics: top1: 0.4 top5: 0.43 top10: 0.396 top50: 0.382 top100: 0.391 top500: 0.49
2024-05-25 15:35:09.000 | INFO     | __main__:<module>:98 - epoch: 18, loss: 0.12403324246406555, metrics: top1: 0.4 top5: 0.43 top10: 0.396 top50: 0.382 top100: 0.391 top500: 0.49
2024-05-25 15:35:09.023 | INFO     | __main__:<module>:98 - epoch: 18, loss: 0.09924004971981049, metrics: top1: 0.4 top5: 0.43 top10: 0.396 top50: 0.382 top100: 0.391 top500: 0.49
2024-05-25 15:35:09.053 | INFO     | __main__:<module>:98 - epoch: 18, loss: 0.08688388019800186, metrics: top1: 0.4 top5: 0.43 top10: 0.396 top50: 0.382 top100: 0.391 top500: 0.49
2024-05-25 15:35:09.083 | INFO     | __main__:<module>:98 - epoch: 18, loss: 0.0892665684223175, metrics: top1: 0.4 top5: 0.43 top10: 0.396 top50: 0.382 top100: 0.391 top500: 0.49
2024-05-25 15:35:09.103 | INFO     | __main__:<module>:98 - epoch: 18, loss: 0.08897736668586731, metrics: top1: 0.4 top5: 0.43 top10: 0.396 top50: 0.382 top100: 0.391 top500: 0.49
2024-05-25 15:35:09.120 | INFO     | __main__:<module>:98 - epoch: 18, loss: 0.10452897846698761, metrics: top1: 0.4 top5: 0.43 top10: 0.396 top50: 0.382 top100: 0.391 top500: 0.49
2024-05-25 15:35:09.137 | INFO     | __main__:<module>:98 - epoch: 18, loss: 0.09043391793966293, metrics: top1: 0.4 top5: 0.43 top10: 0.396 top50: 0.382 top100: 0.391 top500: 0.49
2024-05-25 15:35:09.154 | INFO     | __main__:<module>:98 - epoch: 18, loss: 0.07810709625482559, metrics: top1: 0.4 top5: 0.43 top10: 0.396 top50: 0.382 top100: 0.391 top500: 0.49
2024-05-25 15:35:09.171 | INFO     | __main__:<module>:98 - epoch: 18, loss: 0.07790695130825043, metrics: top1: 0.4 top5: 0.43 top10: 0.396 top50: 0.382 top100: 0.391 top500: 0.49
2024-05-25 15:35:09.188 | INFO     | __main__:<module>:98 - epoch: 18, loss: 0.09827163815498352, metrics: top1: 0.4 top5: 0.43 top10: 0.396 top50: 0.382 top100: 0.391 top500: 0.49
2024-05-25 15:35:09.205 | INFO     | __main__:<module>:98 - epoch: 18, loss: 0.078855499625206, metrics: top1: 0.4 top5: 0.43 top10: 0.396 top50: 0.382 top100: 0.391 top500: 0.49
2024-05-25 15:35:09.235 | INFO     | __main__:<module>:98 - epoch: 18, loss: 0.0773286521434784, metrics: top1: 0.4 top5: 0.43 top10: 0.396 top50: 0.382 top100: 0.391 top500: 0.49
2024-05-25 15:35:09.253 | INFO     | __main__:<module>:98 - epoch: 18, loss: 0.10011282563209534, metrics: top1: 0.4 top5: 0.43 top10: 0.396 top50: 0.382 top100: 0.391 top500: 0.49
2024-05-25 15:35:09.270 | INFO     | __main__:<module>:98 - epoch: 18, loss: 0.09541267901659012, metrics: top1: 0.4 top5: 0.43 top10: 0.396 top50: 0.382 top100: 0.391 top500: 0.49
2024-05-25 15:35:09.299 | INFO     | __main__:<module>:98 - epoch: 18, loss: 0.11229036748409271, metrics: top1: 0.4 top5: 0.43 top10: 0.396 top50: 0.382 top100: 0.391 top500: 0.49
2024-05-25 15:35:09.325 | INFO     | __main__:<module>:98 - epoch: 18, loss: 0.08524175733327866, metrics: top1: 0.4 top5: 0.43 top10: 0.396 top50: 0.382 top100: 0.391 top500: 0.49
2024-05-25 15:35:09.350 | INFO     | __main__:<module>:98 - epoch: 18, loss: 0.09990706294775009, metrics: top1: 0.4 top5: 0.43 top10: 0.396 top50: 0.382 top100: 0.391 top500: 0.49
2024-05-25 15:35:09.368 | INFO     | __main__:<module>:98 - epoch: 18, loss: 0.08149401843547821, metrics: top1: 0.4 top5: 0.43 top10: 0.396 top50: 0.382 top100: 0.391 top500: 0.49
2024-05-25 15:35:09.385 | INFO     | __main__:<module>:98 - epoch: 18, loss: 0.10722877085208893, metrics: top1: 0.4 top5: 0.43 top10: 0.396 top50: 0.382 top100: 0.391 top500: 0.49
2024-05-25 15:35:09.401 | INFO     | __main__:<module>:98 - epoch: 18, loss: 0.09090006351470947, metrics: top1: 0.4 top5: 0.43 top10: 0.396 top50: 0.382 top100: 0.391 top500: 0.49
2024-05-25 15:35:09.412 | INFO     | __main__:<module>:98 - epoch: 18, loss: 0.07994313538074493, metrics: top1: 0.4 top5: 0.43 top10: 0.396 top50: 0.382 top100: 0.391 top500: 0.49
2024-05-25 15:35:09.679 | INFO     | __main__:<module>:98 - epoch: 19, loss: 0.11690451949834824, metrics: top1: 0.4 top5: 0.43 top10: 0.396 top50: 0.382 top100: 0.391 top500: 0.49
2024-05-25 15:35:09.699 | INFO     | __main__:<module>:98 - epoch: 19, loss: 0.08574588596820831, metrics: top1: 0.4 top5: 0.43 top10: 0.396 top50: 0.382 top100: 0.391 top500: 0.49
2024-05-25 15:35:09.714 | INFO     | __main__:<module>:98 - epoch: 19, loss: 0.0901869386434555, metrics: top1: 0.4 top5: 0.43 top10: 0.396 top50: 0.382 top100: 0.391 top500: 0.49
2024-05-25 15:35:09.732 | INFO     | __main__:<module>:98 - epoch: 19, loss: 0.1051311269402504, metrics: top1: 0.4 top5: 0.43 top10: 0.396 top50: 0.382 top100: 0.391 top500: 0.49
2024-05-25 15:35:09.747 | INFO     | __main__:<module>:98 - epoch: 19, loss: 0.08851096779108047, metrics: top1: 0.4 top5: 0.43 top10: 0.396 top50: 0.382 top100: 0.391 top500: 0.49
2024-05-25 15:35:09.762 | INFO     | __main__:<module>:98 - epoch: 19, loss: 0.10133883357048035, metrics: top1: 0.4 top5: 0.43 top10: 0.396 top50: 0.382 top100: 0.391 top500: 0.49
2024-05-25 15:35:09.777 | INFO     | __main__:<module>:98 - epoch: 19, loss: 0.10788343101739883, metrics: top1: 0.4 top5: 0.43 top10: 0.396 top50: 0.382 top100: 0.391 top500: 0.49
2024-05-25 15:35:09.794 | INFO     | __main__:<module>:98 - epoch: 19, loss: 0.09907251596450806, metrics: top1: 0.4 top5: 0.43 top10: 0.396 top50: 0.382 top100: 0.391 top500: 0.49
2024-05-25 15:35:09.810 | INFO     | __main__:<module>:98 - epoch: 19, loss: 0.08703099191188812, metrics: top1: 0.4 top5: 0.43 top10: 0.396 top50: 0.382 top100: 0.391 top500: 0.49
2024-05-25 15:35:09.840 | INFO     | __main__:<module>:98 - epoch: 19, loss: 0.07881908863782883, metrics: top1: 0.4 top5: 0.43 top10: 0.396 top50: 0.382 top100: 0.391 top500: 0.49
2024-05-25 15:35:09.865 | INFO     | __main__:<module>:98 - epoch: 19, loss: 0.09558473527431488, metrics: top1: 0.4 top5: 0.43 top10: 0.396 top50: 0.382 top100: 0.391 top500: 0.49
2024-05-25 15:35:09.885 | INFO     | __main__:<module>:98 - epoch: 19, loss: 0.095645971596241, metrics: top1: 0.4 top5: 0.43 top10: 0.396 top50: 0.382 top100: 0.391 top500: 0.49
2024-05-25 15:35:09.902 | INFO     | __main__:<module>:98 - epoch: 19, loss: 0.087734654545784, metrics: top1: 0.4 top5: 0.43 top10: 0.396 top50: 0.382 top100: 0.391 top500: 0.49
2024-05-25 15:35:09.932 | INFO     | __main__:<module>:98 - epoch: 19, loss: 0.0856410562992096, metrics: top1: 0.4 top5: 0.43 top10: 0.396 top50: 0.382 top100: 0.391 top500: 0.49
2024-05-25 15:35:09.955 | INFO     | __main__:<module>:98 - epoch: 19, loss: 0.10691361129283905, metrics: top1: 0.4 top5: 0.43 top10: 0.396 top50: 0.382 top100: 0.391 top500: 0.49
2024-05-25 15:35:09.983 | INFO     | __main__:<module>:98 - epoch: 19, loss: 0.07987245917320251, metrics: top1: 0.4 top5: 0.43 top10: 0.396 top50: 0.382 top100: 0.391 top500: 0.49
2024-05-25 15:35:10.001 | INFO     | __main__:<module>:98 - epoch: 19, loss: 0.0842818021774292, metrics: top1: 0.4 top5: 0.43 top10: 0.396 top50: 0.382 top100: 0.391 top500: 0.49
2024-05-25 15:35:10.030 | INFO     | __main__:<module>:98 - epoch: 19, loss: 0.09324134141206741, metrics: top1: 0.4 top5: 0.43 top10: 0.396 top50: 0.382 top100: 0.391 top500: 0.49
2024-05-25 15:35:10.055 | INFO     | __main__:<module>:98 - epoch: 19, loss: 0.09317915141582489, metrics: top1: 0.4 top5: 0.43 top10: 0.396 top50: 0.382 top100: 0.391 top500: 0.49
2024-05-25 15:35:10.085 | INFO     | __main__:<module>:98 - epoch: 19, loss: 0.08024882525205612, metrics: top1: 0.4 top5: 0.43 top10: 0.396 top50: 0.382 top100: 0.391 top500: 0.49
2024-05-25 15:35:10.104 | INFO     | __main__:<module>:98 - epoch: 19, loss: 0.08984297513961792, metrics: top1: 0.4 top5: 0.43 top10: 0.396 top50: 0.382 top100: 0.391 top500: 0.49
2024-05-25 15:35:10.121 | INFO     | __main__:<module>:98 - epoch: 19, loss: 0.08634993433952332, metrics: top1: 0.4 top5: 0.43 top10: 0.396 top50: 0.382 top100: 0.391 top500: 0.49
2024-05-25 15:35:10.154 | INFO     | __main__:<module>:98 - epoch: 19, loss: 0.07640726864337921, metrics: top1: 0.4 top5: 0.43 top10: 0.396 top50: 0.382 top100: 0.391 top500: 0.49
2024-05-25 15:35:10.165 | INFO     | __main__:<module>:98 - epoch: 19, loss: 0.07064013928174973, metrics: top1: 0.4 top5: 0.43 top10: 0.396 top50: 0.382 top100: 0.391 top500: 0.49
2024-05-25 15:35:10.461 | INFO     | __main__:<module>:98 - epoch: 20, loss: 0.09327217936515808, metrics: top1: 0.4 top5: 0.43 top10: 0.396 top50: 0.382 top100: 0.391 top500: 0.49
2024-05-25 15:35:10.478 | INFO     | __main__:<module>:98 - epoch: 20, loss: 0.08375690877437592, metrics: top1: 0.4 top5: 0.43 top10: 0.396 top50: 0.382 top100: 0.391 top500: 0.49
2024-05-25 15:35:10.495 | INFO     | __main__:<module>:98 - epoch: 20, loss: 0.08893011510372162, metrics: top1: 0.4 top5: 0.43 top10: 0.396 top50: 0.382 top100: 0.391 top500: 0.49
2024-05-25 15:35:10.550 | INFO     | __main__:<module>:98 - epoch: 20, loss: 0.08782458305358887, metrics: top1: 0.4 top5: 0.43 top10: 0.396 top50: 0.382 top100: 0.391 top500: 0.49
2024-05-25 15:35:10.567 | INFO     | __main__:<module>:98 - epoch: 20, loss: 0.08327092230319977, metrics: top1: 0.4 top5: 0.43 top10: 0.396 top50: 0.382 top100: 0.391 top500: 0.49
2024-05-25 15:35:10.585 | INFO     | __main__:<module>:98 - epoch: 20, loss: 0.0869644284248352, metrics: top1: 0.4 top5: 0.43 top10: 0.396 top50: 0.382 top100: 0.391 top500: 0.49
2024-05-25 15:35:10.600 | INFO     | __main__:<module>:98 - epoch: 20, loss: 0.09003519266843796, metrics: top1: 0.4 top5: 0.43 top10: 0.396 top50: 0.382 top100: 0.391 top500: 0.49
2024-05-25 15:35:10.615 | INFO     | __main__:<module>:98 - epoch: 20, loss: 0.10044148564338684, metrics: top1: 0.4 top5: 0.43 top10: 0.396 top50: 0.382 top100: 0.391 top500: 0.49
2024-05-25 15:35:10.645 | INFO     | __main__:<module>:98 - epoch: 20, loss: 0.09016551077365875, metrics: top1: 0.4 top5: 0.43 top10: 0.396 top50: 0.382 top100: 0.391 top500: 0.49
2024-05-25 15:35:10.668 | INFO     | __main__:<module>:98 - epoch: 20, loss: 0.0900285392999649, metrics: top1: 0.4 top5: 0.43 top10: 0.396 top50: 0.382 top100: 0.391 top500: 0.49
2024-05-25 15:35:10.686 | INFO     | __main__:<module>:98 - epoch: 20, loss: 0.07346966862678528, metrics: top1: 0.4 top5: 0.43 top10: 0.396 top50: 0.382 top100: 0.391 top500: 0.49
2024-05-25 15:35:10.705 | INFO     | __main__:<module>:98 - epoch: 20, loss: 0.08950023353099823, metrics: top1: 0.4 top5: 0.43 top10: 0.396 top50: 0.382 top100: 0.391 top500: 0.49
2024-05-25 15:35:10.722 | INFO     | __main__:<module>:98 - epoch: 20, loss: 0.07166815549135208, metrics: top1: 0.4 top5: 0.43 top10: 0.396 top50: 0.382 top100: 0.391 top500: 0.49
2024-05-25 15:35:10.737 | INFO     | __main__:<module>:98 - epoch: 20, loss: 0.07937468588352203, metrics: top1: 0.4 top5: 0.43 top10: 0.396 top50: 0.382 top100: 0.391 top500: 0.49
2024-05-25 15:35:10.759 | INFO     | __main__:<module>:98 - epoch: 20, loss: 0.09441639482975006, metrics: top1: 0.4 top5: 0.43 top10: 0.396 top50: 0.382 top100: 0.391 top500: 0.49
2024-05-25 15:35:10.777 | INFO     | __main__:<module>:98 - epoch: 20, loss: 0.0771327093243599, metrics: top1: 0.4 top5: 0.43 top10: 0.396 top50: 0.382 top100: 0.391 top500: 0.49
2024-05-25 15:35:10.793 | INFO     | __main__:<module>:98 - epoch: 20, loss: 0.06725987792015076, metrics: top1: 0.4 top5: 0.43 top10: 0.396 top50: 0.382 top100: 0.391 top500: 0.49
2024-05-25 15:35:10.809 | INFO     | __main__:<module>:98 - epoch: 20, loss: 0.08191333711147308, metrics: top1: 0.4 top5: 0.43 top10: 0.396 top50: 0.382 top100: 0.391 top500: 0.49
2024-05-25 15:35:10.826 | INFO     | __main__:<module>:98 - epoch: 20, loss: 0.0834733173251152, metrics: top1: 0.4 top5: 0.43 top10: 0.396 top50: 0.382 top100: 0.391 top500: 0.49
2024-05-25 15:35:10.856 | INFO     | __main__:<module>:98 - epoch: 20, loss: 0.07458251714706421, metrics: top1: 0.4 top5: 0.43 top10: 0.396 top50: 0.382 top100: 0.391 top500: 0.49
2024-05-25 15:35:10.884 | INFO     | __main__:<module>:98 - epoch: 20, loss: 0.06614138931035995, metrics: top1: 0.4 top5: 0.43 top10: 0.396 top50: 0.382 top100: 0.391 top500: 0.49
2024-05-25 15:35:10.907 | INFO     | __main__:<module>:98 - epoch: 20, loss: 0.07970926910638809, metrics: top1: 0.4 top5: 0.43 top10: 0.396 top50: 0.382 top100: 0.391 top500: 0.49
2024-05-25 15:35:10.933 | INFO     | __main__:<module>:98 - epoch: 20, loss: 0.08080966770648956, metrics: top1: 0.4 top5: 0.43 top10: 0.396 top50: 0.382 top100: 0.391 top500: 0.49
2024-05-25 15:35:10.944 | INFO     | __main__:<module>:98 - epoch: 20, loss: 0.07469772547483444, metrics: top1: 0.4 top5: 0.43 top10: 0.396 top50: 0.382 top100: 0.391 top500: 0.49
