2024-05-25 16:02:56.139 | INFO     | __main__:<module>:67 - start training
2024-05-25 16:02:56.139 | INFO     | __main__:<module>:68 - seed: 2023
2024-05-25 16:02:57.267 | INFO     | __main__:<module>:98 - epoch: 0, loss: 0.7993640899658203, metrics: top1: 0 top5: 0 top10: 0 top50: 0 top100: 0 top500: 0
2024-05-25 16:02:57.287 | INFO     | __main__:<module>:98 - epoch: 0, loss: 0.79702228307724, metrics: top1: 0 top5: 0 top10: 0 top50: 0 top100: 0 top500: 0
2024-05-25 16:02:57.337 | INFO     | __main__:<module>:98 - epoch: 0, loss: 0.8038091063499451, metrics: top1: 0 top5: 0 top10: 0 top50: 0 top100: 0 top500: 0
2024-05-25 16:02:57.353 | INFO     | __main__:<module>:98 - epoch: 0, loss: 0.7944923639297485, metrics: top1: 0 top5: 0 top10: 0 top50: 0 top100: 0 top500: 0
2024-05-25 16:02:57.369 | INFO     | __main__:<module>:98 - epoch: 0, loss: 0.7965179681777954, metrics: top1: 0 top5: 0 top10: 0 top50: 0 top100: 0 top500: 0
2024-05-25 16:02:57.385 | INFO     | __main__:<module>:98 - epoch: 0, loss: 0.793774425983429, metrics: top1: 0 top5: 0 top10: 0 top50: 0 top100: 0 top500: 0
2024-05-25 16:02:57.403 | INFO     | __main__:<module>:98 - epoch: 0, loss: 0.7834016680717468, metrics: top1: 0 top5: 0 top10: 0 top50: 0 top100: 0 top500: 0
2024-05-25 16:02:57.425 | INFO     | __main__:<module>:98 - epoch: 0, loss: 0.7764729857444763, metrics: top1: 0 top5: 0 top10: 0 top50: 0 top100: 0 top500: 0
2024-05-25 16:02:57.442 | INFO     | __main__:<module>:98 - epoch: 0, loss: 0.784188449382782, metrics: top1: 0 top5: 0 top10: 0 top50: 0 top100: 0 top500: 0
2024-05-25 16:02:57.457 | INFO     | __main__:<module>:98 - epoch: 0, loss: 0.7704991698265076, metrics: top1: 0 top5: 0 top10: 0 top50: 0 top100: 0 top500: 0
2024-05-25 16:02:57.473 | INFO     | __main__:<module>:98 - epoch: 0, loss: 0.7602638006210327, metrics: top1: 0 top5: 0 top10: 0 top50: 0 top100: 0 top500: 0
2024-05-25 16:02:57.491 | INFO     | __main__:<module>:98 - epoch: 0, loss: 0.7511557340621948, metrics: top1: 0 top5: 0 top10: 0 top50: 0 top100: 0 top500: 0
2024-05-25 16:02:57.506 | INFO     | __main__:<module>:98 - epoch: 0, loss: 0.7394838333129883, metrics: top1: 0 top5: 0 top10: 0 top50: 0 top100: 0 top500: 0
2024-05-25 16:02:57.542 | INFO     | __main__:<module>:98 - epoch: 0, loss: 0.7213321924209595, metrics: top1: 0 top5: 0 top10: 0 top50: 0 top100: 0 top500: 0
2024-05-25 16:02:57.569 | INFO     | __main__:<module>:98 - epoch: 0, loss: 0.7003120183944702, metrics: top1: 0 top5: 0 top10: 0 top50: 0 top100: 0 top500: 0
2024-05-25 16:02:57.587 | INFO     | __main__:<module>:98 - epoch: 0, loss: 0.680342972278595, metrics: top1: 0 top5: 0 top10: 0 top50: 0 top100: 0 top500: 0
2024-05-25 16:02:57.608 | INFO     | __main__:<module>:98 - epoch: 0, loss: 0.6716533899307251, metrics: top1: 0 top5: 0 top10: 0 top50: 0 top100: 0 top500: 0
2024-05-25 16:02:57.626 | INFO     | __main__:<module>:98 - epoch: 0, loss: 0.6318570971488953, metrics: top1: 0 top5: 0 top10: 0 top50: 0 top100: 0 top500: 0
2024-05-25 16:02:57.641 | INFO     | __main__:<module>:98 - epoch: 0, loss: 0.5900198817253113, metrics: top1: 0 top5: 0 top10: 0 top50: 0 top100: 0 top500: 0
2024-05-25 16:02:57.658 | INFO     | __main__:<module>:98 - epoch: 0, loss: 0.595146656036377, metrics: top1: 0 top5: 0 top10: 0 top50: 0 top100: 0 top500: 0
2024-05-25 16:02:57.674 | INFO     | __main__:<module>:98 - epoch: 0, loss: 0.5435110330581665, metrics: top1: 0 top5: 0 top10: 0 top50: 0 top100: 0 top500: 0
2024-05-25 16:02:57.691 | INFO     | __main__:<module>:98 - epoch: 0, loss: 0.5187360644340515, metrics: top1: 0 top5: 0 top10: 0 top50: 0 top100: 0 top500: 0
2024-05-25 16:02:57.708 | INFO     | __main__:<module>:98 - epoch: 0, loss: 0.49413400888442993, metrics: top1: 0 top5: 0 top10: 0 top50: 0 top100: 0 top500: 0
2024-05-25 16:02:57.770 | INFO     | __main__:<module>:98 - epoch: 0, loss: 0.5121155977249146, metrics: top1: 0 top5: 0 top10: 0 top50: 0 top100: 0 top500: 0
2024-05-25 16:02:59.627 | INFO     | __main__:<module>:98 - epoch: 1, loss: 0.5833717584609985, metrics: top1: 0.44 top5: 0.397 top10: 0.357 top50: 0.337 top100: 0.351 top500: 0.547
2024-05-25 16:02:59.643 | INFO     | __main__:<module>:98 - epoch: 1, loss: 0.5176699757575989, metrics: top1: 0.44 top5: 0.397 top10: 0.357 top50: 0.337 top100: 0.351 top500: 0.547
2024-05-25 16:02:59.659 | INFO     | __main__:<module>:98 - epoch: 1, loss: 0.5143334865570068, metrics: top1: 0.44 top5: 0.397 top10: 0.357 top50: 0.337 top100: 0.351 top500: 0.547
2024-05-25 16:02:59.702 | INFO     | __main__:<module>:98 - epoch: 1, loss: 0.5542010068893433, metrics: top1: 0.44 top5: 0.397 top10: 0.357 top50: 0.337 top100: 0.351 top500: 0.547
2024-05-25 16:02:59.719 | INFO     | __main__:<module>:98 - epoch: 1, loss: 0.5017076730728149, metrics: top1: 0.44 top5: 0.397 top10: 0.357 top50: 0.337 top100: 0.351 top500: 0.547
2024-05-25 16:02:59.735 | INFO     | __main__:<module>:98 - epoch: 1, loss: 0.4952335059642792, metrics: top1: 0.44 top5: 0.397 top10: 0.357 top50: 0.337 top100: 0.351 top500: 0.547
2024-05-25 16:02:59.758 | INFO     | __main__:<module>:98 - epoch: 1, loss: 0.5115612149238586, metrics: top1: 0.44 top5: 0.397 top10: 0.357 top50: 0.337 top100: 0.351 top500: 0.547
2024-05-25 16:02:59.774 | INFO     | __main__:<module>:98 - epoch: 1, loss: 0.4478308856487274, metrics: top1: 0.44 top5: 0.397 top10: 0.357 top50: 0.337 top100: 0.351 top500: 0.547
2024-05-25 16:02:59.791 | INFO     | __main__:<module>:98 - epoch: 1, loss: 0.5132758617401123, metrics: top1: 0.44 top5: 0.397 top10: 0.357 top50: 0.337 top100: 0.351 top500: 0.547
2024-05-25 16:02:59.812 | INFO     | __main__:<module>:98 - epoch: 1, loss: 0.4919184148311615, metrics: top1: 0.44 top5: 0.397 top10: 0.357 top50: 0.337 top100: 0.351 top500: 0.547
2024-05-25 16:02:59.829 | INFO     | __main__:<module>:98 - epoch: 1, loss: 0.5078772306442261, metrics: top1: 0.44 top5: 0.397 top10: 0.357 top50: 0.337 top100: 0.351 top500: 0.547
2024-05-25 16:02:59.846 | INFO     | __main__:<module>:98 - epoch: 1, loss: 0.49288204312324524, metrics: top1: 0.44 top5: 0.397 top10: 0.357 top50: 0.337 top100: 0.351 top500: 0.547
2024-05-25 16:02:59.868 | INFO     | __main__:<module>:98 - epoch: 1, loss: 0.48084592819213867, metrics: top1: 0.44 top5: 0.397 top10: 0.357 top50: 0.337 top100: 0.351 top500: 0.547
2024-05-25 16:02:59.885 | INFO     | __main__:<module>:98 - epoch: 1, loss: 0.488320529460907, metrics: top1: 0.44 top5: 0.397 top10: 0.357 top50: 0.337 top100: 0.351 top500: 0.547
2024-05-25 16:02:59.902 | INFO     | __main__:<module>:98 - epoch: 1, loss: 0.5475119948387146, metrics: top1: 0.44 top5: 0.397 top10: 0.357 top50: 0.337 top100: 0.351 top500: 0.547
2024-05-25 16:02:59.918 | INFO     | __main__:<module>:98 - epoch: 1, loss: 0.5023210048675537, metrics: top1: 0.44 top5: 0.397 top10: 0.357 top50: 0.337 top100: 0.351 top500: 0.547
2024-05-25 16:02:59.934 | INFO     | __main__:<module>:98 - epoch: 1, loss: 0.46898454427719116, metrics: top1: 0.44 top5: 0.397 top10: 0.357 top50: 0.337 top100: 0.351 top500: 0.547
2024-05-25 16:02:59.949 | INFO     | __main__:<module>:98 - epoch: 1, loss: 0.4600987434387207, metrics: top1: 0.44 top5: 0.397 top10: 0.357 top50: 0.337 top100: 0.351 top500: 0.547
2024-05-25 16:02:59.966 | INFO     | __main__:<module>:98 - epoch: 1, loss: 0.4296073615550995, metrics: top1: 0.44 top5: 0.397 top10: 0.357 top50: 0.337 top100: 0.351 top500: 0.547
2024-05-25 16:02:59.982 | INFO     | __main__:<module>:98 - epoch: 1, loss: 0.49368464946746826, metrics: top1: 0.44 top5: 0.397 top10: 0.357 top50: 0.337 top100: 0.351 top500: 0.547
2024-05-25 16:02:59.999 | INFO     | __main__:<module>:98 - epoch: 1, loss: 0.42209434509277344, metrics: top1: 0.44 top5: 0.397 top10: 0.357 top50: 0.337 top100: 0.351 top500: 0.547
2024-05-25 16:03:00.015 | INFO     | __main__:<module>:98 - epoch: 1, loss: 0.455443799495697, metrics: top1: 0.44 top5: 0.397 top10: 0.357 top50: 0.337 top100: 0.351 top500: 0.547
2024-05-25 16:03:00.032 | INFO     | __main__:<module>:98 - epoch: 1, loss: 0.4949389100074768, metrics: top1: 0.44 top5: 0.397 top10: 0.357 top50: 0.337 top100: 0.351 top500: 0.547
2024-05-25 16:03:00.042 | INFO     | __main__:<module>:98 - epoch: 1, loss: 0.45376724004745483, metrics: top1: 0.44 top5: 0.397 top10: 0.357 top50: 0.337 top100: 0.351 top500: 0.547
2024-05-25 16:03:00.286 | INFO     | __main__:<module>:98 - epoch: 2, loss: 0.4359701871871948, metrics: top1: 0.44 top5: 0.397 top10: 0.357 top50: 0.337 top100: 0.351 top500: 0.547
2024-05-25 16:03:00.304 | INFO     | __main__:<module>:98 - epoch: 2, loss: 0.4084876775741577, metrics: top1: 0.44 top5: 0.397 top10: 0.357 top50: 0.337 top100: 0.351 top500: 0.547
2024-05-25 16:03:00.347 | INFO     | __main__:<module>:98 - epoch: 2, loss: 0.4426124095916748, metrics: top1: 0.44 top5: 0.397 top10: 0.357 top50: 0.337 top100: 0.351 top500: 0.547
2024-05-25 16:03:00.366 | INFO     | __main__:<module>:98 - epoch: 2, loss: 0.4627736806869507, metrics: top1: 0.44 top5: 0.397 top10: 0.357 top50: 0.337 top100: 0.351 top500: 0.547
2024-05-25 16:03:00.397 | INFO     | __main__:<module>:98 - epoch: 2, loss: 0.4552709460258484, metrics: top1: 0.44 top5: 0.397 top10: 0.357 top50: 0.337 top100: 0.351 top500: 0.547
2024-05-25 16:03:00.416 | INFO     | __main__:<module>:98 - epoch: 2, loss: 0.42470479011535645, metrics: top1: 0.44 top5: 0.397 top10: 0.357 top50: 0.337 top100: 0.351 top500: 0.547
2024-05-25 16:03:00.446 | INFO     | __main__:<module>:98 - epoch: 2, loss: 0.39783424139022827, metrics: top1: 0.44 top5: 0.397 top10: 0.357 top50: 0.337 top100: 0.351 top500: 0.547
2024-05-25 16:03:00.467 | INFO     | __main__:<module>:98 - epoch: 2, loss: 0.409824013710022, metrics: top1: 0.44 top5: 0.397 top10: 0.357 top50: 0.337 top100: 0.351 top500: 0.547
2024-05-25 16:03:00.497 | INFO     | __main__:<module>:98 - epoch: 2, loss: 0.4270213842391968, metrics: top1: 0.44 top5: 0.397 top10: 0.357 top50: 0.337 top100: 0.351 top500: 0.547
2024-05-25 16:03:00.515 | INFO     | __main__:<module>:98 - epoch: 2, loss: 0.3748742938041687, metrics: top1: 0.44 top5: 0.397 top10: 0.357 top50: 0.337 top100: 0.351 top500: 0.547
2024-05-25 16:03:00.531 | INFO     | __main__:<module>:98 - epoch: 2, loss: 0.4321974813938141, metrics: top1: 0.44 top5: 0.397 top10: 0.357 top50: 0.337 top100: 0.351 top500: 0.547
2024-05-25 16:03:00.547 | INFO     | __main__:<module>:98 - epoch: 2, loss: 0.40601637959480286, metrics: top1: 0.44 top5: 0.397 top10: 0.357 top50: 0.337 top100: 0.351 top500: 0.547
2024-05-25 16:03:00.575 | INFO     | __main__:<module>:98 - epoch: 2, loss: 0.3931468725204468, metrics: top1: 0.44 top5: 0.397 top10: 0.357 top50: 0.337 top100: 0.351 top500: 0.547
2024-05-25 16:03:00.592 | INFO     | __main__:<module>:98 - epoch: 2, loss: 0.3382541239261627, metrics: top1: 0.44 top5: 0.397 top10: 0.357 top50: 0.337 top100: 0.351 top500: 0.547
2024-05-25 16:03:00.608 | INFO     | __main__:<module>:98 - epoch: 2, loss: 0.3961701989173889, metrics: top1: 0.44 top5: 0.397 top10: 0.357 top50: 0.337 top100: 0.351 top500: 0.547
2024-05-25 16:03:00.634 | INFO     | __main__:<module>:98 - epoch: 2, loss: 0.3307737708091736, metrics: top1: 0.44 top5: 0.397 top10: 0.357 top50: 0.337 top100: 0.351 top500: 0.547
2024-05-25 16:03:00.651 | INFO     | __main__:<module>:98 - epoch: 2, loss: 0.3554953932762146, metrics: top1: 0.44 top5: 0.397 top10: 0.357 top50: 0.337 top100: 0.351 top500: 0.547
2024-05-25 16:03:00.667 | INFO     | __main__:<module>:98 - epoch: 2, loss: 0.3256775140762329, metrics: top1: 0.44 top5: 0.397 top10: 0.357 top50: 0.337 top100: 0.351 top500: 0.547
2024-05-25 16:03:00.685 | INFO     | __main__:<module>:98 - epoch: 2, loss: 0.30982792377471924, metrics: top1: 0.44 top5: 0.397 top10: 0.357 top50: 0.337 top100: 0.351 top500: 0.547
2024-05-25 16:03:00.700 | INFO     | __main__:<module>:98 - epoch: 2, loss: 0.29447856545448303, metrics: top1: 0.44 top5: 0.397 top10: 0.357 top50: 0.337 top100: 0.351 top500: 0.547
2024-05-25 16:03:00.716 | INFO     | __main__:<module>:98 - epoch: 2, loss: 0.29386988282203674, metrics: top1: 0.44 top5: 0.397 top10: 0.357 top50: 0.337 top100: 0.351 top500: 0.547
2024-05-25 16:03:00.733 | INFO     | __main__:<module>:98 - epoch: 2, loss: 0.2950063943862915, metrics: top1: 0.44 top5: 0.397 top10: 0.357 top50: 0.337 top100: 0.351 top500: 0.547
2024-05-25 16:03:00.751 | INFO     | __main__:<module>:98 - epoch: 2, loss: 0.3010866045951843, metrics: top1: 0.44 top5: 0.397 top10: 0.357 top50: 0.337 top100: 0.351 top500: 0.547
2024-05-25 16:03:00.760 | INFO     | __main__:<module>:98 - epoch: 2, loss: 0.23776285350322723, metrics: top1: 0.44 top5: 0.397 top10: 0.357 top50: 0.337 top100: 0.351 top500: 0.547
2024-05-25 16:03:01.022 | INFO     | __main__:<module>:98 - epoch: 3, loss: 0.2666402757167816, metrics: top1: 0.44 top5: 0.397 top10: 0.357 top50: 0.337 top100: 0.351 top500: 0.547
2024-05-25 16:03:01.057 | INFO     | __main__:<module>:98 - epoch: 3, loss: 0.25324952602386475, metrics: top1: 0.44 top5: 0.397 top10: 0.357 top50: 0.337 top100: 0.351 top500: 0.547
2024-05-25 16:03:01.082 | INFO     | __main__:<module>:98 - epoch: 3, loss: 0.2497284710407257, metrics: top1: 0.44 top5: 0.397 top10: 0.357 top50: 0.337 top100: 0.351 top500: 0.547
2024-05-25 16:03:01.105 | INFO     | __main__:<module>:98 - epoch: 3, loss: 0.2681388556957245, metrics: top1: 0.44 top5: 0.397 top10: 0.357 top50: 0.337 top100: 0.351 top500: 0.547
2024-05-25 16:03:01.122 | INFO     | __main__:<module>:98 - epoch: 3, loss: 0.2810167670249939, metrics: top1: 0.44 top5: 0.397 top10: 0.357 top50: 0.337 top100: 0.351 top500: 0.547
2024-05-25 16:03:01.138 | INFO     | __main__:<module>:98 - epoch: 3, loss: 0.2595268785953522, metrics: top1: 0.44 top5: 0.397 top10: 0.357 top50: 0.337 top100: 0.351 top500: 0.547
2024-05-25 16:03:01.154 | INFO     | __main__:<module>:98 - epoch: 3, loss: 0.2062758505344391, metrics: top1: 0.44 top5: 0.397 top10: 0.357 top50: 0.337 top100: 0.351 top500: 0.547
2024-05-25 16:03:01.170 | INFO     | __main__:<module>:98 - epoch: 3, loss: 0.2434028536081314, metrics: top1: 0.44 top5: 0.397 top10: 0.357 top50: 0.337 top100: 0.351 top500: 0.547
2024-05-25 16:03:01.198 | INFO     | __main__:<module>:98 - epoch: 3, loss: 0.2780285179615021, metrics: top1: 0.44 top5: 0.397 top10: 0.357 top50: 0.337 top100: 0.351 top500: 0.547
2024-05-25 16:03:01.216 | INFO     | __main__:<module>:98 - epoch: 3, loss: 0.22164444625377655, metrics: top1: 0.44 top5: 0.397 top10: 0.357 top50: 0.337 top100: 0.351 top500: 0.547
2024-05-25 16:03:01.234 | INFO     | __main__:<module>:98 - epoch: 3, loss: 0.21504774689674377, metrics: top1: 0.44 top5: 0.397 top10: 0.357 top50: 0.337 top100: 0.351 top500: 0.547
2024-05-25 16:03:01.250 | INFO     | __main__:<module>:98 - epoch: 3, loss: 0.19048599898815155, metrics: top1: 0.44 top5: 0.397 top10: 0.357 top50: 0.337 top100: 0.351 top500: 0.547
2024-05-25 16:03:01.267 | INFO     | __main__:<module>:98 - epoch: 3, loss: 0.2187776118516922, metrics: top1: 0.44 top5: 0.397 top10: 0.357 top50: 0.337 top100: 0.351 top500: 0.547
2024-05-25 16:03:01.296 | INFO     | __main__:<module>:98 - epoch: 3, loss: 0.2492990642786026, metrics: top1: 0.44 top5: 0.397 top10: 0.357 top50: 0.337 top100: 0.351 top500: 0.547
2024-05-25 16:03:01.318 | INFO     | __main__:<module>:98 - epoch: 3, loss: 0.20222657918930054, metrics: top1: 0.44 top5: 0.397 top10: 0.357 top50: 0.337 top100: 0.351 top500: 0.547
2024-05-25 16:03:01.334 | INFO     | __main__:<module>:98 - epoch: 3, loss: 0.24988971650600433, metrics: top1: 0.44 top5: 0.397 top10: 0.357 top50: 0.337 top100: 0.351 top500: 0.547
2024-05-25 16:03:01.360 | INFO     | __main__:<module>:98 - epoch: 3, loss: 0.20325487852096558, metrics: top1: 0.44 top5: 0.397 top10: 0.357 top50: 0.337 top100: 0.351 top500: 0.547
2024-05-25 16:03:01.379 | INFO     | __main__:<module>:98 - epoch: 3, loss: 0.22188273072242737, metrics: top1: 0.44 top5: 0.397 top10: 0.357 top50: 0.337 top100: 0.351 top500: 0.547
2024-05-25 16:03:01.409 | INFO     | __main__:<module>:98 - epoch: 3, loss: 0.1986328363418579, metrics: top1: 0.44 top5: 0.397 top10: 0.357 top50: 0.337 top100: 0.351 top500: 0.547
2024-05-25 16:03:01.429 | INFO     | __main__:<module>:98 - epoch: 3, loss: 0.18987016379833221, metrics: top1: 0.44 top5: 0.397 top10: 0.357 top50: 0.337 top100: 0.351 top500: 0.547
2024-05-25 16:03:01.446 | INFO     | __main__:<module>:98 - epoch: 3, loss: 0.2095915973186493, metrics: top1: 0.44 top5: 0.397 top10: 0.357 top50: 0.337 top100: 0.351 top500: 0.547
2024-05-25 16:03:01.462 | INFO     | __main__:<module>:98 - epoch: 3, loss: 0.18045032024383545, metrics: top1: 0.44 top5: 0.397 top10: 0.357 top50: 0.337 top100: 0.351 top500: 0.547
2024-05-25 16:03:01.494 | INFO     | __main__:<module>:98 - epoch: 3, loss: 0.18134628236293793, metrics: top1: 0.44 top5: 0.397 top10: 0.357 top50: 0.337 top100: 0.351 top500: 0.547
2024-05-25 16:03:01.506 | INFO     | __main__:<module>:98 - epoch: 3, loss: 0.18167608976364136, metrics: top1: 0.44 top5: 0.397 top10: 0.357 top50: 0.337 top100: 0.351 top500: 0.547
2024-05-25 16:03:01.759 | INFO     | __main__:<module>:98 - epoch: 4, loss: 0.22542883455753326, metrics: top1: 0.44 top5: 0.397 top10: 0.357 top50: 0.337 top100: 0.351 top500: 0.547
2024-05-25 16:03:01.778 | INFO     | __main__:<module>:98 - epoch: 4, loss: 0.16948851943016052, metrics: top1: 0.44 top5: 0.397 top10: 0.357 top50: 0.337 top100: 0.351 top500: 0.547
2024-05-25 16:03:01.804 | INFO     | __main__:<module>:98 - epoch: 4, loss: 0.2068500965833664, metrics: top1: 0.44 top5: 0.397 top10: 0.357 top50: 0.337 top100: 0.351 top500: 0.547
2024-05-25 16:03:01.855 | INFO     | __main__:<module>:98 - epoch: 4, loss: 0.18117578327655792, metrics: top1: 0.44 top5: 0.397 top10: 0.357 top50: 0.337 top100: 0.351 top500: 0.547
2024-05-25 16:03:01.885 | INFO     | __main__:<module>:98 - epoch: 4, loss: 0.22367018461227417, metrics: top1: 0.44 top5: 0.397 top10: 0.357 top50: 0.337 top100: 0.351 top500: 0.547
2024-05-25 16:03:01.903 | INFO     | __main__:<module>:98 - epoch: 4, loss: 0.17921866476535797, metrics: top1: 0.44 top5: 0.397 top10: 0.357 top50: 0.337 top100: 0.351 top500: 0.547
2024-05-25 16:03:01.929 | INFO     | __main__:<module>:98 - epoch: 4, loss: 0.16465336084365845, metrics: top1: 0.44 top5: 0.397 top10: 0.357 top50: 0.337 top100: 0.351 top500: 0.547
2024-05-25 16:03:01.950 | INFO     | __main__:<module>:98 - epoch: 4, loss: 0.19346022605895996, metrics: top1: 0.44 top5: 0.397 top10: 0.357 top50: 0.337 top100: 0.351 top500: 0.547
2024-05-25 16:03:01.968 | INFO     | __main__:<module>:98 - epoch: 4, loss: 0.2085569202899933, metrics: top1: 0.44 top5: 0.397 top10: 0.357 top50: 0.337 top100: 0.351 top500: 0.547
2024-05-25 16:03:01.987 | INFO     | __main__:<module>:98 - epoch: 4, loss: 0.16233021020889282, metrics: top1: 0.44 top5: 0.397 top10: 0.357 top50: 0.337 top100: 0.351 top500: 0.547
2024-05-25 16:03:02.004 | INFO     | __main__:<module>:98 - epoch: 4, loss: 0.17756953835487366, metrics: top1: 0.44 top5: 0.397 top10: 0.357 top50: 0.337 top100: 0.351 top500: 0.547
2024-05-25 16:03:02.020 | INFO     | __main__:<module>:98 - epoch: 4, loss: 0.15770472586154938, metrics: top1: 0.44 top5: 0.397 top10: 0.357 top50: 0.337 top100: 0.351 top500: 0.547
2024-05-25 16:03:02.037 | INFO     | __main__:<module>:98 - epoch: 4, loss: 0.16089798510074615, metrics: top1: 0.44 top5: 0.397 top10: 0.357 top50: 0.337 top100: 0.351 top500: 0.547
2024-05-25 16:03:02.054 | INFO     | __main__:<module>:98 - epoch: 4, loss: 0.1869002729654312, metrics: top1: 0.44 top5: 0.397 top10: 0.357 top50: 0.337 top100: 0.351 top500: 0.547
2024-05-25 16:03:02.070 | INFO     | __main__:<module>:98 - epoch: 4, loss: 0.14862604439258575, metrics: top1: 0.44 top5: 0.397 top10: 0.357 top50: 0.337 top100: 0.351 top500: 0.547
2024-05-25 16:03:02.102 | INFO     | __main__:<module>:98 - epoch: 4, loss: 0.1757434457540512, metrics: top1: 0.44 top5: 0.397 top10: 0.357 top50: 0.337 top100: 0.351 top500: 0.547
2024-05-25 16:03:02.122 | INFO     | __main__:<module>:98 - epoch: 4, loss: 0.18278907239437103, metrics: top1: 0.44 top5: 0.397 top10: 0.357 top50: 0.337 top100: 0.351 top500: 0.547
2024-05-25 16:03:02.140 | INFO     | __main__:<module>:98 - epoch: 4, loss: 0.1771475374698639, metrics: top1: 0.44 top5: 0.397 top10: 0.357 top50: 0.337 top100: 0.351 top500: 0.547
2024-05-25 16:03:02.155 | INFO     | __main__:<module>:98 - epoch: 4, loss: 0.1953057050704956, metrics: top1: 0.44 top5: 0.397 top10: 0.357 top50: 0.337 top100: 0.351 top500: 0.547
2024-05-25 16:03:02.171 | INFO     | __main__:<module>:98 - epoch: 4, loss: 0.16241507232189178, metrics: top1: 0.44 top5: 0.397 top10: 0.357 top50: 0.337 top100: 0.351 top500: 0.547
2024-05-25 16:03:02.187 | INFO     | __main__:<module>:98 - epoch: 4, loss: 0.1582089364528656, metrics: top1: 0.44 top5: 0.397 top10: 0.357 top50: 0.337 top100: 0.351 top500: 0.547
2024-05-25 16:03:02.204 | INFO     | __main__:<module>:98 - epoch: 4, loss: 0.17803674936294556, metrics: top1: 0.44 top5: 0.397 top10: 0.357 top50: 0.337 top100: 0.351 top500: 0.547
2024-05-25 16:03:02.220 | INFO     | __main__:<module>:98 - epoch: 4, loss: 0.18372134864330292, metrics: top1: 0.44 top5: 0.397 top10: 0.357 top50: 0.337 top100: 0.351 top500: 0.547
2024-05-25 16:03:02.231 | INFO     | __main__:<module>:98 - epoch: 4, loss: 0.12821844220161438, metrics: top1: 0.44 top5: 0.397 top10: 0.357 top50: 0.337 top100: 0.351 top500: 0.547
2024-05-25 16:03:02.474 | INFO     | __main__:<module>:98 - epoch: 5, loss: 0.14310844242572784, metrics: top1: 0.44 top5: 0.397 top10: 0.357 top50: 0.337 top100: 0.351 top500: 0.547
2024-05-25 16:03:02.502 | INFO     | __main__:<module>:98 - epoch: 5, loss: 0.18247270584106445, metrics: top1: 0.44 top5: 0.397 top10: 0.357 top50: 0.337 top100: 0.351 top500: 0.547
2024-05-25 16:03:02.523 | INFO     | __main__:<module>:98 - epoch: 5, loss: 0.1595688909292221, metrics: top1: 0.44 top5: 0.397 top10: 0.357 top50: 0.337 top100: 0.351 top500: 0.547
2024-05-25 16:03:02.553 | INFO     | __main__:<module>:98 - epoch: 5, loss: 0.17096330225467682, metrics: top1: 0.44 top5: 0.397 top10: 0.357 top50: 0.337 top100: 0.351 top500: 0.547
2024-05-25 16:03:02.568 | INFO     | __main__:<module>:98 - epoch: 5, loss: 0.14988933503627777, metrics: top1: 0.44 top5: 0.397 top10: 0.357 top50: 0.337 top100: 0.351 top500: 0.547
2024-05-25 16:03:02.597 | INFO     | __main__:<module>:98 - epoch: 5, loss: 0.16787119209766388, metrics: top1: 0.44 top5: 0.397 top10: 0.357 top50: 0.337 top100: 0.351 top500: 0.547
2024-05-25 16:03:02.616 | INFO     | __main__:<module>:98 - epoch: 5, loss: 0.15795357525348663, metrics: top1: 0.44 top5: 0.397 top10: 0.357 top50: 0.337 top100: 0.351 top500: 0.547
2024-05-25 16:03:02.633 | INFO     | __main__:<module>:98 - epoch: 5, loss: 0.15661022067070007, metrics: top1: 0.44 top5: 0.397 top10: 0.357 top50: 0.337 top100: 0.351 top500: 0.547
2024-05-25 16:03:02.650 | INFO     | __main__:<module>:98 - epoch: 5, loss: 0.17183110117912292, metrics: top1: 0.44 top5: 0.397 top10: 0.357 top50: 0.337 top100: 0.351 top500: 0.547
2024-05-25 16:03:02.666 | INFO     | __main__:<module>:98 - epoch: 5, loss: 0.1883632093667984, metrics: top1: 0.44 top5: 0.397 top10: 0.357 top50: 0.337 top100: 0.351 top500: 0.547
2024-05-25 16:03:02.683 | INFO     | __main__:<module>:98 - epoch: 5, loss: 0.1552661955356598, metrics: top1: 0.44 top5: 0.397 top10: 0.357 top50: 0.337 top100: 0.351 top500: 0.547
2024-05-25 16:03:02.714 | INFO     | __main__:<module>:98 - epoch: 5, loss: 0.12738539278507233, metrics: top1: 0.44 top5: 0.397 top10: 0.357 top50: 0.337 top100: 0.351 top500: 0.547
2024-05-25 16:03:02.735 | INFO     | __main__:<module>:98 - epoch: 5, loss: 0.15628567337989807, metrics: top1: 0.44 top5: 0.397 top10: 0.357 top50: 0.337 top100: 0.351 top500: 0.547
2024-05-25 16:03:02.750 | INFO     | __main__:<module>:98 - epoch: 5, loss: 0.15853993594646454, metrics: top1: 0.44 top5: 0.397 top10: 0.357 top50: 0.337 top100: 0.351 top500: 0.547
2024-05-25 16:03:02.771 | INFO     | __main__:<module>:98 - epoch: 5, loss: 0.14613530039787292, metrics: top1: 0.44 top5: 0.397 top10: 0.357 top50: 0.337 top100: 0.351 top500: 0.547
2024-05-25 16:03:02.788 | INFO     | __main__:<module>:98 - epoch: 5, loss: 0.1601884365081787, metrics: top1: 0.44 top5: 0.397 top10: 0.357 top50: 0.337 top100: 0.351 top500: 0.547
2024-05-25 16:03:02.805 | INFO     | __main__:<module>:98 - epoch: 5, loss: 0.17447762191295624, metrics: top1: 0.44 top5: 0.397 top10: 0.357 top50: 0.337 top100: 0.351 top500: 0.547
2024-05-25 16:03:02.821 | INFO     | __main__:<module>:98 - epoch: 5, loss: 0.15895816683769226, metrics: top1: 0.44 top5: 0.397 top10: 0.357 top50: 0.337 top100: 0.351 top500: 0.547
2024-05-25 16:03:02.837 | INFO     | __main__:<module>:98 - epoch: 5, loss: 0.14321379363536835, metrics: top1: 0.44 top5: 0.397 top10: 0.357 top50: 0.337 top100: 0.351 top500: 0.547
2024-05-25 16:03:02.854 | INFO     | __main__:<module>:98 - epoch: 5, loss: 0.1530168205499649, metrics: top1: 0.44 top5: 0.397 top10: 0.357 top50: 0.337 top100: 0.351 top500: 0.547
2024-05-25 16:03:02.870 | INFO     | __main__:<module>:98 - epoch: 5, loss: 0.1458113193511963, metrics: top1: 0.44 top5: 0.397 top10: 0.357 top50: 0.337 top100: 0.351 top500: 0.547
2024-05-25 16:03:02.900 | INFO     | __main__:<module>:98 - epoch: 5, loss: 0.1938842236995697, metrics: top1: 0.44 top5: 0.397 top10: 0.357 top50: 0.337 top100: 0.351 top500: 0.547
2024-05-25 16:03:02.924 | INFO     | __main__:<module>:98 - epoch: 5, loss: 0.14637042582035065, metrics: top1: 0.44 top5: 0.397 top10: 0.357 top50: 0.337 top100: 0.351 top500: 0.547
2024-05-25 16:03:02.943 | INFO     | __main__:<module>:98 - epoch: 5, loss: 0.14531531929969788, metrics: top1: 0.44 top5: 0.397 top10: 0.357 top50: 0.337 top100: 0.351 top500: 0.547
2024-05-25 16:03:04.609 | INFO     | __main__:<module>:98 - epoch: 6, loss: 0.14196376502513885, metrics: top1: 0.4 top5: 0.43 top10: 0.396 top50: 0.382 top100: 0.391 top500: 0.49
2024-05-25 16:03:04.625 | INFO     | __main__:<module>:98 - epoch: 6, loss: 0.14384207129478455, metrics: top1: 0.4 top5: 0.43 top10: 0.396 top50: 0.382 top100: 0.391 top500: 0.49
2024-05-25 16:03:04.643 | INFO     | __main__:<module>:98 - epoch: 6, loss: 0.15484718978405, metrics: top1: 0.4 top5: 0.43 top10: 0.396 top50: 0.382 top100: 0.391 top500: 0.49
2024-05-25 16:03:04.693 | INFO     | __main__:<module>:98 - epoch: 6, loss: 0.14214420318603516, metrics: top1: 0.4 top5: 0.43 top10: 0.396 top50: 0.382 top100: 0.391 top500: 0.49
2024-05-25 16:03:04.722 | INFO     | __main__:<module>:98 - epoch: 6, loss: 0.13932101428508759, metrics: top1: 0.4 top5: 0.43 top10: 0.396 top50: 0.382 top100: 0.391 top500: 0.49
2024-05-25 16:03:04.740 | INFO     | __main__:<module>:98 - epoch: 6, loss: 0.15740948915481567, metrics: top1: 0.4 top5: 0.43 top10: 0.396 top50: 0.382 top100: 0.391 top500: 0.49
2024-05-25 16:03:04.760 | INFO     | __main__:<module>:98 - epoch: 6, loss: 0.13653498888015747, metrics: top1: 0.4 top5: 0.43 top10: 0.396 top50: 0.382 top100: 0.391 top500: 0.49
2024-05-25 16:03:04.789 | INFO     | __main__:<module>:98 - epoch: 6, loss: 0.13388009369373322, metrics: top1: 0.4 top5: 0.43 top10: 0.396 top50: 0.382 top100: 0.391 top500: 0.49
2024-05-25 16:03:04.806 | INFO     | __main__:<module>:98 - epoch: 6, loss: 0.14723661541938782, metrics: top1: 0.4 top5: 0.43 top10: 0.396 top50: 0.382 top100: 0.391 top500: 0.49
2024-05-25 16:03:04.826 | INFO     | __main__:<module>:98 - epoch: 6, loss: 0.11203885823488235, metrics: top1: 0.4 top5: 0.43 top10: 0.396 top50: 0.382 top100: 0.391 top500: 0.49
2024-05-25 16:03:04.843 | INFO     | __main__:<module>:98 - epoch: 6, loss: 0.13819971680641174, metrics: top1: 0.4 top5: 0.43 top10: 0.396 top50: 0.382 top100: 0.391 top500: 0.49
2024-05-25 16:03:04.868 | INFO     | __main__:<module>:98 - epoch: 6, loss: 0.13608518242835999, metrics: top1: 0.4 top5: 0.43 top10: 0.396 top50: 0.382 top100: 0.391 top500: 0.49
2024-05-25 16:03:04.885 | INFO     | __main__:<module>:98 - epoch: 6, loss: 0.156794473528862, metrics: top1: 0.4 top5: 0.43 top10: 0.396 top50: 0.382 top100: 0.391 top500: 0.49
2024-05-25 16:03:04.902 | INFO     | __main__:<module>:98 - epoch: 6, loss: 0.13085931539535522, metrics: top1: 0.4 top5: 0.43 top10: 0.396 top50: 0.382 top100: 0.391 top500: 0.49
2024-05-25 16:03:04.920 | INFO     | __main__:<module>:98 - epoch: 6, loss: 0.16167420148849487, metrics: top1: 0.4 top5: 0.43 top10: 0.396 top50: 0.382 top100: 0.391 top500: 0.49
2024-05-25 16:03:04.956 | INFO     | __main__:<module>:98 - epoch: 6, loss: 0.1468212753534317, metrics: top1: 0.4 top5: 0.43 top10: 0.396 top50: 0.382 top100: 0.391 top500: 0.49
2024-05-25 16:03:04.973 | INFO     | __main__:<module>:98 - epoch: 6, loss: 0.12892669439315796, metrics: top1: 0.4 top5: 0.43 top10: 0.396 top50: 0.382 top100: 0.391 top500: 0.49
2024-05-25 16:03:05.002 | INFO     | __main__:<module>:98 - epoch: 6, loss: 0.13986541330814362, metrics: top1: 0.4 top5: 0.43 top10: 0.396 top50: 0.382 top100: 0.391 top500: 0.49
2024-05-25 16:03:05.021 | INFO     | __main__:<module>:98 - epoch: 6, loss: 0.13842234015464783, metrics: top1: 0.4 top5: 0.43 top10: 0.396 top50: 0.382 top100: 0.391 top500: 0.49
2024-05-25 16:03:05.038 | INFO     | __main__:<module>:98 - epoch: 6, loss: 0.129705548286438, metrics: top1: 0.4 top5: 0.43 top10: 0.396 top50: 0.382 top100: 0.391 top500: 0.49
2024-05-25 16:03:05.054 | INFO     | __main__:<module>:98 - epoch: 6, loss: 0.13984690606594086, metrics: top1: 0.4 top5: 0.43 top10: 0.396 top50: 0.382 top100: 0.391 top500: 0.49
2024-05-25 16:03:05.071 | INFO     | __main__:<module>:98 - epoch: 6, loss: 0.1289941668510437, metrics: top1: 0.4 top5: 0.43 top10: 0.396 top50: 0.382 top100: 0.391 top500: 0.49
2024-05-25 16:03:05.087 | INFO     | __main__:<module>:98 - epoch: 6, loss: 0.13526281714439392, metrics: top1: 0.4 top5: 0.43 top10: 0.396 top50: 0.382 top100: 0.391 top500: 0.49
2024-05-25 16:03:05.097 | INFO     | __main__:<module>:98 - epoch: 6, loss: 0.12237890064716339, metrics: top1: 0.4 top5: 0.43 top10: 0.396 top50: 0.382 top100: 0.391 top500: 0.49
2024-05-25 16:03:05.374 | INFO     | __main__:<module>:98 - epoch: 7, loss: 0.14122562110424042, metrics: top1: 0.4 top5: 0.43 top10: 0.396 top50: 0.382 top100: 0.391 top500: 0.49
2024-05-25 16:03:05.404 | INFO     | __main__:<module>:98 - epoch: 7, loss: 0.13104400038719177, metrics: top1: 0.4 top5: 0.43 top10: 0.396 top50: 0.382 top100: 0.391 top500: 0.49
2024-05-25 16:03:05.427 | INFO     | __main__:<module>:98 - epoch: 7, loss: 0.1235722154378891, metrics: top1: 0.4 top5: 0.43 top10: 0.396 top50: 0.382 top100: 0.391 top500: 0.49
2024-05-25 16:03:05.447 | INFO     | __main__:<module>:98 - epoch: 7, loss: 0.1519523411989212, metrics: top1: 0.4 top5: 0.43 top10: 0.396 top50: 0.382 top100: 0.391 top500: 0.49
2024-05-25 16:03:05.476 | INFO     | __main__:<module>:98 - epoch: 7, loss: 0.14275607466697693, metrics: top1: 0.4 top5: 0.43 top10: 0.396 top50: 0.382 top100: 0.391 top500: 0.49
2024-05-25 16:03:05.496 | INFO     | __main__:<module>:98 - epoch: 7, loss: 0.16854074597358704, metrics: top1: 0.4 top5: 0.43 top10: 0.396 top50: 0.382 top100: 0.391 top500: 0.49
2024-05-25 16:03:05.520 | INFO     | __main__:<module>:98 - epoch: 7, loss: 0.1269325166940689, metrics: top1: 0.4 top5: 0.43 top10: 0.396 top50: 0.382 top100: 0.391 top500: 0.49
2024-05-25 16:03:05.538 | INFO     | __main__:<module>:98 - epoch: 7, loss: 0.12231476604938507, metrics: top1: 0.4 top5: 0.43 top10: 0.396 top50: 0.382 top100: 0.391 top500: 0.49
2024-05-25 16:03:05.570 | INFO     | __main__:<module>:98 - epoch: 7, loss: 0.13106563687324524, metrics: top1: 0.4 top5: 0.43 top10: 0.396 top50: 0.382 top100: 0.391 top500: 0.49
2024-05-25 16:03:05.590 | INFO     | __main__:<module>:98 - epoch: 7, loss: 0.12308864295482635, metrics: top1: 0.4 top5: 0.43 top10: 0.396 top50: 0.382 top100: 0.391 top500: 0.49
2024-05-25 16:03:05.606 | INFO     | __main__:<module>:98 - epoch: 7, loss: 0.15356525778770447, metrics: top1: 0.4 top5: 0.43 top10: 0.396 top50: 0.382 top100: 0.391 top500: 0.49
2024-05-25 16:03:05.622 | INFO     | __main__:<module>:98 - epoch: 7, loss: 0.14057141542434692, metrics: top1: 0.4 top5: 0.43 top10: 0.396 top50: 0.382 top100: 0.391 top500: 0.49
2024-05-25 16:03:05.638 | INFO     | __main__:<module>:98 - epoch: 7, loss: 0.11087548732757568, metrics: top1: 0.4 top5: 0.43 top10: 0.396 top50: 0.382 top100: 0.391 top500: 0.49
2024-05-25 16:03:05.671 | INFO     | __main__:<module>:98 - epoch: 7, loss: 0.14091148972511292, metrics: top1: 0.4 top5: 0.43 top10: 0.396 top50: 0.382 top100: 0.391 top500: 0.49
2024-05-25 16:03:05.690 | INFO     | __main__:<module>:98 - epoch: 7, loss: 0.13933202624320984, metrics: top1: 0.4 top5: 0.43 top10: 0.396 top50: 0.382 top100: 0.391 top500: 0.49
2024-05-25 16:03:05.707 | INFO     | __main__:<module>:98 - epoch: 7, loss: 0.1375044882297516, metrics: top1: 0.4 top5: 0.43 top10: 0.396 top50: 0.382 top100: 0.391 top500: 0.49
2024-05-25 16:03:05.736 | INFO     | __main__:<module>:98 - epoch: 7, loss: 0.12940043210983276, metrics: top1: 0.4 top5: 0.43 top10: 0.396 top50: 0.382 top100: 0.391 top500: 0.49
2024-05-25 16:03:05.755 | INFO     | __main__:<module>:98 - epoch: 7, loss: 0.14217793941497803, metrics: top1: 0.4 top5: 0.43 top10: 0.396 top50: 0.382 top100: 0.391 top500: 0.49
2024-05-25 16:03:05.785 | INFO     | __main__:<module>:98 - epoch: 7, loss: 0.138918936252594, metrics: top1: 0.4 top5: 0.43 top10: 0.396 top50: 0.382 top100: 0.391 top500: 0.49
2024-05-25 16:03:05.809 | INFO     | __main__:<module>:98 - epoch: 7, loss: 0.13992840051651, metrics: top1: 0.4 top5: 0.43 top10: 0.396 top50: 0.382 top100: 0.391 top500: 0.49
2024-05-25 16:03:05.827 | INFO     | __main__:<module>:98 - epoch: 7, loss: 0.1305890679359436, metrics: top1: 0.4 top5: 0.43 top10: 0.396 top50: 0.382 top100: 0.391 top500: 0.49
2024-05-25 16:03:05.844 | INFO     | __main__:<module>:98 - epoch: 7, loss: 0.1325770616531372, metrics: top1: 0.4 top5: 0.43 top10: 0.396 top50: 0.382 top100: 0.391 top500: 0.49
2024-05-25 16:03:05.861 | INFO     | __main__:<module>:98 - epoch: 7, loss: 0.12720134854316711, metrics: top1: 0.4 top5: 0.43 top10: 0.396 top50: 0.382 top100: 0.391 top500: 0.49
2024-05-25 16:03:05.871 | INFO     | __main__:<module>:98 - epoch: 7, loss: 0.10831517726182938, metrics: top1: 0.4 top5: 0.43 top10: 0.396 top50: 0.382 top100: 0.391 top500: 0.49
2024-05-25 16:03:06.144 | INFO     | __main__:<module>:98 - epoch: 8, loss: 0.17761197686195374, metrics: top1: 0.4 top5: 0.43 top10: 0.396 top50: 0.382 top100: 0.391 top500: 0.49
2024-05-25 16:03:06.162 | INFO     | __main__:<module>:98 - epoch: 8, loss: 0.13165581226348877, metrics: top1: 0.4 top5: 0.43 top10: 0.396 top50: 0.382 top100: 0.391 top500: 0.49
2024-05-25 16:03:06.192 | INFO     | __main__:<module>:98 - epoch: 8, loss: 0.13554054498672485, metrics: top1: 0.4 top5: 0.43 top10: 0.396 top50: 0.382 top100: 0.391 top500: 0.49
2024-05-25 16:03:06.220 | INFO     | __main__:<module>:98 - epoch: 8, loss: 0.13042917847633362, metrics: top1: 0.4 top5: 0.43 top10: 0.396 top50: 0.382 top100: 0.391 top500: 0.49
2024-05-25 16:03:06.239 | INFO     | __main__:<module>:98 - epoch: 8, loss: 0.11913803219795227, metrics: top1: 0.4 top5: 0.43 top10: 0.396 top50: 0.382 top100: 0.391 top500: 0.49
2024-05-25 16:03:06.255 | INFO     | __main__:<module>:98 - epoch: 8, loss: 0.14669519662857056, metrics: top1: 0.4 top5: 0.43 top10: 0.396 top50: 0.382 top100: 0.391 top500: 0.49
2024-05-25 16:03:06.279 | INFO     | __main__:<module>:98 - epoch: 8, loss: 0.1482982486486435, metrics: top1: 0.4 top5: 0.43 top10: 0.396 top50: 0.382 top100: 0.391 top500: 0.49
2024-05-25 16:03:06.298 | INFO     | __main__:<module>:98 - epoch: 8, loss: 0.16218067705631256, metrics: top1: 0.4 top5: 0.43 top10: 0.396 top50: 0.382 top100: 0.391 top500: 0.49
2024-05-25 16:03:06.314 | INFO     | __main__:<module>:98 - epoch: 8, loss: 0.12559978663921356, metrics: top1: 0.4 top5: 0.43 top10: 0.396 top50: 0.382 top100: 0.391 top500: 0.49
2024-05-25 16:03:06.330 | INFO     | __main__:<module>:98 - epoch: 8, loss: 0.11535485088825226, metrics: top1: 0.4 top5: 0.43 top10: 0.396 top50: 0.382 top100: 0.391 top500: 0.49
2024-05-25 16:03:06.357 | INFO     | __main__:<module>:98 - epoch: 8, loss: 0.12405744194984436, metrics: top1: 0.4 top5: 0.43 top10: 0.396 top50: 0.382 top100: 0.391 top500: 0.49
2024-05-25 16:03:06.377 | INFO     | __main__:<module>:98 - epoch: 8, loss: 0.12710464000701904, metrics: top1: 0.4 top5: 0.43 top10: 0.396 top50: 0.382 top100: 0.391 top500: 0.49
2024-05-25 16:03:06.400 | INFO     | __main__:<module>:98 - epoch: 8, loss: 0.11785738170146942, metrics: top1: 0.4 top5: 0.43 top10: 0.396 top50: 0.382 top100: 0.391 top500: 0.49
2024-05-25 16:03:06.416 | INFO     | __main__:<module>:98 - epoch: 8, loss: 0.1236983984708786, metrics: top1: 0.4 top5: 0.43 top10: 0.396 top50: 0.382 top100: 0.391 top500: 0.49
2024-05-25 16:03:06.432 | INFO     | __main__:<module>:98 - epoch: 8, loss: 0.11873878538608551, metrics: top1: 0.4 top5: 0.43 top10: 0.396 top50: 0.382 top100: 0.391 top500: 0.49
2024-05-25 16:03:06.451 | INFO     | __main__:<module>:98 - epoch: 8, loss: 0.11141791939735413, metrics: top1: 0.4 top5: 0.43 top10: 0.396 top50: 0.382 top100: 0.391 top500: 0.49
2024-05-25 16:03:06.467 | INFO     | __main__:<module>:98 - epoch: 8, loss: 0.1265963613986969, metrics: top1: 0.4 top5: 0.43 top10: 0.396 top50: 0.382 top100: 0.391 top500: 0.49
2024-05-25 16:03:06.486 | INFO     | __main__:<module>:98 - epoch: 8, loss: 0.1546943634748459, metrics: top1: 0.4 top5: 0.43 top10: 0.396 top50: 0.382 top100: 0.391 top500: 0.49
2024-05-25 16:03:06.515 | INFO     | __main__:<module>:98 - epoch: 8, loss: 0.12847431004047394, metrics: top1: 0.4 top5: 0.43 top10: 0.396 top50: 0.382 top100: 0.391 top500: 0.49
2024-05-25 16:03:06.544 | INFO     | __main__:<module>:98 - epoch: 8, loss: 0.13701078295707703, metrics: top1: 0.4 top5: 0.43 top10: 0.396 top50: 0.382 top100: 0.391 top500: 0.49
2024-05-25 16:03:06.563 | INFO     | __main__:<module>:98 - epoch: 8, loss: 0.1193109080195427, metrics: top1: 0.4 top5: 0.43 top10: 0.396 top50: 0.382 top100: 0.391 top500: 0.49
2024-05-25 16:03:06.580 | INFO     | __main__:<module>:98 - epoch: 8, loss: 0.12519720196723938, metrics: top1: 0.4 top5: 0.43 top10: 0.396 top50: 0.382 top100: 0.391 top500: 0.49
2024-05-25 16:03:06.597 | INFO     | __main__:<module>:98 - epoch: 8, loss: 0.11423489451408386, metrics: top1: 0.4 top5: 0.43 top10: 0.396 top50: 0.382 top100: 0.391 top500: 0.49
2024-05-25 16:03:06.606 | INFO     | __main__:<module>:98 - epoch: 8, loss: 0.12466844171285629, metrics: top1: 0.4 top5: 0.43 top10: 0.396 top50: 0.382 top100: 0.391 top500: 0.49
2024-05-25 16:03:06.847 | INFO     | __main__:<module>:98 - epoch: 9, loss: 0.11231863498687744, metrics: top1: 0.4 top5: 0.43 top10: 0.396 top50: 0.382 top100: 0.391 top500: 0.49
2024-05-25 16:03:06.865 | INFO     | __main__:<module>:98 - epoch: 9, loss: 0.1170603409409523, metrics: top1: 0.4 top5: 0.43 top10: 0.396 top50: 0.382 top100: 0.391 top500: 0.49
2024-05-25 16:03:06.897 | INFO     | __main__:<module>:98 - epoch: 9, loss: 0.1375158727169037, metrics: top1: 0.4 top5: 0.43 top10: 0.396 top50: 0.382 top100: 0.391 top500: 0.49
2024-05-25 16:03:06.927 | INFO     | __main__:<module>:98 - epoch: 9, loss: 0.13215497136116028, metrics: top1: 0.4 top5: 0.43 top10: 0.396 top50: 0.382 top100: 0.391 top500: 0.49
2024-05-25 16:03:06.943 | INFO     | __main__:<module>:98 - epoch: 9, loss: 0.11785152554512024, metrics: top1: 0.4 top5: 0.43 top10: 0.396 top50: 0.382 top100: 0.391 top500: 0.49
2024-05-25 16:03:06.959 | INFO     | __main__:<module>:98 - epoch: 9, loss: 0.11266815662384033, metrics: top1: 0.4 top5: 0.43 top10: 0.396 top50: 0.382 top100: 0.391 top500: 0.49
2024-05-25 16:03:06.984 | INFO     | __main__:<module>:98 - epoch: 9, loss: 0.10441534221172333, metrics: top1: 0.4 top5: 0.43 top10: 0.396 top50: 0.382 top100: 0.391 top500: 0.49
2024-05-25 16:03:07.001 | INFO     | __main__:<module>:98 - epoch: 9, loss: 0.11835649609565735, metrics: top1: 0.4 top5: 0.43 top10: 0.396 top50: 0.382 top100: 0.391 top500: 0.49
2024-05-25 16:03:07.022 | INFO     | __main__:<module>:98 - epoch: 9, loss: 0.11384502798318863, metrics: top1: 0.4 top5: 0.43 top10: 0.396 top50: 0.382 top100: 0.391 top500: 0.49
2024-05-25 16:03:07.039 | INFO     | __main__:<module>:98 - epoch: 9, loss: 0.12611810863018036, metrics: top1: 0.4 top5: 0.43 top10: 0.396 top50: 0.382 top100: 0.391 top500: 0.49
2024-05-25 16:03:07.061 | INFO     | __main__:<module>:98 - epoch: 9, loss: 0.12721192836761475, metrics: top1: 0.4 top5: 0.43 top10: 0.396 top50: 0.382 top100: 0.391 top500: 0.49
2024-05-25 16:03:07.079 | INFO     | __main__:<module>:98 - epoch: 9, loss: 0.15288065373897552, metrics: top1: 0.4 top5: 0.43 top10: 0.396 top50: 0.382 top100: 0.391 top500: 0.49
2024-05-25 16:03:07.095 | INFO     | __main__:<module>:98 - epoch: 9, loss: 0.13545402884483337, metrics: top1: 0.4 top5: 0.43 top10: 0.396 top50: 0.382 top100: 0.391 top500: 0.49
2024-05-25 16:03:07.113 | INFO     | __main__:<module>:98 - epoch: 9, loss: 0.1189664751291275, metrics: top1: 0.4 top5: 0.43 top10: 0.396 top50: 0.382 top100: 0.391 top500: 0.49
2024-05-25 16:03:07.128 | INFO     | __main__:<module>:98 - epoch: 9, loss: 0.12697531282901764, metrics: top1: 0.4 top5: 0.43 top10: 0.396 top50: 0.382 top100: 0.391 top500: 0.49
2024-05-25 16:03:07.149 | INFO     | __main__:<module>:98 - epoch: 9, loss: 0.13378944993019104, metrics: top1: 0.4 top5: 0.43 top10: 0.396 top50: 0.382 top100: 0.391 top500: 0.49
2024-05-25 16:03:07.165 | INFO     | __main__:<module>:98 - epoch: 9, loss: 0.11924363672733307, metrics: top1: 0.4 top5: 0.43 top10: 0.396 top50: 0.382 top100: 0.391 top500: 0.49
2024-05-25 16:03:07.181 | INFO     | __main__:<module>:98 - epoch: 9, loss: 0.13502848148345947, metrics: top1: 0.4 top5: 0.43 top10: 0.396 top50: 0.382 top100: 0.391 top500: 0.49
2024-05-25 16:03:07.211 | INFO     | __main__:<module>:98 - epoch: 9, loss: 0.13313667476177216, metrics: top1: 0.4 top5: 0.43 top10: 0.396 top50: 0.382 top100: 0.391 top500: 0.49
2024-05-25 16:03:07.231 | INFO     | __main__:<module>:98 - epoch: 9, loss: 0.11853252351284027, metrics: top1: 0.4 top5: 0.43 top10: 0.396 top50: 0.382 top100: 0.391 top500: 0.49
2024-05-25 16:03:07.248 | INFO     | __main__:<module>:98 - epoch: 9, loss: 0.12144485861063004, metrics: top1: 0.4 top5: 0.43 top10: 0.396 top50: 0.382 top100: 0.391 top500: 0.49
2024-05-25 16:03:07.264 | INFO     | __main__:<module>:98 - epoch: 9, loss: 0.11546245217323303, metrics: top1: 0.4 top5: 0.43 top10: 0.396 top50: 0.382 top100: 0.391 top500: 0.49
2024-05-25 16:03:07.280 | INFO     | __main__:<module>:98 - epoch: 9, loss: 0.12116511911153793, metrics: top1: 0.4 top5: 0.43 top10: 0.396 top50: 0.382 top100: 0.391 top500: 0.49
2024-05-25 16:03:07.291 | INFO     | __main__:<module>:98 - epoch: 9, loss: 0.11639709770679474, metrics: top1: 0.4 top5: 0.43 top10: 0.396 top50: 0.382 top100: 0.391 top500: 0.49
2024-05-25 16:03:07.550 | INFO     | __main__:<module>:98 - epoch: 10, loss: 0.10686655342578888, metrics: top1: 0.4 top5: 0.43 top10: 0.396 top50: 0.382 top100: 0.391 top500: 0.49
2024-05-25 16:03:07.571 | INFO     | __main__:<module>:98 - epoch: 10, loss: 0.11871720850467682, metrics: top1: 0.4 top5: 0.43 top10: 0.396 top50: 0.382 top100: 0.391 top500: 0.49
2024-05-25 16:03:07.588 | INFO     | __main__:<module>:98 - epoch: 10, loss: 0.13182562589645386, metrics: top1: 0.4 top5: 0.43 top10: 0.396 top50: 0.382 top100: 0.391 top500: 0.49
2024-05-25 16:03:07.634 | INFO     | __main__:<module>:98 - epoch: 10, loss: 0.11705777049064636, metrics: top1: 0.4 top5: 0.43 top10: 0.396 top50: 0.382 top100: 0.391 top500: 0.49
2024-05-25 16:03:07.657 | INFO     | __main__:<module>:98 - epoch: 10, loss: 0.12963424623012543, metrics: top1: 0.4 top5: 0.43 top10: 0.396 top50: 0.382 top100: 0.391 top500: 0.49
2024-05-25 16:03:07.677 | INFO     | __main__:<module>:98 - epoch: 10, loss: 0.10350599139928818, metrics: top1: 0.4 top5: 0.43 top10: 0.396 top50: 0.382 top100: 0.391 top500: 0.49
2024-05-25 16:03:07.692 | INFO     | __main__:<module>:98 - epoch: 10, loss: 0.1140625923871994, metrics: top1: 0.4 top5: 0.43 top10: 0.396 top50: 0.382 top100: 0.391 top500: 0.49
2024-05-25 16:03:07.723 | INFO     | __main__:<module>:98 - epoch: 10, loss: 0.1384219527244568, metrics: top1: 0.4 top5: 0.43 top10: 0.396 top50: 0.382 top100: 0.391 top500: 0.49
2024-05-25 16:03:07.752 | INFO     | __main__:<module>:98 - epoch: 10, loss: 0.13992775976657867, metrics: top1: 0.4 top5: 0.43 top10: 0.396 top50: 0.382 top100: 0.391 top500: 0.49
2024-05-25 16:03:07.771 | INFO     | __main__:<module>:98 - epoch: 10, loss: 0.1330004334449768, metrics: top1: 0.4 top5: 0.43 top10: 0.396 top50: 0.382 top100: 0.391 top500: 0.49
2024-05-25 16:03:07.793 | INFO     | __main__:<module>:98 - epoch: 10, loss: 0.11863116919994354, metrics: top1: 0.4 top5: 0.43 top10: 0.396 top50: 0.382 top100: 0.391 top500: 0.49
2024-05-25 16:03:07.811 | INFO     | __main__:<module>:98 - epoch: 10, loss: 0.12844140827655792, metrics: top1: 0.4 top5: 0.43 top10: 0.396 top50: 0.382 top100: 0.391 top500: 0.49
2024-05-25 16:03:07.842 | INFO     | __main__:<module>:98 - epoch: 10, loss: 0.12300525605678558, metrics: top1: 0.4 top5: 0.43 top10: 0.396 top50: 0.382 top100: 0.391 top500: 0.49
2024-05-25 16:03:07.862 | INFO     | __main__:<module>:98 - epoch: 10, loss: 0.09786190092563629, metrics: top1: 0.4 top5: 0.43 top10: 0.396 top50: 0.382 top100: 0.391 top500: 0.49
2024-05-25 16:03:07.878 | INFO     | __main__:<module>:98 - epoch: 10, loss: 0.13956710696220398, metrics: top1: 0.4 top5: 0.43 top10: 0.396 top50: 0.382 top100: 0.391 top500: 0.49
2024-05-25 16:03:07.895 | INFO     | __main__:<module>:98 - epoch: 10, loss: 0.13763757050037384, metrics: top1: 0.4 top5: 0.43 top10: 0.396 top50: 0.382 top100: 0.391 top500: 0.49
2024-05-25 16:03:07.914 | INFO     | __main__:<module>:98 - epoch: 10, loss: 0.12779176235198975, metrics: top1: 0.4 top5: 0.43 top10: 0.396 top50: 0.382 top100: 0.391 top500: 0.49
2024-05-25 16:03:07.931 | INFO     | __main__:<module>:98 - epoch: 10, loss: 0.13659757375717163, metrics: top1: 0.4 top5: 0.43 top10: 0.396 top50: 0.382 top100: 0.391 top500: 0.49
2024-05-25 16:03:07.947 | INFO     | __main__:<module>:98 - epoch: 10, loss: 0.10040201246738434, metrics: top1: 0.4 top5: 0.43 top10: 0.396 top50: 0.382 top100: 0.391 top500: 0.49
2024-05-25 16:03:07.964 | INFO     | __main__:<module>:98 - epoch: 10, loss: 0.1099664717912674, metrics: top1: 0.4 top5: 0.43 top10: 0.396 top50: 0.382 top100: 0.391 top500: 0.49
2024-05-25 16:03:07.980 | INFO     | __main__:<module>:98 - epoch: 10, loss: 0.13068589568138123, metrics: top1: 0.4 top5: 0.43 top10: 0.396 top50: 0.382 top100: 0.391 top500: 0.49
2024-05-25 16:03:07.996 | INFO     | __main__:<module>:98 - epoch: 10, loss: 0.10604295134544373, metrics: top1: 0.4 top5: 0.43 top10: 0.396 top50: 0.382 top100: 0.391 top500: 0.49
2024-05-25 16:03:08.014 | INFO     | __main__:<module>:98 - epoch: 10, loss: 0.1308414340019226, metrics: top1: 0.4 top5: 0.43 top10: 0.396 top50: 0.382 top100: 0.391 top500: 0.49
2024-05-25 16:03:08.022 | INFO     | __main__:<module>:98 - epoch: 10, loss: 0.11748375743627548, metrics: top1: 0.4 top5: 0.43 top10: 0.396 top50: 0.382 top100: 0.391 top500: 0.49
2024-05-25 16:03:09.692 | INFO     | __main__:<module>:98 - epoch: 11, loss: 0.12041843682527542, metrics: top1: 0.4 top5: 0.43 top10: 0.396 top50: 0.382 top100: 0.391 top500: 0.49
2024-05-25 16:03:09.712 | INFO     | __main__:<module>:98 - epoch: 11, loss: 0.12770912051200867, metrics: top1: 0.4 top5: 0.43 top10: 0.396 top50: 0.382 top100: 0.391 top500: 0.49
2024-05-25 16:03:09.771 | INFO     | __main__:<module>:98 - epoch: 11, loss: 0.12033343315124512, metrics: top1: 0.4 top5: 0.43 top10: 0.396 top50: 0.382 top100: 0.391 top500: 0.49
2024-05-25 16:03:09.802 | INFO     | __main__:<module>:98 - epoch: 11, loss: 0.11339668929576874, metrics: top1: 0.4 top5: 0.43 top10: 0.396 top50: 0.382 top100: 0.391 top500: 0.49
2024-05-25 16:03:09.820 | INFO     | __main__:<module>:98 - epoch: 11, loss: 0.10912318527698517, metrics: top1: 0.4 top5: 0.43 top10: 0.396 top50: 0.382 top100: 0.391 top500: 0.49
2024-05-25 16:03:09.836 | INFO     | __main__:<module>:98 - epoch: 11, loss: 0.11375442147254944, metrics: top1: 0.4 top5: 0.43 top10: 0.396 top50: 0.382 top100: 0.391 top500: 0.49
2024-05-25 16:03:09.850 | INFO     | __main__:<module>:98 - epoch: 11, loss: 0.11378567665815353, metrics: top1: 0.4 top5: 0.43 top10: 0.396 top50: 0.382 top100: 0.391 top500: 0.49
2024-05-25 16:03:09.866 | INFO     | __main__:<module>:98 - epoch: 11, loss: 0.15288636088371277, metrics: top1: 0.4 top5: 0.43 top10: 0.396 top50: 0.382 top100: 0.391 top500: 0.49
2024-05-25 16:03:09.883 | INFO     | __main__:<module>:98 - epoch: 11, loss: 0.11913403868675232, metrics: top1: 0.4 top5: 0.43 top10: 0.396 top50: 0.382 top100: 0.391 top500: 0.49
2024-05-25 16:03:09.900 | INFO     | __main__:<module>:98 - epoch: 11, loss: 0.11808484047651291, metrics: top1: 0.4 top5: 0.43 top10: 0.396 top50: 0.382 top100: 0.391 top500: 0.49
2024-05-25 16:03:09.916 | INFO     | __main__:<module>:98 - epoch: 11, loss: 0.1395616978406906, metrics: top1: 0.4 top5: 0.43 top10: 0.396 top50: 0.382 top100: 0.391 top500: 0.49
2024-05-25 16:03:09.934 | INFO     | __main__:<module>:98 - epoch: 11, loss: 0.0988600105047226, metrics: top1: 0.4 top5: 0.43 top10: 0.396 top50: 0.382 top100: 0.391 top500: 0.49
2024-05-25 16:03:09.951 | INFO     | __main__:<module>:98 - epoch: 11, loss: 0.1315625011920929, metrics: top1: 0.4 top5: 0.43 top10: 0.396 top50: 0.382 top100: 0.391 top500: 0.49
2024-05-25 16:03:09.968 | INFO     | __main__:<module>:98 - epoch: 11, loss: 0.13173668086528778, metrics: top1: 0.4 top5: 0.43 top10: 0.396 top50: 0.382 top100: 0.391 top500: 0.49
2024-05-25 16:03:09.985 | INFO     | __main__:<module>:98 - epoch: 11, loss: 0.1293163001537323, metrics: top1: 0.4 top5: 0.43 top10: 0.396 top50: 0.382 top100: 0.391 top500: 0.49
2024-05-25 16:03:10.003 | INFO     | __main__:<module>:98 - epoch: 11, loss: 0.11676868796348572, metrics: top1: 0.4 top5: 0.43 top10: 0.396 top50: 0.382 top100: 0.391 top500: 0.49
2024-05-25 16:03:10.020 | INFO     | __main__:<module>:98 - epoch: 11, loss: 0.13423645496368408, metrics: top1: 0.4 top5: 0.43 top10: 0.396 top50: 0.382 top100: 0.391 top500: 0.49
2024-05-25 16:03:10.037 | INFO     | __main__:<module>:98 - epoch: 11, loss: 0.12424874305725098, metrics: top1: 0.4 top5: 0.43 top10: 0.396 top50: 0.382 top100: 0.391 top500: 0.49
2024-05-25 16:03:10.054 | INFO     | __main__:<module>:98 - epoch: 11, loss: 0.15430667996406555, metrics: top1: 0.4 top5: 0.43 top10: 0.396 top50: 0.382 top100: 0.391 top500: 0.49
2024-05-25 16:03:10.071 | INFO     | __main__:<module>:98 - epoch: 11, loss: 0.12243837118148804, metrics: top1: 0.4 top5: 0.43 top10: 0.396 top50: 0.382 top100: 0.391 top500: 0.49
2024-05-25 16:03:10.102 | INFO     | __main__:<module>:98 - epoch: 11, loss: 0.13700450956821442, metrics: top1: 0.4 top5: 0.43 top10: 0.396 top50: 0.382 top100: 0.391 top500: 0.49
2024-05-25 16:03:10.120 | INFO     | __main__:<module>:98 - epoch: 11, loss: 0.13574759662151337, metrics: top1: 0.4 top5: 0.43 top10: 0.396 top50: 0.382 top100: 0.391 top500: 0.49
2024-05-25 16:03:10.136 | INFO     | __main__:<module>:98 - epoch: 11, loss: 0.11633233726024628, metrics: top1: 0.4 top5: 0.43 top10: 0.396 top50: 0.382 top100: 0.391 top500: 0.49
2024-05-25 16:03:10.147 | INFO     | __main__:<module>:98 - epoch: 11, loss: 0.10974139720201492, metrics: top1: 0.4 top5: 0.43 top10: 0.396 top50: 0.382 top100: 0.391 top500: 0.49
2024-05-25 16:03:10.408 | INFO     | __main__:<module>:98 - epoch: 12, loss: 0.11847566068172455, metrics: top1: 0.4 top5: 0.43 top10: 0.396 top50: 0.382 top100: 0.391 top500: 0.49
2024-05-25 16:03:10.427 | INFO     | __main__:<module>:98 - epoch: 12, loss: 0.14182285964488983, metrics: top1: 0.4 top5: 0.43 top10: 0.396 top50: 0.382 top100: 0.391 top500: 0.49
2024-05-25 16:03:10.459 | INFO     | __main__:<module>:98 - epoch: 12, loss: 0.14383655786514282, metrics: top1: 0.4 top5: 0.43 top10: 0.396 top50: 0.382 top100: 0.391 top500: 0.49
2024-05-25 16:03:10.504 | INFO     | __main__:<module>:98 - epoch: 12, loss: 0.10727487504482269, metrics: top1: 0.4 top5: 0.43 top10: 0.396 top50: 0.382 top100: 0.391 top500: 0.49
2024-05-25 16:03:10.521 | INFO     | __main__:<module>:98 - epoch: 12, loss: 0.11957535892724991, metrics: top1: 0.4 top5: 0.43 top10: 0.396 top50: 0.382 top100: 0.391 top500: 0.49
2024-05-25 16:03:10.536 | INFO     | __main__:<module>:98 - epoch: 12, loss: 0.10943834483623505, metrics: top1: 0.4 top5: 0.43 top10: 0.396 top50: 0.382 top100: 0.391 top500: 0.49
2024-05-25 16:03:10.554 | INFO     | __main__:<module>:98 - epoch: 12, loss: 0.12642216682434082, metrics: top1: 0.4 top5: 0.43 top10: 0.396 top50: 0.382 top100: 0.391 top500: 0.49
2024-05-25 16:03:10.571 | INFO     | __main__:<module>:98 - epoch: 12, loss: 0.11042208969593048, metrics: top1: 0.4 top5: 0.43 top10: 0.396 top50: 0.382 top100: 0.391 top500: 0.49
2024-05-25 16:03:10.587 | INFO     | __main__:<module>:98 - epoch: 12, loss: 0.10733532905578613, metrics: top1: 0.4 top5: 0.43 top10: 0.396 top50: 0.382 top100: 0.391 top500: 0.49
2024-05-25 16:03:10.615 | INFO     | __main__:<module>:98 - epoch: 12, loss: 0.14131128787994385, metrics: top1: 0.4 top5: 0.43 top10: 0.396 top50: 0.382 top100: 0.391 top500: 0.49
2024-05-25 16:03:10.635 | INFO     | __main__:<module>:98 - epoch: 12, loss: 0.15716826915740967, metrics: top1: 0.4 top5: 0.43 top10: 0.396 top50: 0.382 top100: 0.391 top500: 0.49
2024-05-25 16:03:10.658 | INFO     | __main__:<module>:98 - epoch: 12, loss: 0.10849516838788986, metrics: top1: 0.4 top5: 0.43 top10: 0.396 top50: 0.382 top100: 0.391 top500: 0.49
2024-05-25 16:03:10.687 | INFO     | __main__:<module>:98 - epoch: 12, loss: 0.11362407356500626, metrics: top1: 0.4 top5: 0.43 top10: 0.396 top50: 0.382 top100: 0.391 top500: 0.49
2024-05-25 16:03:10.715 | INFO     | __main__:<module>:98 - epoch: 12, loss: 0.12988132238388062, metrics: top1: 0.4 top5: 0.43 top10: 0.396 top50: 0.382 top100: 0.391 top500: 0.49
2024-05-25 16:03:10.733 | INFO     | __main__:<module>:98 - epoch: 12, loss: 0.12698617577552795, metrics: top1: 0.4 top5: 0.43 top10: 0.396 top50: 0.382 top100: 0.391 top500: 0.49
2024-05-25 16:03:10.750 | INFO     | __main__:<module>:98 - epoch: 12, loss: 0.1444653868675232, metrics: top1: 0.4 top5: 0.43 top10: 0.396 top50: 0.382 top100: 0.391 top500: 0.49
2024-05-25 16:03:10.766 | INFO     | __main__:<module>:98 - epoch: 12, loss: 0.12305794656276703, metrics: top1: 0.4 top5: 0.43 top10: 0.396 top50: 0.382 top100: 0.391 top500: 0.49
