2024-05-25 15:01:05.927 | INFO     | __main__:<module>:67 - start training
2024-05-25 15:01:05.927 | INFO     | __main__:<module>:68 - seed: 2023
2024-05-25 15:01:07.048 | INFO     | __main__:<module>:93 - epoch: 0, loss: 0.7993640899658203, metrics: top1: 0 top5: 0 top10: 0 top50: 0 top100: 0 top500: 0
2024-05-25 15:01:07.082 | INFO     | __main__:<module>:93 - epoch: 0, loss: 0.79702228307724, metrics: top1: 0 top5: 0 top10: 0 top50: 0 top100: 0 top500: 0
2024-05-25 15:01:07.130 | INFO     | __main__:<module>:93 - epoch: 0, loss: 0.8038091063499451, metrics: top1: 0 top5: 0 top10: 0 top50: 0 top100: 0 top500: 0
2024-05-25 15:01:07.184 | INFO     | __main__:<module>:93 - epoch: 0, loss: 0.7944923639297485, metrics: top1: 0 top5: 0 top10: 0 top50: 0 top100: 0 top500: 0
2024-05-25 15:01:07.202 | INFO     | __main__:<module>:93 - epoch: 0, loss: 0.7965179681777954, metrics: top1: 0 top5: 0 top10: 0 top50: 0 top100: 0 top500: 0
2024-05-25 15:01:07.218 | INFO     | __main__:<module>:93 - epoch: 0, loss: 0.793774425983429, metrics: top1: 0 top5: 0 top10: 0 top50: 0 top100: 0 top500: 0
2024-05-25 15:01:07.234 | INFO     | __main__:<module>:93 - epoch: 0, loss: 0.7834016680717468, metrics: top1: 0 top5: 0 top10: 0 top50: 0 top100: 0 top500: 0
2024-05-25 15:01:07.251 | INFO     | __main__:<module>:93 - epoch: 0, loss: 0.7764729857444763, metrics: top1: 0 top5: 0 top10: 0 top50: 0 top100: 0 top500: 0
2024-05-25 15:01:07.267 | INFO     | __main__:<module>:93 - epoch: 0, loss: 0.784188449382782, metrics: top1: 0 top5: 0 top10: 0 top50: 0 top100: 0 top500: 0
2024-05-25 15:01:07.299 | INFO     | __main__:<module>:93 - epoch: 0, loss: 0.7704991698265076, metrics: top1: 0 top5: 0 top10: 0 top50: 0 top100: 0 top500: 0
2024-05-25 15:01:07.327 | INFO     | __main__:<module>:93 - epoch: 0, loss: 0.7602638006210327, metrics: top1: 0 top5: 0 top10: 0 top50: 0 top100: 0 top500: 0
2024-05-25 15:01:07.351 | INFO     | __main__:<module>:93 - epoch: 0, loss: 0.7511557340621948, metrics: top1: 0 top5: 0 top10: 0 top50: 0 top100: 0 top500: 0
2024-05-25 15:01:07.368 | INFO     | __main__:<module>:93 - epoch: 0, loss: 0.7394838333129883, metrics: top1: 0 top5: 0 top10: 0 top50: 0 top100: 0 top500: 0
2024-05-25 15:01:07.398 | INFO     | __main__:<module>:93 - epoch: 0, loss: 0.7213321924209595, metrics: top1: 0 top5: 0 top10: 0 top50: 0 top100: 0 top500: 0
2024-05-25 15:01:07.418 | INFO     | __main__:<module>:93 - epoch: 0, loss: 0.7003120183944702, metrics: top1: 0 top5: 0 top10: 0 top50: 0 top100: 0 top500: 0
2024-05-25 15:01:07.451 | INFO     | __main__:<module>:93 - epoch: 0, loss: 0.680342972278595, metrics: top1: 0 top5: 0 top10: 0 top50: 0 top100: 0 top500: 0
2024-05-25 15:01:07.477 | INFO     | __main__:<module>:93 - epoch: 0, loss: 0.6716533899307251, metrics: top1: 0 top5: 0 top10: 0 top50: 0 top100: 0 top500: 0
2024-05-25 15:01:07.498 | INFO     | __main__:<module>:93 - epoch: 0, loss: 0.6318570971488953, metrics: top1: 0 top5: 0 top10: 0 top50: 0 top100: 0 top500: 0
2024-05-25 15:01:07.527 | INFO     | __main__:<module>:93 - epoch: 0, loss: 0.5900198817253113, metrics: top1: 0 top5: 0 top10: 0 top50: 0 top100: 0 top500: 0
2024-05-25 15:01:07.555 | INFO     | __main__:<module>:93 - epoch: 0, loss: 0.595146656036377, metrics: top1: 0 top5: 0 top10: 0 top50: 0 top100: 0 top500: 0
2024-05-25 15:01:07.587 | INFO     | __main__:<module>:93 - epoch: 0, loss: 0.5435110330581665, metrics: top1: 0 top5: 0 top10: 0 top50: 0 top100: 0 top500: 0
2024-05-25 15:01:07.618 | INFO     | __main__:<module>:93 - epoch: 0, loss: 0.5187361240386963, metrics: top1: 0 top5: 0 top10: 0 top50: 0 top100: 0 top500: 0
2024-05-25 15:01:07.639 | INFO     | __main__:<module>:93 - epoch: 0, loss: 0.49413400888442993, metrics: top1: 0 top5: 0 top10: 0 top50: 0 top100: 0 top500: 0
2024-05-25 15:01:07.721 | INFO     | __main__:<module>:93 - epoch: 0, loss: 0.5121155977249146, metrics: top1: 0 top5: 0 top10: 0 top50: 0 top100: 0 top500: 0
2024-05-25 15:01:09.293 | INFO     | __main__:<module>:93 - epoch: 1, loss: 0.5833717584609985, metrics: top1: 0.44 top5: 0.397 top10: 0.357 top50: 0.337 top100: 0.351 top500: 0.547
2024-05-25 15:01:09.327 | INFO     | __main__:<module>:93 - epoch: 1, loss: 0.5176700353622437, metrics: top1: 0.44 top5: 0.397 top10: 0.357 top50: 0.337 top100: 0.351 top500: 0.547
2024-05-25 15:01:09.380 | INFO     | __main__:<module>:93 - epoch: 1, loss: 0.5143334865570068, metrics: top1: 0.44 top5: 0.397 top10: 0.357 top50: 0.337 top100: 0.351 top500: 0.547
2024-05-25 15:01:09.401 | INFO     | __main__:<module>:93 - epoch: 1, loss: 0.554201066493988, metrics: top1: 0.44 top5: 0.397 top10: 0.357 top50: 0.337 top100: 0.351 top500: 0.547
2024-05-25 15:01:09.417 | INFO     | __main__:<module>:93 - epoch: 1, loss: 0.5017077326774597, metrics: top1: 0.44 top5: 0.397 top10: 0.357 top50: 0.337 top100: 0.351 top500: 0.547
2024-05-25 15:01:09.433 | INFO     | __main__:<module>:93 - epoch: 1, loss: 0.4952335059642792, metrics: top1: 0.44 top5: 0.397 top10: 0.357 top50: 0.337 top100: 0.351 top500: 0.547
2024-05-25 15:01:09.449 | INFO     | __main__:<module>:93 - epoch: 1, loss: 0.5115612149238586, metrics: top1: 0.44 top5: 0.397 top10: 0.357 top50: 0.337 top100: 0.351 top500: 0.547
2024-05-25 15:01:09.466 | INFO     | __main__:<module>:93 - epoch: 1, loss: 0.4478308856487274, metrics: top1: 0.44 top5: 0.397 top10: 0.357 top50: 0.337 top100: 0.351 top500: 0.547
2024-05-25 15:01:09.484 | INFO     | __main__:<module>:93 - epoch: 1, loss: 0.5132758021354675, metrics: top1: 0.44 top5: 0.397 top10: 0.357 top50: 0.337 top100: 0.351 top500: 0.547
2024-05-25 15:01:09.501 | INFO     | __main__:<module>:93 - epoch: 1, loss: 0.4919184446334839, metrics: top1: 0.44 top5: 0.397 top10: 0.357 top50: 0.337 top100: 0.351 top500: 0.547
2024-05-25 15:01:09.518 | INFO     | __main__:<module>:93 - epoch: 1, loss: 0.5078771710395813, metrics: top1: 0.44 top5: 0.397 top10: 0.357 top50: 0.337 top100: 0.351 top500: 0.547
2024-05-25 15:01:09.546 | INFO     | __main__:<module>:93 - epoch: 1, loss: 0.49288204312324524, metrics: top1: 0.44 top5: 0.397 top10: 0.357 top50: 0.337 top100: 0.351 top500: 0.547
2024-05-25 15:01:09.565 | INFO     | __main__:<module>:93 - epoch: 1, loss: 0.48084592819213867, metrics: top1: 0.44 top5: 0.397 top10: 0.357 top50: 0.337 top100: 0.351 top500: 0.547
2024-05-25 15:01:09.587 | INFO     | __main__:<module>:93 - epoch: 1, loss: 0.488320529460907, metrics: top1: 0.44 top5: 0.397 top10: 0.357 top50: 0.337 top100: 0.351 top500: 0.547
2024-05-25 15:01:09.603 | INFO     | __main__:<module>:93 - epoch: 1, loss: 0.5475119948387146, metrics: top1: 0.44 top5: 0.397 top10: 0.357 top50: 0.337 top100: 0.351 top500: 0.547
2024-05-25 15:01:09.631 | INFO     | __main__:<module>:93 - epoch: 1, loss: 0.5023210048675537, metrics: top1: 0.44 top5: 0.397 top10: 0.357 top50: 0.337 top100: 0.351 top500: 0.547
2024-05-25 15:01:09.647 | INFO     | __main__:<module>:93 - epoch: 1, loss: 0.46898454427719116, metrics: top1: 0.44 top5: 0.397 top10: 0.357 top50: 0.337 top100: 0.351 top500: 0.547
2024-05-25 15:01:09.663 | INFO     | __main__:<module>:93 - epoch: 1, loss: 0.4600987434387207, metrics: top1: 0.44 top5: 0.397 top10: 0.357 top50: 0.337 top100: 0.351 top500: 0.547
2024-05-25 15:01:09.680 | INFO     | __main__:<module>:93 - epoch: 1, loss: 0.4296073317527771, metrics: top1: 0.44 top5: 0.397 top10: 0.357 top50: 0.337 top100: 0.351 top500: 0.547
2024-05-25 15:01:09.697 | INFO     | __main__:<module>:93 - epoch: 1, loss: 0.49368464946746826, metrics: top1: 0.44 top5: 0.397 top10: 0.357 top50: 0.337 top100: 0.351 top500: 0.547
2024-05-25 15:01:09.713 | INFO     | __main__:<module>:93 - epoch: 1, loss: 0.42209434509277344, metrics: top1: 0.44 top5: 0.397 top10: 0.357 top50: 0.337 top100: 0.351 top500: 0.547
2024-05-25 15:01:09.730 | INFO     | __main__:<module>:93 - epoch: 1, loss: 0.455443799495697, metrics: top1: 0.44 top5: 0.397 top10: 0.357 top50: 0.337 top100: 0.351 top500: 0.547
2024-05-25 15:01:09.764 | INFO     | __main__:<module>:93 - epoch: 1, loss: 0.4949389100074768, metrics: top1: 0.44 top5: 0.397 top10: 0.357 top50: 0.337 top100: 0.351 top500: 0.547
2024-05-25 15:01:09.776 | INFO     | __main__:<module>:93 - epoch: 1, loss: 0.45376724004745483, metrics: top1: 0.44 top5: 0.397 top10: 0.357 top50: 0.337 top100: 0.351 top500: 0.547
2024-05-25 15:01:09.964 | INFO     | __main__:<module>:93 - epoch: 2, loss: 0.4359701871871948, metrics: top1: 0.44 top5: 0.397 top10: 0.357 top50: 0.337 top100: 0.351 top500: 0.547
2024-05-25 15:01:09.985 | INFO     | __main__:<module>:93 - epoch: 2, loss: 0.4084876775741577, metrics: top1: 0.44 top5: 0.397 top10: 0.357 top50: 0.337 top100: 0.351 top500: 0.547
2024-05-25 15:01:10.002 | INFO     | __main__:<module>:93 - epoch: 2, loss: 0.4426124095916748, metrics: top1: 0.44 top5: 0.397 top10: 0.357 top50: 0.337 top100: 0.351 top500: 0.547
2024-05-25 15:01:10.033 | INFO     | __main__:<module>:93 - epoch: 2, loss: 0.4627736806869507, metrics: top1: 0.44 top5: 0.397 top10: 0.357 top50: 0.337 top100: 0.351 top500: 0.547
2024-05-25 15:01:10.052 | INFO     | __main__:<module>:93 - epoch: 2, loss: 0.4552709460258484, metrics: top1: 0.44 top5: 0.397 top10: 0.357 top50: 0.337 top100: 0.351 top500: 0.547
2024-05-25 15:01:10.070 | INFO     | __main__:<module>:93 - epoch: 2, loss: 0.42470479011535645, metrics: top1: 0.44 top5: 0.397 top10: 0.357 top50: 0.337 top100: 0.351 top500: 0.547
2024-05-25 15:01:10.086 | INFO     | __main__:<module>:93 - epoch: 2, loss: 0.39783424139022827, metrics: top1: 0.44 top5: 0.397 top10: 0.357 top50: 0.337 top100: 0.351 top500: 0.547
2024-05-25 15:01:10.110 | INFO     | __main__:<module>:93 - epoch: 2, loss: 0.4098239839076996, metrics: top1: 0.44 top5: 0.397 top10: 0.357 top50: 0.337 top100: 0.351 top500: 0.547
2024-05-25 15:01:10.127 | INFO     | __main__:<module>:93 - epoch: 2, loss: 0.4270213842391968, metrics: top1: 0.44 top5: 0.397 top10: 0.357 top50: 0.337 top100: 0.351 top500: 0.547
2024-05-25 15:01:10.154 | INFO     | __main__:<module>:93 - epoch: 2, loss: 0.3748743236064911, metrics: top1: 0.44 top5: 0.397 top10: 0.357 top50: 0.337 top100: 0.351 top500: 0.547
2024-05-25 15:01:10.172 | INFO     | __main__:<module>:93 - epoch: 2, loss: 0.4321974515914917, metrics: top1: 0.44 top5: 0.397 top10: 0.357 top50: 0.337 top100: 0.351 top500: 0.547
2024-05-25 15:01:10.190 | INFO     | __main__:<module>:93 - epoch: 2, loss: 0.40601637959480286, metrics: top1: 0.44 top5: 0.397 top10: 0.357 top50: 0.337 top100: 0.351 top500: 0.547
2024-05-25 15:01:10.212 | INFO     | __main__:<module>:93 - epoch: 2, loss: 0.3931468725204468, metrics: top1: 0.44 top5: 0.397 top10: 0.357 top50: 0.337 top100: 0.351 top500: 0.547
2024-05-25 15:01:10.230 | INFO     | __main__:<module>:93 - epoch: 2, loss: 0.3382541239261627, metrics: top1: 0.44 top5: 0.397 top10: 0.357 top50: 0.337 top100: 0.351 top500: 0.547
2024-05-25 15:01:10.257 | INFO     | __main__:<module>:93 - epoch: 2, loss: 0.3961701989173889, metrics: top1: 0.44 top5: 0.397 top10: 0.357 top50: 0.337 top100: 0.351 top500: 0.547
2024-05-25 15:01:10.275 | INFO     | __main__:<module>:93 - epoch: 2, loss: 0.3307737410068512, metrics: top1: 0.44 top5: 0.397 top10: 0.357 top50: 0.337 top100: 0.351 top500: 0.547
2024-05-25 15:01:10.306 | INFO     | __main__:<module>:93 - epoch: 2, loss: 0.3554953634738922, metrics: top1: 0.44 top5: 0.397 top10: 0.357 top50: 0.337 top100: 0.351 top500: 0.547
2024-05-25 15:01:10.326 | INFO     | __main__:<module>:93 - epoch: 2, loss: 0.32567745447158813, metrics: top1: 0.44 top5: 0.397 top10: 0.357 top50: 0.337 top100: 0.351 top500: 0.547
2024-05-25 15:01:10.343 | INFO     | __main__:<module>:93 - epoch: 2, loss: 0.30982792377471924, metrics: top1: 0.44 top5: 0.397 top10: 0.357 top50: 0.337 top100: 0.351 top500: 0.547
2024-05-25 15:01:10.360 | INFO     | __main__:<module>:93 - epoch: 2, loss: 0.29447853565216064, metrics: top1: 0.44 top5: 0.397 top10: 0.357 top50: 0.337 top100: 0.351 top500: 0.547
2024-05-25 15:01:10.377 | INFO     | __main__:<module>:93 - epoch: 2, loss: 0.29386985301971436, metrics: top1: 0.44 top5: 0.397 top10: 0.357 top50: 0.337 top100: 0.351 top500: 0.547
2024-05-25 15:01:10.407 | INFO     | __main__:<module>:93 - epoch: 2, loss: 0.2950063943862915, metrics: top1: 0.44 top5: 0.397 top10: 0.357 top50: 0.337 top100: 0.351 top500: 0.547
2024-05-25 15:01:10.430 | INFO     | __main__:<module>:93 - epoch: 2, loss: 0.3010866045951843, metrics: top1: 0.44 top5: 0.397 top10: 0.357 top50: 0.337 top100: 0.351 top500: 0.547
2024-05-25 15:01:10.439 | INFO     | __main__:<module>:93 - epoch: 2, loss: 0.23776286840438843, metrics: top1: 0.44 top5: 0.397 top10: 0.357 top50: 0.337 top100: 0.351 top500: 0.547
2024-05-25 15:01:10.657 | INFO     | __main__:<module>:93 - epoch: 3, loss: 0.2666402757167816, metrics: top1: 0.44 top5: 0.397 top10: 0.357 top50: 0.337 top100: 0.351 top500: 0.547
2024-05-25 15:01:10.683 | INFO     | __main__:<module>:93 - epoch: 3, loss: 0.25324952602386475, metrics: top1: 0.44 top5: 0.397 top10: 0.357 top50: 0.337 top100: 0.351 top500: 0.547
2024-05-25 15:01:10.701 | INFO     | __main__:<module>:93 - epoch: 3, loss: 0.2497284710407257, metrics: top1: 0.44 top5: 0.397 top10: 0.357 top50: 0.337 top100: 0.351 top500: 0.547
2024-05-25 15:01:10.721 | INFO     | __main__:<module>:93 - epoch: 3, loss: 0.2681388258934021, metrics: top1: 0.44 top5: 0.397 top10: 0.357 top50: 0.337 top100: 0.351 top500: 0.547
2024-05-25 15:01:10.738 | INFO     | __main__:<module>:93 - epoch: 3, loss: 0.28101682662963867, metrics: top1: 0.44 top5: 0.397 top10: 0.357 top50: 0.337 top100: 0.351 top500: 0.547
2024-05-25 15:01:10.767 | INFO     | __main__:<module>:93 - epoch: 3, loss: 0.25952690839767456, metrics: top1: 0.44 top5: 0.397 top10: 0.357 top50: 0.337 top100: 0.351 top500: 0.547
2024-05-25 15:01:10.785 | INFO     | __main__:<module>:93 - epoch: 3, loss: 0.20627588033676147, metrics: top1: 0.44 top5: 0.397 top10: 0.357 top50: 0.337 top100: 0.351 top500: 0.547
2024-05-25 15:01:10.804 | INFO     | __main__:<module>:93 - epoch: 3, loss: 0.2434028685092926, metrics: top1: 0.44 top5: 0.397 top10: 0.357 top50: 0.337 top100: 0.351 top500: 0.547
2024-05-25 15:01:10.821 | INFO     | __main__:<module>:93 - epoch: 3, loss: 0.2780285179615021, metrics: top1: 0.44 top5: 0.397 top10: 0.357 top50: 0.337 top100: 0.351 top500: 0.547
2024-05-25 15:01:10.838 | INFO     | __main__:<module>:93 - epoch: 3, loss: 0.22164446115493774, metrics: top1: 0.44 top5: 0.397 top10: 0.357 top50: 0.337 top100: 0.351 top500: 0.547
2024-05-25 15:01:10.860 | INFO     | __main__:<module>:93 - epoch: 3, loss: 0.21504774689674377, metrics: top1: 0.44 top5: 0.397 top10: 0.357 top50: 0.337 top100: 0.351 top500: 0.547
2024-05-25 15:01:10.877 | INFO     | __main__:<module>:93 - epoch: 3, loss: 0.19048599898815155, metrics: top1: 0.44 top5: 0.397 top10: 0.357 top50: 0.337 top100: 0.351 top500: 0.547
2024-05-25 15:01:10.894 | INFO     | __main__:<module>:93 - epoch: 3, loss: 0.2187776267528534, metrics: top1: 0.44 top5: 0.397 top10: 0.357 top50: 0.337 top100: 0.351 top500: 0.547
2024-05-25 15:01:10.918 | INFO     | __main__:<module>:93 - epoch: 3, loss: 0.2492990791797638, metrics: top1: 0.44 top5: 0.397 top10: 0.357 top50: 0.337 top100: 0.351 top500: 0.547
2024-05-25 15:01:10.935 | INFO     | __main__:<module>:93 - epoch: 3, loss: 0.20222660899162292, metrics: top1: 0.44 top5: 0.397 top10: 0.357 top50: 0.337 top100: 0.351 top500: 0.547
2024-05-25 15:01:10.954 | INFO     | __main__:<module>:93 - epoch: 3, loss: 0.24988971650600433, metrics: top1: 0.44 top5: 0.397 top10: 0.357 top50: 0.337 top100: 0.351 top500: 0.547
2024-05-25 15:01:10.971 | INFO     | __main__:<module>:93 - epoch: 3, loss: 0.20325487852096558, metrics: top1: 0.44 top5: 0.397 top10: 0.357 top50: 0.337 top100: 0.351 top500: 0.547
2024-05-25 15:01:10.987 | INFO     | __main__:<module>:93 - epoch: 3, loss: 0.22188274562358856, metrics: top1: 0.44 top5: 0.397 top10: 0.357 top50: 0.337 top100: 0.351 top500: 0.547
2024-05-25 15:01:11.018 | INFO     | __main__:<module>:93 - epoch: 3, loss: 0.1986328363418579, metrics: top1: 0.44 top5: 0.397 top10: 0.357 top50: 0.337 top100: 0.351 top500: 0.547
2024-05-25 15:01:11.040 | INFO     | __main__:<module>:93 - epoch: 3, loss: 0.18987011909484863, metrics: top1: 0.44 top5: 0.397 top10: 0.357 top50: 0.337 top100: 0.351 top500: 0.547
2024-05-25 15:01:11.058 | INFO     | __main__:<module>:93 - epoch: 3, loss: 0.2095915973186493, metrics: top1: 0.44 top5: 0.397 top10: 0.357 top50: 0.337 top100: 0.351 top500: 0.547
2024-05-25 15:01:11.074 | INFO     | __main__:<module>:93 - epoch: 3, loss: 0.18045030534267426, metrics: top1: 0.44 top5: 0.397 top10: 0.357 top50: 0.337 top100: 0.351 top500: 0.547
2024-05-25 15:01:11.106 | INFO     | __main__:<module>:93 - epoch: 3, loss: 0.18134625256061554, metrics: top1: 0.44 top5: 0.397 top10: 0.357 top50: 0.337 top100: 0.351 top500: 0.547
2024-05-25 15:01:11.117 | INFO     | __main__:<module>:93 - epoch: 3, loss: 0.18167607486248016, metrics: top1: 0.44 top5: 0.397 top10: 0.357 top50: 0.337 top100: 0.351 top500: 0.547
2024-05-25 15:01:11.320 | INFO     | __main__:<module>:93 - epoch: 4, loss: 0.22542883455753326, metrics: top1: 0.44 top5: 0.397 top10: 0.357 top50: 0.337 top100: 0.351 top500: 0.547
2024-05-25 15:01:11.356 | INFO     | __main__:<module>:93 - epoch: 4, loss: 0.16948851943016052, metrics: top1: 0.44 top5: 0.397 top10: 0.357 top50: 0.337 top100: 0.351 top500: 0.547
2024-05-25 15:01:11.397 | INFO     | __main__:<module>:93 - epoch: 4, loss: 0.2068500816822052, metrics: top1: 0.44 top5: 0.397 top10: 0.357 top50: 0.337 top100: 0.351 top500: 0.547
2024-05-25 15:01:11.443 | INFO     | __main__:<module>:93 - epoch: 4, loss: 0.18117579817771912, metrics: top1: 0.44 top5: 0.397 top10: 0.357 top50: 0.337 top100: 0.351 top500: 0.547
2024-05-25 15:01:11.461 | INFO     | __main__:<module>:93 - epoch: 4, loss: 0.22367015480995178, metrics: top1: 0.44 top5: 0.397 top10: 0.357 top50: 0.337 top100: 0.351 top500: 0.547
2024-05-25 15:01:11.490 | INFO     | __main__:<module>:93 - epoch: 4, loss: 0.17921864986419678, metrics: top1: 0.44 top5: 0.397 top10: 0.357 top50: 0.337 top100: 0.351 top500: 0.547
2024-05-25 15:01:11.511 | INFO     | __main__:<module>:93 - epoch: 4, loss: 0.16465336084365845, metrics: top1: 0.44 top5: 0.397 top10: 0.357 top50: 0.337 top100: 0.351 top500: 0.547
2024-05-25 15:01:11.544 | INFO     | __main__:<module>:93 - epoch: 4, loss: 0.19346022605895996, metrics: top1: 0.44 top5: 0.397 top10: 0.357 top50: 0.337 top100: 0.351 top500: 0.547
2024-05-25 15:01:11.568 | INFO     | __main__:<module>:93 - epoch: 4, loss: 0.2085569202899933, metrics: top1: 0.44 top5: 0.397 top10: 0.357 top50: 0.337 top100: 0.351 top500: 0.547
2024-05-25 15:01:11.588 | INFO     | __main__:<module>:93 - epoch: 4, loss: 0.16233021020889282, metrics: top1: 0.44 top5: 0.397 top10: 0.357 top50: 0.337 top100: 0.351 top500: 0.547
2024-05-25 15:01:11.605 | INFO     | __main__:<module>:93 - epoch: 4, loss: 0.17756953835487366, metrics: top1: 0.44 top5: 0.397 top10: 0.357 top50: 0.337 top100: 0.351 top500: 0.547
2024-05-25 15:01:11.621 | INFO     | __main__:<module>:93 - epoch: 4, loss: 0.15770474076271057, metrics: top1: 0.44 top5: 0.397 top10: 0.357 top50: 0.337 top100: 0.351 top500: 0.547
2024-05-25 15:01:11.638 | INFO     | __main__:<module>:93 - epoch: 4, loss: 0.16089797019958496, metrics: top1: 0.44 top5: 0.397 top10: 0.357 top50: 0.337 top100: 0.351 top500: 0.547
2024-05-25 15:01:11.655 | INFO     | __main__:<module>:93 - epoch: 4, loss: 0.18690022826194763, metrics: top1: 0.44 top5: 0.397 top10: 0.357 top50: 0.337 top100: 0.351 top500: 0.547
2024-05-25 15:01:11.671 | INFO     | __main__:<module>:93 - epoch: 4, loss: 0.14862602949142456, metrics: top1: 0.44 top5: 0.397 top10: 0.357 top50: 0.337 top100: 0.351 top500: 0.547
2024-05-25 15:01:11.699 | INFO     | __main__:<module>:93 - epoch: 4, loss: 0.17574340105056763, metrics: top1: 0.44 top5: 0.397 top10: 0.357 top50: 0.337 top100: 0.351 top500: 0.547
2024-05-25 15:01:11.715 | INFO     | __main__:<module>:93 - epoch: 4, loss: 0.18278902769088745, metrics: top1: 0.44 top5: 0.397 top10: 0.357 top50: 0.337 top100: 0.351 top500: 0.547
2024-05-25 15:01:11.732 | INFO     | __main__:<module>:93 - epoch: 4, loss: 0.1771475374698639, metrics: top1: 0.44 top5: 0.397 top10: 0.357 top50: 0.337 top100: 0.351 top500: 0.547
2024-05-25 15:01:11.748 | INFO     | __main__:<module>:93 - epoch: 4, loss: 0.1953057050704956, metrics: top1: 0.44 top5: 0.397 top10: 0.357 top50: 0.337 top100: 0.351 top500: 0.547
2024-05-25 15:01:11.765 | INFO     | __main__:<module>:93 - epoch: 4, loss: 0.1624150574207306, metrics: top1: 0.44 top5: 0.397 top10: 0.357 top50: 0.337 top100: 0.351 top500: 0.547
2024-05-25 15:01:11.782 | INFO     | __main__:<module>:93 - epoch: 4, loss: 0.1582089364528656, metrics: top1: 0.44 top5: 0.397 top10: 0.357 top50: 0.337 top100: 0.351 top500: 0.547
2024-05-25 15:01:11.799 | INFO     | __main__:<module>:93 - epoch: 4, loss: 0.17803673446178436, metrics: top1: 0.44 top5: 0.397 top10: 0.357 top50: 0.337 top100: 0.351 top500: 0.547
2024-05-25 15:01:11.831 | INFO     | __main__:<module>:93 - epoch: 4, loss: 0.18372133374214172, metrics: top1: 0.44 top5: 0.397 top10: 0.357 top50: 0.337 top100: 0.351 top500: 0.547
2024-05-25 15:01:11.844 | INFO     | __main__:<module>:93 - epoch: 4, loss: 0.12821844220161438, metrics: top1: 0.44 top5: 0.397 top10: 0.357 top50: 0.337 top100: 0.351 top500: 0.547
2024-05-25 15:01:12.034 | INFO     | __main__:<module>:93 - epoch: 5, loss: 0.14310842752456665, metrics: top1: 0.44 top5: 0.397 top10: 0.357 top50: 0.337 top100: 0.351 top500: 0.547
2024-05-25 15:01:12.053 | INFO     | __main__:<module>:93 - epoch: 5, loss: 0.18247267603874207, metrics: top1: 0.44 top5: 0.397 top10: 0.357 top50: 0.337 top100: 0.351 top500: 0.547
2024-05-25 15:01:12.095 | INFO     | __main__:<module>:93 - epoch: 5, loss: 0.1595689058303833, metrics: top1: 0.44 top5: 0.397 top10: 0.357 top50: 0.337 top100: 0.351 top500: 0.547
2024-05-25 15:01:12.132 | INFO     | __main__:<module>:93 - epoch: 5, loss: 0.17096328735351562, metrics: top1: 0.44 top5: 0.397 top10: 0.357 top50: 0.337 top100: 0.351 top500: 0.547
2024-05-25 15:01:12.151 | INFO     | __main__:<module>:93 - epoch: 5, loss: 0.14988933503627777, metrics: top1: 0.44 top5: 0.397 top10: 0.357 top50: 0.337 top100: 0.351 top500: 0.547
2024-05-25 15:01:12.167 | INFO     | __main__:<module>:93 - epoch: 5, loss: 0.16787119209766388, metrics: top1: 0.44 top5: 0.397 top10: 0.357 top50: 0.337 top100: 0.351 top500: 0.547
2024-05-25 15:01:12.186 | INFO     | __main__:<module>:93 - epoch: 5, loss: 0.15795357525348663, metrics: top1: 0.44 top5: 0.397 top10: 0.357 top50: 0.337 top100: 0.351 top500: 0.547
2024-05-25 15:01:12.205 | INFO     | __main__:<module>:93 - epoch: 5, loss: 0.15661022067070007, metrics: top1: 0.44 top5: 0.397 top10: 0.357 top50: 0.337 top100: 0.351 top500: 0.547
2024-05-25 15:01:12.221 | INFO     | __main__:<module>:93 - epoch: 5, loss: 0.17183107137680054, metrics: top1: 0.44 top5: 0.397 top10: 0.357 top50: 0.337 top100: 0.351 top500: 0.547
2024-05-25 15:01:12.237 | INFO     | __main__:<module>:93 - epoch: 5, loss: 0.1883632093667984, metrics: top1: 0.44 top5: 0.397 top10: 0.357 top50: 0.337 top100: 0.351 top500: 0.547
2024-05-25 15:01:12.254 | INFO     | __main__:<module>:93 - epoch: 5, loss: 0.1552661955356598, metrics: top1: 0.44 top5: 0.397 top10: 0.357 top50: 0.337 top100: 0.351 top500: 0.547
2024-05-25 15:01:12.280 | INFO     | __main__:<module>:93 - epoch: 5, loss: 0.12738537788391113, metrics: top1: 0.44 top5: 0.397 top10: 0.357 top50: 0.337 top100: 0.351 top500: 0.547
2024-05-25 15:01:12.297 | INFO     | __main__:<module>:93 - epoch: 5, loss: 0.15628567337989807, metrics: top1: 0.44 top5: 0.397 top10: 0.357 top50: 0.337 top100: 0.351 top500: 0.547
2024-05-25 15:01:12.314 | INFO     | __main__:<module>:93 - epoch: 5, loss: 0.15853992104530334, metrics: top1: 0.44 top5: 0.397 top10: 0.357 top50: 0.337 top100: 0.351 top500: 0.547
2024-05-25 15:01:12.337 | INFO     | __main__:<module>:93 - epoch: 5, loss: 0.14613527059555054, metrics: top1: 0.44 top5: 0.397 top10: 0.357 top50: 0.337 top100: 0.351 top500: 0.547
2024-05-25 15:01:12.355 | INFO     | __main__:<module>:93 - epoch: 5, loss: 0.16018840670585632, metrics: top1: 0.44 top5: 0.397 top10: 0.357 top50: 0.337 top100: 0.351 top500: 0.547
2024-05-25 15:01:12.370 | INFO     | __main__:<module>:93 - epoch: 5, loss: 0.17447760701179504, metrics: top1: 0.44 top5: 0.397 top10: 0.357 top50: 0.337 top100: 0.351 top500: 0.547
2024-05-25 15:01:12.386 | INFO     | __main__:<module>:93 - epoch: 5, loss: 0.15895813703536987, metrics: top1: 0.44 top5: 0.397 top10: 0.357 top50: 0.337 top100: 0.351 top500: 0.547
2024-05-25 15:01:12.403 | INFO     | __main__:<module>:93 - epoch: 5, loss: 0.14321377873420715, metrics: top1: 0.44 top5: 0.397 top10: 0.357 top50: 0.337 top100: 0.351 top500: 0.547
2024-05-25 15:01:12.420 | INFO     | __main__:<module>:93 - epoch: 5, loss: 0.1530168056488037, metrics: top1: 0.44 top5: 0.397 top10: 0.357 top50: 0.337 top100: 0.351 top500: 0.547
2024-05-25 15:01:12.437 | INFO     | __main__:<module>:93 - epoch: 5, loss: 0.1458112895488739, metrics: top1: 0.44 top5: 0.397 top10: 0.357 top50: 0.337 top100: 0.351 top500: 0.547
2024-05-25 15:01:12.465 | INFO     | __main__:<module>:93 - epoch: 5, loss: 0.19388419389724731, metrics: top1: 0.44 top5: 0.397 top10: 0.357 top50: 0.337 top100: 0.351 top500: 0.547
2024-05-25 15:01:12.486 | INFO     | __main__:<module>:93 - epoch: 5, loss: 0.14637042582035065, metrics: top1: 0.44 top5: 0.397 top10: 0.357 top50: 0.337 top100: 0.351 top500: 0.547
2024-05-25 15:01:12.496 | INFO     | __main__:<module>:93 - epoch: 5, loss: 0.14531530439853668, metrics: top1: 0.44 top5: 0.397 top10: 0.357 top50: 0.337 top100: 0.351 top500: 0.547
2024-05-25 15:01:14.127 | INFO     | __main__:<module>:93 - epoch: 6, loss: 0.14196375012397766, metrics: top1: 0.4 top5: 0.43 top10: 0.396 top50: 0.382 top100: 0.391 top500: 0.49
2024-05-25 15:01:14.157 | INFO     | __main__:<module>:93 - epoch: 6, loss: 0.14384205639362335, metrics: top1: 0.4 top5: 0.43 top10: 0.396 top50: 0.382 top100: 0.391 top500: 0.49
2024-05-25 15:01:14.175 | INFO     | __main__:<module>:93 - epoch: 6, loss: 0.15484718978405, metrics: top1: 0.4 top5: 0.43 top10: 0.396 top50: 0.382 top100: 0.391 top500: 0.49
2024-05-25 15:01:14.220 | INFO     | __main__:<module>:93 - epoch: 6, loss: 0.14214420318603516, metrics: top1: 0.4 top5: 0.43 top10: 0.396 top50: 0.382 top100: 0.391 top500: 0.49
2024-05-25 15:01:14.238 | INFO     | __main__:<module>:93 - epoch: 6, loss: 0.1393209993839264, metrics: top1: 0.4 top5: 0.43 top10: 0.396 top50: 0.382 top100: 0.391 top500: 0.49
2024-05-25 15:01:14.254 | INFO     | __main__:<module>:93 - epoch: 6, loss: 0.1574094593524933, metrics: top1: 0.4 top5: 0.43 top10: 0.396 top50: 0.382 top100: 0.391 top500: 0.49
2024-05-25 15:01:14.270 | INFO     | __main__:<module>:93 - epoch: 6, loss: 0.13653495907783508, metrics: top1: 0.4 top5: 0.43 top10: 0.396 top50: 0.382 top100: 0.391 top500: 0.49
2024-05-25 15:01:14.287 | INFO     | __main__:<module>:93 - epoch: 6, loss: 0.13388007879257202, metrics: top1: 0.4 top5: 0.43 top10: 0.396 top50: 0.382 top100: 0.391 top500: 0.49
2024-05-25 15:01:14.306 | INFO     | __main__:<module>:93 - epoch: 6, loss: 0.14723660051822662, metrics: top1: 0.4 top5: 0.43 top10: 0.396 top50: 0.382 top100: 0.391 top500: 0.49
2024-05-25 15:01:14.323 | INFO     | __main__:<module>:93 - epoch: 6, loss: 0.11203885078430176, metrics: top1: 0.4 top5: 0.43 top10: 0.396 top50: 0.382 top100: 0.391 top500: 0.49
2024-05-25 15:01:14.340 | INFO     | __main__:<module>:93 - epoch: 6, loss: 0.13819968700408936, metrics: top1: 0.4 top5: 0.43 top10: 0.396 top50: 0.382 top100: 0.391 top500: 0.49
2024-05-25 15:01:14.369 | INFO     | __main__:<module>:93 - epoch: 6, loss: 0.1360851675271988, metrics: top1: 0.4 top5: 0.43 top10: 0.396 top50: 0.382 top100: 0.391 top500: 0.49
2024-05-25 15:01:14.390 | INFO     | __main__:<module>:93 - epoch: 6, loss: 0.156794473528862, metrics: top1: 0.4 top5: 0.43 top10: 0.396 top50: 0.382 top100: 0.391 top500: 0.49
2024-05-25 15:01:14.407 | INFO     | __main__:<module>:93 - epoch: 6, loss: 0.13085931539535522, metrics: top1: 0.4 top5: 0.43 top10: 0.396 top50: 0.382 top100: 0.391 top500: 0.49
2024-05-25 15:01:14.426 | INFO     | __main__:<module>:93 - epoch: 6, loss: 0.16167418658733368, metrics: top1: 0.4 top5: 0.43 top10: 0.396 top50: 0.382 top100: 0.391 top500: 0.49
2024-05-25 15:01:14.444 | INFO     | __main__:<module>:93 - epoch: 6, loss: 0.1468212604522705, metrics: top1: 0.4 top5: 0.43 top10: 0.396 top50: 0.382 top100: 0.391 top500: 0.49
2024-05-25 15:01:14.459 | INFO     | __main__:<module>:93 - epoch: 6, loss: 0.12892666459083557, metrics: top1: 0.4 top5: 0.43 top10: 0.396 top50: 0.382 top100: 0.391 top500: 0.49
2024-05-25 15:01:14.483 | INFO     | __main__:<module>:93 - epoch: 6, loss: 0.13986539840698242, metrics: top1: 0.4 top5: 0.43 top10: 0.396 top50: 0.382 top100: 0.391 top500: 0.49
2024-05-25 15:01:14.503 | INFO     | __main__:<module>:93 - epoch: 6, loss: 0.13842231035232544, metrics: top1: 0.4 top5: 0.43 top10: 0.396 top50: 0.382 top100: 0.391 top500: 0.49
2024-05-25 15:01:14.521 | INFO     | __main__:<module>:93 - epoch: 6, loss: 0.129705548286438, metrics: top1: 0.4 top5: 0.43 top10: 0.396 top50: 0.382 top100: 0.391 top500: 0.49
2024-05-25 15:01:14.538 | INFO     | __main__:<module>:93 - epoch: 6, loss: 0.13984689116477966, metrics: top1: 0.4 top5: 0.43 top10: 0.396 top50: 0.382 top100: 0.391 top500: 0.49
2024-05-25 15:01:14.555 | INFO     | __main__:<module>:93 - epoch: 6, loss: 0.1289941519498825, metrics: top1: 0.4 top5: 0.43 top10: 0.396 top50: 0.382 top100: 0.391 top500: 0.49
2024-05-25 15:01:14.572 | INFO     | __main__:<module>:93 - epoch: 6, loss: 0.13526280224323273, metrics: top1: 0.4 top5: 0.43 top10: 0.396 top50: 0.382 top100: 0.391 top500: 0.49
2024-05-25 15:01:14.582 | INFO     | __main__:<module>:93 - epoch: 6, loss: 0.122378870844841, metrics: top1: 0.4 top5: 0.43 top10: 0.396 top50: 0.382 top100: 0.391 top500: 0.49
2024-05-25 15:01:14.785 | INFO     | __main__:<module>:93 - epoch: 7, loss: 0.14122560620307922, metrics: top1: 0.4 top5: 0.43 top10: 0.396 top50: 0.382 top100: 0.391 top500: 0.49
2024-05-25 15:01:14.815 | INFO     | __main__:<module>:93 - epoch: 7, loss: 0.13104398548603058, metrics: top1: 0.4 top5: 0.43 top10: 0.396 top50: 0.382 top100: 0.391 top500: 0.49
2024-05-25 15:01:14.849 | INFO     | __main__:<module>:93 - epoch: 7, loss: 0.12357218563556671, metrics: top1: 0.4 top5: 0.43 top10: 0.396 top50: 0.382 top100: 0.391 top500: 0.49
2024-05-25 15:01:14.876 | INFO     | __main__:<module>:93 - epoch: 7, loss: 0.15195232629776, metrics: top1: 0.4 top5: 0.43 top10: 0.396 top50: 0.382 top100: 0.391 top500: 0.49
2024-05-25 15:01:14.902 | INFO     | __main__:<module>:93 - epoch: 7, loss: 0.14275605976581573, metrics: top1: 0.4 top5: 0.43 top10: 0.396 top50: 0.382 top100: 0.391 top500: 0.49
2024-05-25 15:01:14.919 | INFO     | __main__:<module>:93 - epoch: 7, loss: 0.16854074597358704, metrics: top1: 0.4 top5: 0.43 top10: 0.396 top50: 0.382 top100: 0.391 top500: 0.49
2024-05-25 15:01:14.945 | INFO     | __main__:<module>:93 - epoch: 7, loss: 0.12693250179290771, metrics: top1: 0.4 top5: 0.43 top10: 0.396 top50: 0.382 top100: 0.391 top500: 0.49
2024-05-25 15:01:14.965 | INFO     | __main__:<module>:93 - epoch: 7, loss: 0.12231476604938507, metrics: top1: 0.4 top5: 0.43 top10: 0.396 top50: 0.382 top100: 0.391 top500: 0.49
2024-05-25 15:01:14.982 | INFO     | __main__:<module>:93 - epoch: 7, loss: 0.13106562197208405, metrics: top1: 0.4 top5: 0.43 top10: 0.396 top50: 0.382 top100: 0.391 top500: 0.49
2024-05-25 15:01:15.014 | INFO     | __main__:<module>:93 - epoch: 7, loss: 0.12308862060308456, metrics: top1: 0.4 top5: 0.43 top10: 0.396 top50: 0.382 top100: 0.391 top500: 0.49
2024-05-25 15:01:15.032 | INFO     | __main__:<module>:93 - epoch: 7, loss: 0.15356525778770447, metrics: top1: 0.4 top5: 0.43 top10: 0.396 top50: 0.382 top100: 0.391 top500: 0.49
2024-05-25 15:01:15.048 | INFO     | __main__:<module>:93 - epoch: 7, loss: 0.14057140052318573, metrics: top1: 0.4 top5: 0.43 top10: 0.396 top50: 0.382 top100: 0.391 top500: 0.49
2024-05-25 15:01:15.077 | INFO     | __main__:<module>:93 - epoch: 7, loss: 0.11087547242641449, metrics: top1: 0.4 top5: 0.43 top10: 0.396 top50: 0.382 top100: 0.391 top500: 0.49
2024-05-25 15:01:15.098 | INFO     | __main__:<module>:93 - epoch: 7, loss: 0.14091144502162933, metrics: top1: 0.4 top5: 0.43 top10: 0.396 top50: 0.382 top100: 0.391 top500: 0.49
2024-05-25 15:01:15.114 | INFO     | __main__:<module>:93 - epoch: 7, loss: 0.13933202624320984, metrics: top1: 0.4 top5: 0.43 top10: 0.396 top50: 0.382 top100: 0.391 top500: 0.49
2024-05-25 15:01:15.130 | INFO     | __main__:<module>:93 - epoch: 7, loss: 0.1375044882297516, metrics: top1: 0.4 top5: 0.43 top10: 0.396 top50: 0.382 top100: 0.391 top500: 0.49
2024-05-25 15:01:15.146 | INFO     | __main__:<module>:93 - epoch: 7, loss: 0.12940043210983276, metrics: top1: 0.4 top5: 0.43 top10: 0.396 top50: 0.382 top100: 0.391 top500: 0.49
2024-05-25 15:01:15.163 | INFO     | __main__:<module>:93 - epoch: 7, loss: 0.14217790961265564, metrics: top1: 0.4 top5: 0.43 top10: 0.396 top50: 0.382 top100: 0.391 top500: 0.49
2024-05-25 15:01:15.180 | INFO     | __main__:<module>:93 - epoch: 7, loss: 0.138918936252594, metrics: top1: 0.4 top5: 0.43 top10: 0.396 top50: 0.382 top100: 0.391 top500: 0.49
2024-05-25 15:01:15.205 | INFO     | __main__:<module>:93 - epoch: 7, loss: 0.13992840051651, metrics: top1: 0.4 top5: 0.43 top10: 0.396 top50: 0.382 top100: 0.391 top500: 0.49
2024-05-25 15:01:15.231 | INFO     | __main__:<module>:93 - epoch: 7, loss: 0.1305890679359436, metrics: top1: 0.4 top5: 0.43 top10: 0.396 top50: 0.382 top100: 0.391 top500: 0.49
2024-05-25 15:01:15.261 | INFO     | __main__:<module>:93 - epoch: 7, loss: 0.1325770765542984, metrics: top1: 0.4 top5: 0.43 top10: 0.396 top50: 0.382 top100: 0.391 top500: 0.49
2024-05-25 15:01:15.292 | INFO     | __main__:<module>:93 - epoch: 7, loss: 0.12720134854316711, metrics: top1: 0.4 top5: 0.43 top10: 0.396 top50: 0.382 top100: 0.391 top500: 0.49
2024-05-25 15:01:15.305 | INFO     | __main__:<module>:93 - epoch: 7, loss: 0.10831517726182938, metrics: top1: 0.4 top5: 0.43 top10: 0.396 top50: 0.382 top100: 0.391 top500: 0.49
2024-05-25 15:01:15.504 | INFO     | __main__:<module>:93 - epoch: 8, loss: 0.17761196196079254, metrics: top1: 0.4 top5: 0.43 top10: 0.396 top50: 0.382 top100: 0.391 top500: 0.49
2024-05-25 15:01:15.529 | INFO     | __main__:<module>:93 - epoch: 8, loss: 0.13165581226348877, metrics: top1: 0.4 top5: 0.43 top10: 0.396 top50: 0.382 top100: 0.391 top500: 0.49
2024-05-25 15:01:15.553 | INFO     | __main__:<module>:93 - epoch: 8, loss: 0.13554053008556366, metrics: top1: 0.4 top5: 0.43 top10: 0.396 top50: 0.382 top100: 0.391 top500: 0.49
2024-05-25 15:01:15.572 | INFO     | __main__:<module>:93 - epoch: 8, loss: 0.13042917847633362, metrics: top1: 0.4 top5: 0.43 top10: 0.396 top50: 0.382 top100: 0.391 top500: 0.49
2024-05-25 15:01:15.588 | INFO     | __main__:<module>:93 - epoch: 8, loss: 0.11913800239562988, metrics: top1: 0.4 top5: 0.43 top10: 0.396 top50: 0.382 top100: 0.391 top500: 0.49
2024-05-25 15:01:15.602 | INFO     | __main__:<module>:93 - epoch: 8, loss: 0.14669519662857056, metrics: top1: 0.4 top5: 0.43 top10: 0.396 top50: 0.382 top100: 0.391 top500: 0.49
2024-05-25 15:01:15.617 | INFO     | __main__:<module>:93 - epoch: 8, loss: 0.1482982337474823, metrics: top1: 0.4 top5: 0.43 top10: 0.396 top50: 0.382 top100: 0.391 top500: 0.49
2024-05-25 15:01:15.634 | INFO     | __main__:<module>:93 - epoch: 8, loss: 0.16218066215515137, metrics: top1: 0.4 top5: 0.43 top10: 0.396 top50: 0.382 top100: 0.391 top500: 0.49
2024-05-25 15:01:15.651 | INFO     | __main__:<module>:93 - epoch: 8, loss: 0.12559977173805237, metrics: top1: 0.4 top5: 0.43 top10: 0.396 top50: 0.382 top100: 0.391 top500: 0.49
2024-05-25 15:01:15.668 | INFO     | __main__:<module>:93 - epoch: 8, loss: 0.11535483598709106, metrics: top1: 0.4 top5: 0.43 top10: 0.396 top50: 0.382 top100: 0.391 top500: 0.49
2024-05-25 15:01:15.685 | INFO     | __main__:<module>:93 - epoch: 8, loss: 0.12405742704868317, metrics: top1: 0.4 top5: 0.43 top10: 0.396 top50: 0.382 top100: 0.391 top500: 0.49
2024-05-25 15:01:15.700 | INFO     | __main__:<module>:93 - epoch: 8, loss: 0.12710462510585785, metrics: top1: 0.4 top5: 0.43 top10: 0.396 top50: 0.382 top100: 0.391 top500: 0.49
2024-05-25 15:01:15.717 | INFO     | __main__:<module>:93 - epoch: 8, loss: 0.11785738170146942, metrics: top1: 0.4 top5: 0.43 top10: 0.396 top50: 0.382 top100: 0.391 top500: 0.49
2024-05-25 15:01:15.734 | INFO     | __main__:<module>:93 - epoch: 8, loss: 0.12369838356971741, metrics: top1: 0.4 top5: 0.43 top10: 0.396 top50: 0.382 top100: 0.391 top500: 0.49
2024-05-25 15:01:15.758 | INFO     | __main__:<module>:93 - epoch: 8, loss: 0.11873877048492432, metrics: top1: 0.4 top5: 0.43 top10: 0.396 top50: 0.382 top100: 0.391 top500: 0.49
2024-05-25 15:01:15.775 | INFO     | __main__:<module>:93 - epoch: 8, loss: 0.11141791194677353, metrics: top1: 0.4 top5: 0.43 top10: 0.396 top50: 0.382 top100: 0.391 top500: 0.49
2024-05-25 15:01:15.794 | INFO     | __main__:<module>:93 - epoch: 8, loss: 0.1265963315963745, metrics: top1: 0.4 top5: 0.43 top10: 0.396 top50: 0.382 top100: 0.391 top500: 0.49
2024-05-25 15:01:15.813 | INFO     | __main__:<module>:93 - epoch: 8, loss: 0.1546943187713623, metrics: top1: 0.4 top5: 0.43 top10: 0.396 top50: 0.382 top100: 0.391 top500: 0.49
2024-05-25 15:01:15.829 | INFO     | __main__:<module>:93 - epoch: 8, loss: 0.12847431004047394, metrics: top1: 0.4 top5: 0.43 top10: 0.396 top50: 0.382 top100: 0.391 top500: 0.49
2024-05-25 15:01:15.848 | INFO     | __main__:<module>:93 - epoch: 8, loss: 0.13701075315475464, metrics: top1: 0.4 top5: 0.43 top10: 0.396 top50: 0.382 top100: 0.391 top500: 0.49
2024-05-25 15:01:15.863 | INFO     | __main__:<module>:93 - epoch: 8, loss: 0.1193109080195427, metrics: top1: 0.4 top5: 0.43 top10: 0.396 top50: 0.382 top100: 0.391 top500: 0.49
2024-05-25 15:01:15.880 | INFO     | __main__:<module>:93 - epoch: 8, loss: 0.12519720196723938, metrics: top1: 0.4 top5: 0.43 top10: 0.396 top50: 0.382 top100: 0.391 top500: 0.49
2024-05-25 15:01:15.897 | INFO     | __main__:<module>:93 - epoch: 8, loss: 0.11423487961292267, metrics: top1: 0.4 top5: 0.43 top10: 0.396 top50: 0.382 top100: 0.391 top500: 0.49
2024-05-25 15:01:15.908 | INFO     | __main__:<module>:93 - epoch: 8, loss: 0.1246684342622757, metrics: top1: 0.4 top5: 0.43 top10: 0.396 top50: 0.382 top100: 0.391 top500: 0.49
2024-05-25 15:01:16.100 | INFO     | __main__:<module>:93 - epoch: 9, loss: 0.11231861263513565, metrics: top1: 0.4 top5: 0.43 top10: 0.396 top50: 0.382 top100: 0.391 top500: 0.49
2024-05-25 15:01:16.134 | INFO     | __main__:<module>:93 - epoch: 9, loss: 0.1170603409409523, metrics: top1: 0.4 top5: 0.43 top10: 0.396 top50: 0.382 top100: 0.391 top500: 0.49
2024-05-25 15:01:16.172 | INFO     | __main__:<module>:93 - epoch: 9, loss: 0.1375158429145813, metrics: top1: 0.4 top5: 0.43 top10: 0.396 top50: 0.382 top100: 0.391 top500: 0.49
2024-05-25 15:01:16.191 | INFO     | __main__:<module>:93 - epoch: 9, loss: 0.1321549415588379, metrics: top1: 0.4 top5: 0.43 top10: 0.396 top50: 0.382 top100: 0.391 top500: 0.49
2024-05-25 15:01:16.219 | INFO     | __main__:<module>:93 - epoch: 9, loss: 0.11785152554512024, metrics: top1: 0.4 top5: 0.43 top10: 0.396 top50: 0.382 top100: 0.391 top500: 0.49
2024-05-25 15:01:16.240 | INFO     | __main__:<module>:93 - epoch: 9, loss: 0.11266814917325974, metrics: top1: 0.4 top5: 0.43 top10: 0.396 top50: 0.382 top100: 0.391 top500: 0.49
2024-05-25 15:01:16.277 | INFO     | __main__:<module>:93 - epoch: 9, loss: 0.10441531985998154, metrics: top1: 0.4 top5: 0.43 top10: 0.396 top50: 0.382 top100: 0.391 top500: 0.49
2024-05-25 15:01:16.299 | INFO     | __main__:<module>:93 - epoch: 9, loss: 0.11835648864507675, metrics: top1: 0.4 top5: 0.43 top10: 0.396 top50: 0.382 top100: 0.391 top500: 0.49
2024-05-25 15:01:16.318 | INFO     | __main__:<module>:93 - epoch: 9, loss: 0.11384501308202744, metrics: top1: 0.4 top5: 0.43 top10: 0.396 top50: 0.382 top100: 0.391 top500: 0.49
2024-05-25 15:01:16.335 | INFO     | __main__:<module>:93 - epoch: 9, loss: 0.12611809372901917, metrics: top1: 0.4 top5: 0.43 top10: 0.396 top50: 0.382 top100: 0.391 top500: 0.49
2024-05-25 15:01:16.365 | INFO     | __main__:<module>:93 - epoch: 9, loss: 0.12721189856529236, metrics: top1: 0.4 top5: 0.43 top10: 0.396 top50: 0.382 top100: 0.391 top500: 0.49
2024-05-25 15:01:16.390 | INFO     | __main__:<module>:93 - epoch: 9, loss: 0.15288065373897552, metrics: top1: 0.4 top5: 0.43 top10: 0.396 top50: 0.382 top100: 0.391 top500: 0.49
2024-05-25 15:01:16.415 | INFO     | __main__:<module>:93 - epoch: 9, loss: 0.135453999042511, metrics: top1: 0.4 top5: 0.43 top10: 0.396 top50: 0.382 top100: 0.391 top500: 0.49
2024-05-25 15:01:16.434 | INFO     | __main__:<module>:93 - epoch: 9, loss: 0.1189664751291275, metrics: top1: 0.4 top5: 0.43 top10: 0.396 top50: 0.382 top100: 0.391 top500: 0.49
2024-05-25 15:01:16.451 | INFO     | __main__:<module>:93 - epoch: 9, loss: 0.12697529792785645, metrics: top1: 0.4 top5: 0.43 top10: 0.396 top50: 0.382 top100: 0.391 top500: 0.49
2024-05-25 15:01:16.480 | INFO     | __main__:<module>:93 - epoch: 9, loss: 0.13378944993019104, metrics: top1: 0.4 top5: 0.43 top10: 0.396 top50: 0.382 top100: 0.391 top500: 0.49
2024-05-25 15:01:16.498 | INFO     | __main__:<module>:93 - epoch: 9, loss: 0.11924362182617188, metrics: top1: 0.4 top5: 0.43 top10: 0.396 top50: 0.382 top100: 0.391 top500: 0.49
2024-05-25 15:01:16.528 | INFO     | __main__:<module>:93 - epoch: 9, loss: 0.13502848148345947, metrics: top1: 0.4 top5: 0.43 top10: 0.396 top50: 0.382 top100: 0.391 top500: 0.49
2024-05-25 15:01:16.548 | INFO     | __main__:<module>:93 - epoch: 9, loss: 0.13313665986061096, metrics: top1: 0.4 top5: 0.43 top10: 0.396 top50: 0.382 top100: 0.391 top500: 0.49
2024-05-25 15:01:16.565 | INFO     | __main__:<module>:93 - epoch: 9, loss: 0.11853250861167908, metrics: top1: 0.4 top5: 0.43 top10: 0.396 top50: 0.382 top100: 0.391 top500: 0.49
2024-05-25 15:01:16.582 | INFO     | __main__:<module>:93 - epoch: 9, loss: 0.12144485116004944, metrics: top1: 0.4 top5: 0.43 top10: 0.396 top50: 0.382 top100: 0.391 top500: 0.49
2024-05-25 15:01:16.598 | INFO     | __main__:<module>:93 - epoch: 9, loss: 0.11546245217323303, metrics: top1: 0.4 top5: 0.43 top10: 0.396 top50: 0.382 top100: 0.391 top500: 0.49
2024-05-25 15:01:16.627 | INFO     | __main__:<module>:93 - epoch: 9, loss: 0.12116509675979614, metrics: top1: 0.4 top5: 0.43 top10: 0.396 top50: 0.382 top100: 0.391 top500: 0.49
2024-05-25 15:01:16.639 | INFO     | __main__:<module>:93 - epoch: 9, loss: 0.11639709770679474, metrics: top1: 0.4 top5: 0.43 top10: 0.396 top50: 0.382 top100: 0.391 top500: 0.49
